/opt/conda/envs/albef-ab/lib/python3.8/site-packages/torch/distributed/launch.py:181: FutureWarning: The module torch.distributed.launch is deprecated
and will be removed in future. Use torchrun.
Note that --use-env is set by default in torchrun.
If your script expects `--local-rank` argument to be set, please
change it to read from `os.environ['LOCAL_RANK']` instead. See 
https://pytorch.org/docs/stable/distributed.html#launch-utility for 
further instructions

  warnings.warn(
WARNING:torch.distributed.run:
*****************************************
Setting OMP_NUM_THREADS environment variable for each process to be 1 in default, to avoid your system being overloaded, please further tune the variable for optimal performance in your application as needed. 
*****************************************
| distributed init (rank 3): env://
| distributed init (rank 2): env://
| distributed init (rank 1): env://
| distributed init (rank 0): env://
Creating retrieval dataset
Creating model
load checkpoint from /nlp_group/wuxing/ALBEF/output/Pretrain_zh/succ_model/checkpoint_29.pth
_IncompatibleKeys(missing_keys=[], unexpected_keys=['image_queue', 'text_queue', 'queue_ptr', 'vision_proj.weight', 'vision_proj.bias', 'text_proj.weight', 'text_proj.bias', 'visual_encoder_m.cls_token', 'visual_encoder_m.pos_embed', 'visual_encoder_m.patch_embed.proj.weight', 'visual_encoder_m.patch_embed.proj.bias', 'visual_encoder_m.blocks.0.norm1.weight', 'visual_encoder_m.blocks.0.norm1.bias', 'visual_encoder_m.blocks.0.attn.qkv.weight', 'visual_encoder_m.blocks.0.attn.qkv.bias', 'visual_encoder_m.blocks.0.attn.proj.weight', 'visual_encoder_m.blocks.0.attn.proj.bias', 'visual_encoder_m.blocks.0.norm2.weight', 'visual_encoder_m.blocks.0.norm2.bias', 'visual_encoder_m.blocks.0.mlp.fc1.weight', 'visual_encoder_m.blocks.0.mlp.fc1.bias', 'visual_encoder_m.blocks.0.mlp.fc2.weight', 'visual_encoder_m.blocks.0.mlp.fc2.bias', 'visual_encoder_m.blocks.1.norm1.weight', 'visual_encoder_m.blocks.1.norm1.bias', 'visual_encoder_m.blocks.1.attn.qkv.weight', 'visual_encoder_m.blocks.1.attn.qkv.bias', 'visual_encoder_m.blocks.1.attn.proj.weight', 'visual_encoder_m.blocks.1.attn.proj.bias', 'visual_encoder_m.blocks.1.norm2.weight', 'visual_encoder_m.blocks.1.norm2.bias', 'visual_encoder_m.blocks.1.mlp.fc1.weight', 'visual_encoder_m.blocks.1.mlp.fc1.bias', 'visual_encoder_m.blocks.1.mlp.fc2.weight', 'visual_encoder_m.blocks.1.mlp.fc2.bias', 'visual_encoder_m.blocks.2.norm1.weight', 'visual_encoder_m.blocks.2.norm1.bias', 'visual_encoder_m.blocks.2.attn.qkv.weight', 'visual_encoder_m.blocks.2.attn.qkv.bias', 'visual_encoder_m.blocks.2.attn.proj.weight', 'visual_encoder_m.blocks.2.attn.proj.bias', 'visual_encoder_m.blocks.2.norm2.weight', 'visual_encoder_m.blocks.2.norm2.bias', 'visual_encoder_m.blocks.2.mlp.fc1.weight', 'visual_encoder_m.blocks.2.mlp.fc1.bias', 'visual_encoder_m.blocks.2.mlp.fc2.weight', 'visual_encoder_m.blocks.2.mlp.fc2.bias', 'visual_encoder_m.blocks.3.norm1.weight', 'visual_encoder_m.blocks.3.norm1.bias', 'visual_encoder_m.blocks.3.attn.qkv.weight', 'visual_encoder_m.blocks.3.attn.qkv.bias', 'visual_encoder_m.blocks.3.attn.proj.weight', 'visual_encoder_m.blocks.3.attn.proj.bias', 'visual_encoder_m.blocks.3.norm2.weight', 'visual_encoder_m.blocks.3.norm2.bias', 'visual_encoder_m.blocks.3.mlp.fc1.weight', 'visual_encoder_m.blocks.3.mlp.fc1.bias', 'visual_encoder_m.blocks.3.mlp.fc2.weight', 'visual_encoder_m.blocks.3.mlp.fc2.bias', 'visual_encoder_m.blocks.4.norm1.weight', 'visual_encoder_m.blocks.4.norm1.bias', 'visual_encoder_m.blocks.4.attn.qkv.weight', 'visual_encoder_m.blocks.4.attn.qkv.bias', 'visual_encoder_m.blocks.4.attn.proj.weight', 'visual_encoder_m.blocks.4.attn.proj.bias', 'visual_encoder_m.blocks.4.norm2.weight', 'visual_encoder_m.blocks.4.norm2.bias', 'visual_encoder_m.blocks.4.mlp.fc1.weight', 'visual_encoder_m.blocks.4.mlp.fc1.bias', 'visual_encoder_m.blocks.4.mlp.fc2.weight', 'visual_encoder_m.blocks.4.mlp.fc2.bias', 'visual_encoder_m.blocks.5.norm1.weight', 'visual_encoder_m.blocks.5.norm1.bias', 'visual_encoder_m.blocks.5.attn.qkv.weight', 'visual_encoder_m.blocks.5.attn.qkv.bias', 'visual_encoder_m.blocks.5.attn.proj.weight', 'visual_encoder_m.blocks.5.attn.proj.bias', 'visual_encoder_m.blocks.5.norm2.weight', 'visual_encoder_m.blocks.5.norm2.bias', 'visual_encoder_m.blocks.5.mlp.fc1.weight', 'visual_encoder_m.blocks.5.mlp.fc1.bias', 'visual_encoder_m.blocks.5.mlp.fc2.weight', 'visual_encoder_m.blocks.5.mlp.fc2.bias', 'visual_encoder_m.blocks.6.norm1.weight', 'visual_encoder_m.blocks.6.norm1.bias', 'visual_encoder_m.blocks.6.attn.qkv.weight', 'visual_encoder_m.blocks.6.attn.qkv.bias', 'visual_encoder_m.blocks.6.attn.proj.weight', 'visual_encoder_m.blocks.6.attn.proj.bias', 'visual_encoder_m.blocks.6.norm2.weight', 'visual_encoder_m.blocks.6.norm2.bias', 'visual_encoder_m.blocks.6.mlp.fc1.weight', 'visual_encoder_m.blocks.6.mlp.fc1.bias', 'visual_encoder_m.blocks.6.mlp.fc2.weight', 'visual_encoder_m.blocks.6.mlp.fc2.bias', 'visual_encoder_m.blocks.7.norm1.weight', 'visual_encoder_m.blocks.7.norm1.bias', 'visual_encoder_m.blocks.7.attn.qkv.weight', 'visual_encoder_m.blocks.7.attn.qkv.bias', 'visual_encoder_m.blocks.7.attn.proj.weight', 'visual_encoder_m.blocks.7.attn.proj.bias', 'visual_encoder_m.blocks.7.norm2.weight', 'visual_encoder_m.blocks.7.norm2.bias', 'visual_encoder_m.blocks.7.mlp.fc1.weight', 'visual_encoder_m.blocks.7.mlp.fc1.bias', 'visual_encoder_m.blocks.7.mlp.fc2.weight', 'visual_encoder_m.blocks.7.mlp.fc2.bias', 'visual_encoder_m.blocks.8.norm1.weight', 'visual_encoder_m.blocks.8.norm1.bias', 'visual_encoder_m.blocks.8.attn.qkv.weight', 'visual_encoder_m.blocks.8.attn.qkv.bias', 'visual_encoder_m.blocks.8.attn.proj.weight', 'visual_encoder_m.blocks.8.attn.proj.bias', 'visual_encoder_m.blocks.8.norm2.weight', 'visual_encoder_m.blocks.8.norm2.bias', 'visual_encoder_m.blocks.8.mlp.fc1.weight', 'visual_encoder_m.blocks.8.mlp.fc1.bias', 'visual_encoder_m.blocks.8.mlp.fc2.weight', 'visual_encoder_m.blocks.8.mlp.fc2.bias', 'visual_encoder_m.blocks.9.norm1.weight', 'visual_encoder_m.blocks.9.norm1.bias', 'visual_encoder_m.blocks.9.attn.qkv.weight', 'visual_encoder_m.blocks.9.attn.qkv.bias', 'visual_encoder_m.blocks.9.attn.proj.weight', 'visual_encoder_m.blocks.9.attn.proj.bias', 'visual_encoder_m.blocks.9.norm2.weight', 'visual_encoder_m.blocks.9.norm2.bias', 'visual_encoder_m.blocks.9.mlp.fc1.weight', 'visual_encoder_m.blocks.9.mlp.fc1.bias', 'visual_encoder_m.blocks.9.mlp.fc2.weight', 'visual_encoder_m.blocks.9.mlp.fc2.bias', 'visual_encoder_m.blocks.10.norm1.weight', 'visual_encoder_m.blocks.10.norm1.bias', 'visual_encoder_m.blocks.10.attn.qkv.weight', 'visual_encoder_m.blocks.10.attn.qkv.bias', 'visual_encoder_m.blocks.10.attn.proj.weight', 'visual_encoder_m.blocks.10.attn.proj.bias', 'visual_encoder_m.blocks.10.norm2.weight', 'visual_encoder_m.blocks.10.norm2.bias', 'visual_encoder_m.blocks.10.mlp.fc1.weight', 'visual_encoder_m.blocks.10.mlp.fc1.bias', 'visual_encoder_m.blocks.10.mlp.fc2.weight', 'visual_encoder_m.blocks.10.mlp.fc2.bias', 'visual_encoder_m.blocks.11.norm1.weight', 'visual_encoder_m.blocks.11.norm1.bias', 'visual_encoder_m.blocks.11.attn.qkv.weight', 'visual_encoder_m.blocks.11.attn.qkv.bias', 'visual_encoder_m.blocks.11.attn.proj.weight', 'visual_encoder_m.blocks.11.attn.proj.bias', 'visual_encoder_m.blocks.11.norm2.weight', 'visual_encoder_m.blocks.11.norm2.bias', 'visual_encoder_m.blocks.11.mlp.fc1.weight', 'visual_encoder_m.blocks.11.mlp.fc1.bias', 'visual_encoder_m.blocks.11.mlp.fc2.weight', 'visual_encoder_m.blocks.11.mlp.fc2.bias', 'visual_encoder_m.norm.weight', 'visual_encoder_m.norm.bias', 'vision_proj_m.weight', 'vision_proj_m.bias', 'text_encoder_m.cls.predictions.bias', 'text_encoder_m.cls.predictions.transform.dense.weight', 'text_encoder_m.cls.predictions.transform.dense.bias', 'text_encoder_m.cls.predictions.transform.LayerNorm.weight', 'text_encoder_m.cls.predictions.transform.LayerNorm.bias', 'text_encoder_m.cls.predictions.decoder.weight', 'text_encoder_m.cls.predictions.decoder.bias', 'text_proj_m.weight', 'text_proj_m.bias', 'text_encoder_m.embeddings.position_ids', 'text_encoder_m.embeddings.word_embeddings.weight', 'text_encoder_m.embeddings.position_embeddings.weight', 'text_encoder_m.embeddings.token_type_embeddings.weight', 'text_encoder_m.embeddings.LayerNorm.weight', 'text_encoder_m.embeddings.LayerNorm.bias', 'text_encoder_m.encoder.layer.0.attention.self.query.weight', 'text_encoder_m.encoder.layer.0.attention.self.query.bias', 'text_encoder_m.encoder.layer.0.attention.self.key.weight', 'text_encoder_m.encoder.layer.0.attention.self.key.bias', 'text_encoder_m.encoder.layer.0.attention.self.value.weight', 'text_encoder_m.encoder.layer.0.attention.self.value.bias', 'text_encoder_m.encoder.layer.0.attention.output.dense.weight', 'text_encoder_m.encoder.layer.0.attention.output.dense.bias', 'text_encoder_m.encoder.layer.0.attention.output.LayerNorm.weight', 'text_encoder_m.encoder.layer.0.attention.output.LayerNorm.bias', 'text_encoder_m.encoder.layer.0.intermediate.dense.weight', 'text_encoder_m.encoder.layer.0.intermediate.dense.bias', 'text_encoder_m.encoder.layer.0.output.dense.weight', 'text_encoder_m.encoder.layer.0.output.dense.bias', 'text_encoder_m.encoder.layer.0.output.LayerNorm.weight', 'text_encoder_m.encoder.layer.0.output.LayerNorm.bias', 'text_encoder_m.encoder.layer.1.attention.self.query.weight', 'text_encoder_m.encoder.layer.1.attention.self.query.bias', 'text_encoder_m.encoder.layer.1.attention.self.key.weight', 'text_encoder_m.encoder.layer.1.attention.self.key.bias', 'text_encoder_m.encoder.layer.1.attention.self.value.weight', 'text_encoder_m.encoder.layer.1.attention.self.value.bias', 'text_encoder_m.encoder.layer.1.attention.output.dense.weight', 'text_encoder_m.encoder.layer.1.attention.output.dense.bias', 'text_encoder_m.encoder.layer.1.attention.output.LayerNorm.weight', 'text_encoder_m.encoder.layer.1.attention.output.LayerNorm.bias', 'text_encoder_m.encoder.layer.1.intermediate.dense.weight', 'text_encoder_m.encoder.layer.1.intermediate.dense.bias', 'text_encoder_m.encoder.layer.1.output.dense.weight', 'text_encoder_m.encoder.layer.1.output.dense.bias', 'text_encoder_m.encoder.layer.1.output.LayerNorm.weight', 'text_encoder_m.encoder.layer.1.output.LayerNorm.bias', 'text_encoder_m.encoder.layer.2.attention.self.query.weight', 'text_encoder_m.encoder.layer.2.attention.self.query.bias', 'text_encoder_m.encoder.layer.2.attention.self.key.weight', 'text_encoder_m.encoder.layer.2.attention.self.key.bias', 'text_encoder_m.encoder.layer.2.attention.self.value.weight', 'text_encoder_m.encoder.layer.2.attention.self.value.bias', 'text_encoder_m.encoder.layer.2.attention.output.dense.weight', 'text_encoder_m.encoder.layer.2.attention.output.dense.bias', 'text_encoder_m.encoder.layer.2.attention.output.LayerNorm.weight', 'text_encoder_m.encoder.layer.2.attention.output.LayerNorm.bias', 'text_encoder_m.encoder.layer.2.intermediate.dense.weight', 'text_encoder_m.encoder.layer.2.intermediate.dense.bias', 'text_encoder_m.encoder.layer.2.output.dense.weight', 'text_encoder_m.encoder.layer.2.output.dense.bias', 'text_encoder_m.encoder.layer.2.output.LayerNorm.weight', 'text_encoder_m.encoder.layer.2.output.LayerNorm.bias', 'text_encoder_m.encoder.layer.3.attention.self.query.weight', 'text_encoder_m.encoder.layer.3.attention.self.query.bias', 'text_encoder_m.encoder.layer.3.attention.self.key.weight', 'text_encoder_m.encoder.layer.3.attention.self.key.bias', 'text_encoder_m.encoder.layer.3.attention.self.value.weight', 'text_encoder_m.encoder.layer.3.attention.self.value.bias', 'text_encoder_m.encoder.layer.3.attention.output.dense.weight', 'text_encoder_m.encoder.layer.3.attention.output.dense.bias', 'text_encoder_m.encoder.layer.3.attention.output.LayerNorm.weight', 'text_encoder_m.encoder.layer.3.attention.output.LayerNorm.bias', 'text_encoder_m.encoder.layer.3.intermediate.dense.weight', 'text_encoder_m.encoder.layer.3.intermediate.dense.bias', 'text_encoder_m.encoder.layer.3.output.dense.weight', 'text_encoder_m.encoder.layer.3.output.dense.bias', 'text_encoder_m.encoder.layer.3.output.LayerNorm.weight', 'text_encoder_m.encoder.layer.3.output.LayerNorm.bias', 'text_encoder_m.encoder.layer.4.attention.self.query.weight', 'text_encoder_m.encoder.layer.4.attention.self.query.bias', 'text_encoder_m.encoder.layer.4.attention.self.key.weight', 'text_encoder_m.encoder.layer.4.attention.self.key.bias', 'text_encoder_m.encoder.layer.4.attention.self.value.weight', 'text_encoder_m.encoder.layer.4.attention.self.value.bias', 'text_encoder_m.encoder.layer.4.attention.output.dense.weight', 'text_encoder_m.encoder.layer.4.attention.output.dense.bias', 'text_encoder_m.encoder.layer.4.attention.output.LayerNorm.weight', 'text_encoder_m.encoder.layer.4.attention.output.LayerNorm.bias', 'text_encoder_m.encoder.layer.4.intermediate.dense.weight', 'text_encoder_m.encoder.layer.4.intermediate.dense.bias', 'text_encoder_m.encoder.layer.4.output.dense.weight', 'text_encoder_m.encoder.layer.4.output.dense.bias', 'text_encoder_m.encoder.layer.4.output.LayerNorm.weight', 'text_encoder_m.encoder.layer.4.output.LayerNorm.bias', 'text_encoder_m.encoder.layer.5.attention.self.query.weight', 'text_encoder_m.encoder.layer.5.attention.self.query.bias', 'text_encoder_m.encoder.layer.5.attention.self.key.weight', 'text_encoder_m.encoder.layer.5.attention.self.key.bias', 'text_encoder_m.encoder.layer.5.attention.self.value.weight', 'text_encoder_m.encoder.layer.5.attention.self.value.bias', 'text_encoder_m.encoder.layer.5.attention.output.dense.weight', 'text_encoder_m.encoder.layer.5.attention.output.dense.bias', 'text_encoder_m.encoder.layer.5.attention.output.LayerNorm.weight', 'text_encoder_m.encoder.layer.5.attention.output.LayerNorm.bias', 'text_encoder_m.encoder.layer.5.intermediate.dense.weight', 'text_encoder_m.encoder.layer.5.intermediate.dense.bias', 'text_encoder_m.encoder.layer.5.output.dense.weight', 'text_encoder_m.encoder.layer.5.output.dense.bias', 'text_encoder_m.encoder.layer.5.output.LayerNorm.weight', 'text_encoder_m.encoder.layer.5.output.LayerNorm.bias', 'text_encoder_m.encoder.layer.6.attention.self.query.weight', 'text_encoder_m.encoder.layer.6.attention.self.query.bias', 'text_encoder_m.encoder.layer.6.attention.self.key.weight', 'text_encoder_m.encoder.layer.6.attention.self.key.bias', 'text_encoder_m.encoder.layer.6.attention.self.value.weight', 'text_encoder_m.encoder.layer.6.attention.self.value.bias', 'text_encoder_m.encoder.layer.6.attention.output.dense.weight', 'text_encoder_m.encoder.layer.6.attention.output.dense.bias', 'text_encoder_m.encoder.layer.6.attention.output.LayerNorm.weight', 'text_encoder_m.encoder.layer.6.attention.output.LayerNorm.bias', 'text_encoder_m.encoder.layer.6.crossattention.self.query.weight', 'text_encoder_m.encoder.layer.6.crossattention.self.query.bias', 'text_encoder_m.encoder.layer.6.crossattention.self.key.weight', 'text_encoder_m.encoder.layer.6.crossattention.self.key.bias', 'text_encoder_m.encoder.layer.6.crossattention.self.value.weight', 'text_encoder_m.encoder.layer.6.crossattention.self.value.bias', 'text_encoder_m.encoder.layer.6.crossattention.output.dense.weight', 'text_encoder_m.encoder.layer.6.crossattention.output.dense.bias', 'text_encoder_m.encoder.layer.6.crossattention.output.LayerNorm.weight', 'text_encoder_m.encoder.layer.6.crossattention.output.LayerNorm.bias', 'text_encoder_m.encoder.layer.6.intermediate.dense.weight', 'text_encoder_m.encoder.layer.6.intermediate.dense.bias', 'text_encoder_m.encoder.layer.6.output.dense.weight', 'text_encoder_m.encoder.layer.6.output.dense.bias', 'text_encoder_m.encoder.layer.6.output.LayerNorm.weight', 'text_encoder_m.encoder.layer.6.output.LayerNorm.bias', 'text_encoder_m.encoder.layer.7.attention.self.query.weight', 'text_encoder_m.encoder.layer.7.attention.self.query.bias', 'text_encoder_m.encoder.layer.7.attention.self.key.weight', 'text_encoder_m.encoder.layer.7.attention.self.key.bias', 'text_encoder_m.encoder.layer.7.attention.self.value.weight', 'text_encoder_m.encoder.layer.7.attention.self.value.bias', 'text_encoder_m.encoder.layer.7.attention.output.dense.weight', 'text_encoder_m.encoder.layer.7.attention.output.dense.bias', 'text_encoder_m.encoder.layer.7.attention.output.LayerNorm.weight', 'text_encoder_m.encoder.layer.7.attention.output.LayerNorm.bias', 'text_encoder_m.encoder.layer.7.crossattention.self.query.weight', 'text_encoder_m.encoder.layer.7.crossattention.self.query.bias', 'text_encoder_m.encoder.layer.7.crossattention.self.key.weight', 'text_encoder_m.encoder.layer.7.crossattention.self.key.bias', 'text_encoder_m.encoder.layer.7.crossattention.self.value.weight', 'text_encoder_m.encoder.layer.7.crossattention.self.value.bias', 'text_encoder_m.encoder.layer.7.crossattention.output.dense.weight', 'text_encoder_m.encoder.layer.7.crossattention.output.dense.bias', 'text_encoder_m.encoder.layer.7.crossattention.output.LayerNorm.weight', 'text_encoder_m.encoder.layer.7.crossattention.output.LayerNorm.bias', 'text_encoder_m.encoder.layer.7.intermediate.dense.weight', 'text_encoder_m.encoder.layer.7.intermediate.dense.bias', 'text_encoder_m.encoder.layer.7.output.dense.weight', 'text_encoder_m.encoder.layer.7.output.dense.bias', 'text_encoder_m.encoder.layer.7.output.LayerNorm.weight', 'text_encoder_m.encoder.layer.7.output.LayerNorm.bias', 'text_encoder_m.encoder.layer.8.attention.self.query.weight', 'text_encoder_m.encoder.layer.8.attention.self.query.bias', 'text_encoder_m.encoder.layer.8.attention.self.key.weight', 'text_encoder_m.encoder.layer.8.attention.self.key.bias', 'text_encoder_m.encoder.layer.8.attention.self.value.weight', 'text_encoder_m.encoder.layer.8.attention.self.value.bias', 'text_encoder_m.encoder.layer.8.attention.output.dense.weight', 'text_encoder_m.encoder.layer.8.attention.output.dense.bias', 'text_encoder_m.encoder.layer.8.attention.output.LayerNorm.weight', 'text_encoder_m.encoder.layer.8.attention.output.LayerNorm.bias', 'text_encoder_m.encoder.layer.8.crossattention.self.query.weight', 'text_encoder_m.encoder.layer.8.crossattention.self.query.bias', 'text_encoder_m.encoder.layer.8.crossattention.self.key.weight', 'text_encoder_m.encoder.layer.8.crossattention.self.key.bias', 'text_encoder_m.encoder.layer.8.crossattention.self.value.weight', 'text_encoder_m.encoder.layer.8.crossattention.self.value.bias', 'text_encoder_m.encoder.layer.8.crossattention.output.dense.weight', 'text_encoder_m.encoder.layer.8.crossattention.output.dense.bias', 'text_encoder_m.encoder.layer.8.crossattention.output.LayerNorm.weight', 'text_encoder_m.encoder.layer.8.crossattention.output.LayerNorm.bias', 'text_encoder_m.encoder.layer.8.intermediate.dense.weight', 'text_encoder_m.encoder.layer.8.intermediate.dense.bias', 'text_encoder_m.encoder.layer.8.output.dense.weight', 'text_encoder_m.encoder.layer.8.output.dense.bias', 'text_encoder_m.encoder.layer.8.output.LayerNorm.weight', 'text_encoder_m.encoder.layer.8.output.LayerNorm.bias', 'text_encoder_m.encoder.layer.9.attention.self.query.weight', 'text_encoder_m.encoder.layer.9.attention.self.query.bias', 'text_encoder_m.encoder.layer.9.attention.self.key.weight', 'text_encoder_m.encoder.layer.9.attention.self.key.bias', 'text_encoder_m.encoder.layer.9.attention.self.value.weight', 'text_encoder_m.encoder.layer.9.attention.self.value.bias', 'text_encoder_m.encoder.layer.9.attention.output.dense.weight', 'text_encoder_m.encoder.layer.9.attention.output.dense.bias', 'text_encoder_m.encoder.layer.9.attention.output.LayerNorm.weight', 'text_encoder_m.encoder.layer.9.attention.output.LayerNorm.bias', 'text_encoder_m.encoder.layer.9.crossattention.self.query.weight', 'text_encoder_m.encoder.layer.9.crossattention.self.query.bias', 'text_encoder_m.encoder.layer.9.crossattention.self.key.weight', 'text_encoder_m.encoder.layer.9.crossattention.self.key.bias', 'text_encoder_m.encoder.layer.9.crossattention.self.value.weight', 'text_encoder_m.encoder.layer.9.crossattention.self.value.bias', 'text_encoder_m.encoder.layer.9.crossattention.output.dense.weight', 'text_encoder_m.encoder.layer.9.crossattention.output.dense.bias', 'text_encoder_m.encoder.layer.9.crossattention.output.LayerNorm.weight', 'text_encoder_m.encoder.layer.9.crossattention.output.LayerNorm.bias', 'text_encoder_m.encoder.layer.9.intermediate.dense.weight', 'text_encoder_m.encoder.layer.9.intermediate.dense.bias', 'text_encoder_m.encoder.layer.9.output.dense.weight', 'text_encoder_m.encoder.layer.9.output.dense.bias', 'text_encoder_m.encoder.layer.9.output.LayerNorm.weight', 'text_encoder_m.encoder.layer.9.output.LayerNorm.bias', 'text_encoder_m.encoder.layer.10.attention.self.query.weight', 'text_encoder_m.encoder.layer.10.attention.self.query.bias', 'text_encoder_m.encoder.layer.10.attention.self.key.weight', 'text_encoder_m.encoder.layer.10.attention.self.key.bias', 'text_encoder_m.encoder.layer.10.attention.self.value.weight', 'text_encoder_m.encoder.layer.10.attention.self.value.bias', 'text_encoder_m.encoder.layer.10.attention.output.dense.weight', 'text_encoder_m.encoder.layer.10.attention.output.dense.bias', 'text_encoder_m.encoder.layer.10.attention.output.LayerNorm.weight', 'text_encoder_m.encoder.layer.10.attention.output.LayerNorm.bias', 'text_encoder_m.encoder.layer.10.crossattention.self.query.weight', 'text_encoder_m.encoder.layer.10.crossattention.self.query.bias', 'text_encoder_m.encoder.layer.10.crossattention.self.key.weight', 'text_encoder_m.encoder.layer.10.crossattention.self.key.bias', 'text_encoder_m.encoder.layer.10.crossattention.self.value.weight', 'text_encoder_m.encoder.layer.10.crossattention.self.value.bias', 'text_encoder_m.encoder.layer.10.crossattention.output.dense.weight', 'text_encoder_m.encoder.layer.10.crossattention.output.dense.bias', 'text_encoder_m.encoder.layer.10.crossattention.output.LayerNorm.weight', 'text_encoder_m.encoder.layer.10.crossattention.output.LayerNorm.bias', 'text_encoder_m.encoder.layer.10.intermediate.dense.weight', 'text_encoder_m.encoder.layer.10.intermediate.dense.bias', 'text_encoder_m.encoder.layer.10.output.dense.weight', 'text_encoder_m.encoder.layer.10.output.dense.bias', 'text_encoder_m.encoder.layer.10.output.LayerNorm.weight', 'text_encoder_m.encoder.layer.10.output.LayerNorm.bias', 'text_encoder_m.encoder.layer.11.attention.self.query.weight', 'text_encoder_m.encoder.layer.11.attention.self.query.bias', 'text_encoder_m.encoder.layer.11.attention.self.key.weight', 'text_encoder_m.encoder.layer.11.attention.self.key.bias', 'text_encoder_m.encoder.layer.11.attention.self.value.weight', 'text_encoder_m.encoder.layer.11.attention.self.value.bias', 'text_encoder_m.encoder.layer.11.attention.output.dense.weight', 'text_encoder_m.encoder.layer.11.attention.output.dense.bias', 'text_encoder_m.encoder.layer.11.attention.output.LayerNorm.weight', 'text_encoder_m.encoder.layer.11.attention.output.LayerNorm.bias', 'text_encoder_m.encoder.layer.11.crossattention.self.query.weight', 'text_encoder_m.encoder.layer.11.crossattention.self.query.bias', 'text_encoder_m.encoder.layer.11.crossattention.self.key.weight', 'text_encoder_m.encoder.layer.11.crossattention.self.key.bias', 'text_encoder_m.encoder.layer.11.crossattention.self.value.weight', 'text_encoder_m.encoder.layer.11.crossattention.self.value.bias', 'text_encoder_m.encoder.layer.11.crossattention.output.dense.weight', 'text_encoder_m.encoder.layer.11.crossattention.output.dense.bias', 'text_encoder_m.encoder.layer.11.crossattention.output.LayerNorm.weight', 'text_encoder_m.encoder.layer.11.crossattention.output.LayerNorm.bias', 'text_encoder_m.encoder.layer.11.intermediate.dense.weight', 'text_encoder_m.encoder.layer.11.intermediate.dense.bias', 'text_encoder_m.encoder.layer.11.output.dense.weight', 'text_encoder_m.encoder.layer.11.output.dense.bias', 'text_encoder_m.encoder.layer.11.output.LayerNorm.weight', 'text_encoder_m.encoder.layer.11.output.LayerNorm.bias', 'text_encoder.cls.predictions.bias', 'text_encoder.cls.predictions.transform.dense.weight', 'text_encoder.cls.predictions.transform.dense.bias', 'text_encoder.cls.predictions.transform.LayerNorm.weight', 'text_encoder.cls.predictions.transform.LayerNorm.bias', 'text_encoder.cls.predictions.decoder.weight', 'text_encoder.cls.predictions.decoder.bias'])
Start training
Train Epoch: [0]  [  0/219]  eta: 0:15:15  lr: 0.000000  loss_itm: 0.6685  time: 4.1817  data: 0.0836  max mem: 16290
Train Epoch: [0]  [ 50/219]  eta: 0:04:38  lr: 0.000000  loss_itm: 0.6417  time: 1.5997  data: 0.0753  max mem: 18674
Train Epoch: [0]  [100/219]  eta: 0:03:13  lr: 0.000000  loss_itm: 0.6280  time: 1.6063  data: 0.0752  max mem: 18674
Train Epoch: [0]  [150/219]  eta: 0:01:51  lr: 0.000000  loss_itm: 0.6480  time: 1.6066  data: 0.0758  max mem: 18674
Train Epoch: [0]  [200/219]  eta: 0:00:30  lr: 0.000000  loss_itm: 0.6734  time: 1.6073  data: 0.0746  max mem: 18674
Train Epoch: [0]  [218/219]  eta: 0:00:01  lr: 0.000000  loss_itm: 0.6570  time: 1.6020  data: 0.0756  max mem: 18674
Train Epoch: [0] Total time: 0:05:53 (1.6147 s / it)
Averaged stats: lr: 0.0000  loss_itm: 0.6662
Val :   [ 0/50]  eta: 0:00:29    time: 0.5953  data: 0.1653  max mem: 18674
Val :   [49/50]  eta: 0:00:00    time: 0.2442  data: 0.1477  max mem: 18674
Val :  Total time: 0:00:12 (0.2585 s / it)
F1-score: 0.4006763994693756
Accuracy: 0.49904823303222656
Specificity: 0.4990482032299042
recall: 0.4990482032299042
Precision: 0.497228741645813
Evaluation time 0:00:12
Train Epoch: [1]  [  0/219]  eta: 0:06:19  lr: 0.000001  loss_itm: 0.6391  time: 1.7345  data: 0.0799  max mem: 18674
Train Epoch: [1]  [ 50/219]  eta: 0:04:31  lr: 0.000001  loss_itm: 0.6572  time: 1.6024  data: 0.0753  max mem: 18675
Train Epoch: [1]  [100/219]  eta: 0:03:10  lr: 0.000001  loss_itm: 0.5808  time: 1.6021  data: 0.0728  max mem: 18675
Train Epoch: [1]  [150/219]  eta: 0:01:50  lr: 0.000001  loss_itm: 0.6443  time: 1.6063  data: 0.0747  max mem: 18677
Train Epoch: [1]  [200/219]  eta: 0:00:30  lr: 0.000001  loss_itm: 0.5800  time: 1.5994  data: 0.0752  max mem: 18677
Train Epoch: [1]  [218/219]  eta: 0:00:01  lr: 0.000001  loss_itm: 0.6638  time: 1.6012  data: 0.0753  max mem: 18677
Train Epoch: [1] Total time: 0:05:51 (1.6034 s / it)
Averaged stats: lr: 0.0000  loss_itm: 0.6229
Val :   [ 0/50]  eta: 0:00:12    time: 0.2557  data: 0.1558  max mem: 18677
Val :   [49/50]  eta: 0:00:00    time: 0.2428  data: 0.1469  max mem: 18677
Val :  Total time: 0:00:12 (0.2506 s / it)
F1-score: 0.4403819143772125
Accuracy: 0.5107868313789368
Specificity: 0.510786771774292
recall: 0.510786771774292
Precision: 0.5217140913009644
Evaluation time 0:00:12
Train Epoch: [2]  [  0/219]  eta: 0:06:27  lr: 0.000001  loss_itm: 0.6044  time: 1.7715  data: 0.0801  max mem: 18677
Train Epoch: [2]  [ 50/219]  eta: 0:04:31  lr: 0.000001  loss_itm: 0.6682  time: 1.5988  data: 0.0755  max mem: 18678
Train Epoch: [2]  [100/219]  eta: 0:03:10  lr: 0.000001  loss_itm: 0.5569  time: 1.6041  data: 0.0743  max mem: 18678
Train Epoch: [2]  [150/219]  eta: 0:01:50  lr: 0.000001  loss_itm: 0.6036  time: 1.6030  data: 0.0762  max mem: 18678
Train Epoch: [2]  [200/219]  eta: 0:00:30  lr: 0.000001  loss_itm: 0.4849  time: 1.6045  data: 0.0741  max mem: 18678
Train Epoch: [2]  [218/219]  eta: 0:00:01  lr: 0.000001  loss_itm: 0.6410  time: 1.6053  data: 0.0762  max mem: 18678
Train Epoch: [2] Total time: 0:05:51 (1.6035 s / it)
Averaged stats: lr: 0.0000  loss_itm: 0.6005
Val :   [ 0/50]  eta: 0:00:12    time: 0.2569  data: 0.1563  max mem: 18678
Val :   [49/50]  eta: 0:00:00    time: 0.2466  data: 0.1501  max mem: 18678
Val :  Total time: 0:00:12 (0.2524 s / it)
F1-score: 0.43090739846229553
Accuracy: 0.5149111747741699
Specificity: 0.5149111747741699
recall: 0.5149111747741699
Precision: 0.5364078283309937
Evaluation time 0:00:12
Train Epoch: [3]  [  0/219]  eta: 0:06:26  lr: 0.000001  loss_itm: 0.6001  time: 1.7654  data: 0.0751  max mem: 18678
Train Epoch: [3]  [ 50/219]  eta: 0:04:31  lr: 0.000001  loss_itm: 0.6352  time: 1.6035  data: 0.0749  max mem: 18678
Train Epoch: [3]  [100/219]  eta: 0:03:10  lr: 0.000001  loss_itm: 0.5563  time: 1.5935  data: 0.0753  max mem: 18679
Train Epoch: [3]  [150/219]  eta: 0:01:50  lr: 0.000001  loss_itm: 0.6399  time: 1.5999  data: 0.0751  max mem: 18679
Train Epoch: [3]  [200/219]  eta: 0:00:30  lr: 0.000001  loss_itm: 0.6431  time: 1.5929  data: 0.0743  max mem: 18679
Train Epoch: [3]  [218/219]  eta: 0:00:01  lr: 0.000001  loss_itm: 0.5360  time: 1.5938  data: 0.0750  max mem: 18679
Train Epoch: [3] Total time: 0:05:50 (1.6006 s / it)
Averaged stats: lr: 0.0000  loss_itm: 0.5898
Val :   [ 0/50]  eta: 0:00:12    time: 0.2556  data: 0.1562  max mem: 18679
Val :   [49/50]  eta: 0:00:00    time: 0.2437  data: 0.1474  max mem: 18679
Val :  Total time: 0:00:12 (0.2510 s / it)
F1-score: 0.4454726278781891
Accuracy: 0.5077728629112244
Specificity: 0.5077728033065796
recall: 0.5077728033065796
Precision: 0.5141168832778931
Evaluation time 0:00:12
Train Epoch: [4]  [  0/219]  eta: 0:06:29  lr: 0.000001  loss_itm: 0.5702  time: 1.7765  data: 0.0736  max mem: 18679
Train Epoch: [4]  [ 50/219]  eta: 0:04:31  lr: 0.000001  loss_itm: 0.5349  time: 1.6057  data: 0.0747  max mem: 18679
Train Epoch: [4]  [100/219]  eta: 0:03:10  lr: 0.000001  loss_itm: 0.6571  time: 1.6006  data: 0.0746  max mem: 18679
Train Epoch: [4]  [150/219]  eta: 0:01:50  lr: 0.000001  loss_itm: 0.5728  time: 1.6026  data: 0.0746  max mem: 18679
Train Epoch: [4]  [200/219]  eta: 0:00:30  lr: 0.000001  loss_itm: 0.4611  time: 1.5999  data: 0.0747  max mem: 18679
Train Epoch: [4]  [218/219]  eta: 0:00:01  lr: 0.000001  loss_itm: 0.6272  time: 1.5991  data: 0.0750  max mem: 18679
Train Epoch: [4] Total time: 0:05:50 (1.6020 s / it)
Averaged stats: lr: 0.0000  loss_itm: 0.5815
Val :   [ 0/50]  eta: 0:00:12    time: 0.2565  data: 0.1562  max mem: 18679
Val :   [49/50]  eta: 0:00:00    time: 0.2437  data: 0.1474  max mem: 18679
Val :  Total time: 0:00:12 (0.2510 s / it)
F1-score: 0.4361594021320343
Accuracy: 0.5106281638145447
Specificity: 0.5106281638145447
recall: 0.5106281638145447
Precision: 0.5225315093994141
Evaluation time 0:00:12
Train Epoch: [5]  [  0/219]  eta: 0:06:27  lr: 0.000001  loss_itm: 0.4727  time: 1.7671  data: 0.0771  max mem: 18679
Train Epoch: [5]  [ 50/219]  eta: 0:04:31  lr: 0.000001  loss_itm: 0.5524  time: 1.6025  data: 0.0754  max mem: 18679
Train Epoch: [5]  [100/219]  eta: 0:03:10  lr: 0.000001  loss_itm: 0.3928  time: 1.5958  data: 0.0748  max mem: 18679
Train Epoch: [5]  [150/219]  eta: 0:01:50  lr: 0.000001  loss_itm: 0.5207  time: 1.6029  data: 0.0753  max mem: 18679
Train Epoch: [5]  [200/219]  eta: 0:00:30  lr: 0.000001  loss_itm: 0.5278  time: 1.6025  data: 0.0751  max mem: 18679
Train Epoch: [5]  [218/219]  eta: 0:00:01  lr: 0.000001  loss_itm: 0.5132  time: 1.6010  data: 0.0745  max mem: 18679
Train Epoch: [5] Total time: 0:05:50 (1.6026 s / it)
Averaged stats: lr: 0.0000  loss_itm: 0.5697
Val :   [ 0/50]  eta: 0:00:13    time: 0.2608  data: 0.1621  max mem: 18679
Val :   [49/50]  eta: 0:00:00    time: 0.2429  data: 0.1469  max mem: 18679
Val :  Total time: 0:00:12 (0.2508 s / it)
F1-score: 0.43263110518455505
Accuracy: 0.508090078830719
Specificity: 0.508090078830719
recall: 0.508090078830719
Precision: 0.5172862410545349
Evaluation time 0:00:12
Train Epoch: [6]  [  0/219]  eta: 0:06:18  lr: 0.000001  loss_itm: 0.6203  time: 1.7300  data: 0.0752  max mem: 18679
Train Epoch: [6]  [ 50/219]  eta: 0:04:31  lr: 0.000001  loss_itm: 0.6677  time: 1.5987  data: 0.0745  max mem: 18679
Train Epoch: [6]  [100/219]  eta: 0:03:10  lr: 0.000001  loss_itm: 0.5273  time: 1.6028  data: 0.0747  max mem: 18679
Train Epoch: [6]  [150/219]  eta: 0:01:50  lr: 0.000001  loss_itm: 0.5337  time: 1.6028  data: 0.0777  max mem: 18679
Train Epoch: [6]  [200/219]  eta: 0:00:30  lr: 0.000001  loss_itm: 0.5642  time: 1.6012  data: 0.0755  max mem: 18679
Train Epoch: [6]  [218/219]  eta: 0:00:01  lr: 0.000001  loss_itm: 0.6781  time: 1.6065  data: 0.0751  max mem: 18679
Train Epoch: [6] Total time: 0:05:51 (1.6033 s / it)
Averaged stats: lr: 0.0000  loss_itm: 0.5571
Val :   [ 0/50]  eta: 0:00:12    time: 0.2592  data: 0.1565  max mem: 18679
Val :   [49/50]  eta: 0:00:00    time: 0.2444  data: 0.1479  max mem: 18679
Val :  Total time: 0:00:12 (0.2518 s / it)
F1-score: 0.42575743794441223
Accuracy: 0.5033312439918518
Specificity: 0.5033312439918518
recall: 0.5033312439918518
Precision: 0.5072473883628845
Evaluation time 0:00:12
Train Epoch: [7]  [  0/219]  eta: 0:06:09  lr: 0.000001  loss_itm: 0.6821  time: 1.6871  data: 0.0774  max mem: 18679
Train Epoch: [7]  [ 50/219]  eta: 0:04:30  lr: 0.000001  loss_itm: 0.7713  time: 1.6034  data: 0.0747  max mem: 18679
Train Epoch: [7]  [100/219]  eta: 0:03:10  lr: 0.000001  loss_itm: 0.5872  time: 1.6036  data: 0.0749  max mem: 18679
Train Epoch: [7]  [150/219]  eta: 0:01:50  lr: 0.000001  loss_itm: 0.4851  time: 1.5994  data: 0.0742  max mem: 18679
Train Epoch: [7]  [200/219]  eta: 0:00:30  lr: 0.000001  loss_itm: 0.5265  time: 1.6064  data: 0.0757  max mem: 18679
Train Epoch: [7]  [218/219]  eta: 0:00:01  lr: 0.000001  loss_itm: 0.5456  time: 1.6022  data: 0.0745  max mem: 18679
Train Epoch: [7] Total time: 0:05:51 (1.6027 s / it)
Averaged stats: lr: 0.0000  loss_itm: 0.5395
Val :   [ 0/50]  eta: 0:00:12    time: 0.2569  data: 0.1554  max mem: 18679
Val :   [49/50]  eta: 0:00:00    time: 0.2442  data: 0.1483  max mem: 18679
Val :  Total time: 0:00:12 (0.2518 s / it)
F1-score: 0.4295737147331238
Accuracy: 0.5099936723709106
Specificity: 0.5099936723709106
recall: 0.5099936723709106
Precision: 0.5229175090789795
Evaluation time 0:00:12
Train Epoch: [8]  [  0/219]  eta: 0:06:22  lr: 0.000001  loss_itm: 0.6605  time: 1.7445  data: 0.0753  max mem: 18679
Train Epoch: [8]  [ 50/219]  eta: 0:04:31  lr: 0.000001  loss_itm: 0.5279  time: 1.6050  data: 0.0753  max mem: 18679
Train Epoch: [8]  [100/219]  eta: 0:03:11  lr: 0.000001  loss_itm: 0.5951  time: 1.6022  data: 0.0752  max mem: 18679
Train Epoch: [8]  [150/219]  eta: 0:01:50  lr: 0.000001  loss_itm: 0.5247  time: 1.5997  data: 0.0749  max mem: 18679
Train Epoch: [8]  [200/219]  eta: 0:00:30  lr: 0.000001  loss_itm: 0.6341  time: 1.6016  data: 0.0747  max mem: 18679
Train Epoch: [8]  [218/219]  eta: 0:00:01  lr: 0.000001  loss_itm: 0.4263  time: 1.6030  data: 0.0757  max mem: 18679
Train Epoch: [8] Total time: 0:05:51 (1.6035 s / it)
Averaged stats: lr: 0.0000  loss_itm: 0.5332
Val :   [ 0/50]  eta: 0:00:12    time: 0.2582  data: 0.1569  max mem: 18679
Val :   [49/50]  eta: 0:00:00    time: 0.2436  data: 0.1476  max mem: 18679
Val :  Total time: 0:00:12 (0.2512 s / it)
F1-score: 0.4228229224681854
Accuracy: 0.5007931590080261
Specificity: 0.5007931590080261
recall: 0.5007931590080261
Precision: 0.5017255544662476
Evaluation time 0:00:12
Train Epoch: [9]  [  0/219]  eta: 0:06:12  lr: 0.000001  loss_itm: 0.7226  time: 1.6989  data: 0.0736  max mem: 18679
Train Epoch: [9]  [ 50/219]  eta: 0:04:31  lr: 0.000001  loss_itm: 0.5544  time: 1.5982  data: 0.0750  max mem: 18679
Train Epoch: [9]  [100/219]  eta: 0:03:10  lr: 0.000001  loss_itm: 0.6580  time: 1.6047  data: 0.0749  max mem: 18679
Train Epoch: [9]  [150/219]  eta: 0:01:50  lr: 0.000001  loss_itm: 0.5310  time: 1.6046  data: 0.0748  max mem: 18679
Train Epoch: [9]  [200/219]  eta: 0:00:30  lr: 0.000001  loss_itm: 0.5186  time: 1.5944  data: 0.0753  max mem: 18679
Train Epoch: [9]  [218/219]  eta: 0:00:01  lr: 0.000001  loss_itm: 0.4101  time: 1.6028  data: 0.0759  max mem: 18679
Train Epoch: [9] Total time: 0:05:50 (1.6023 s / it)
Averaged stats: lr: 0.0000  loss_itm: 0.5226
Val :   [ 0/50]  eta: 0:00:12    time: 0.2562  data: 0.1567  max mem: 18679
Val :   [49/50]  eta: 0:00:00    time: 0.2434  data: 0.1473  max mem: 18679
Val :  Total time: 0:00:12 (0.2510 s / it)
F1-score: 0.42439594864845276
Accuracy: 0.5022208094596863
Specificity: 0.5022208094596863
recall: 0.5022208094596863
Precision: 0.5048364996910095
Evaluation time 0:00:12
Train Epoch: [10]  [  0/219]  eta: 0:06:17  lr: 0.000001  loss_itm: 0.7447  time: 1.7255  data: 0.0735  max mem: 18679
Train Epoch: [10]  [ 50/219]  eta: 0:04:31  lr: 0.000001  loss_itm: 0.5271  time: 1.6011  data: 0.0754  max mem: 18679
Train Epoch: [10]  [100/219]  eta: 0:03:10  lr: 0.000001  loss_itm: 0.6513  time: 1.6039  data: 0.0764  max mem: 18679
Train Epoch: [10]  [150/219]  eta: 0:01:50  lr: 0.000001  loss_itm: 0.5542  time: 1.6033  data: 0.0761  max mem: 18679
Train Epoch: [10]  [200/219]  eta: 0:00:30  lr: 0.000001  loss_itm: 0.3682  time: 1.6001  data: 0.0753  max mem: 18679
Train Epoch: [10]  [218/219]  eta: 0:00:01  lr: 0.000001  loss_itm: 0.4766  time: 1.6092  data: 0.0740  max mem: 18679
Train Epoch: [10] Total time: 0:05:51 (1.6037 s / it)
Averaged stats: lr: 0.0000  loss_itm: 0.5217
Val :   [ 0/50]  eta: 0:00:12    time: 0.2578  data: 0.1574  max mem: 18679
Val :   [49/50]  eta: 0:00:00    time: 0.2430  data: 0.1473  max mem: 18679
Val :  Total time: 0:00:12 (0.2507 s / it)
F1-score: 0.4211415946483612
Accuracy: 0.502062201499939
Specificity: 0.502062201499939
recall: 0.502062201499939
Precision: 0.5046780109405518
Evaluation time 0:00:12
Train Epoch: [11]  [  0/219]  eta: 0:06:09  lr: 0.000001  loss_itm: 0.6647  time: 1.6887  data: 0.0806  max mem: 18679
Train Epoch: [11]  [ 50/219]  eta: 0:04:30  lr: 0.000001  loss_itm: 0.4367  time: 1.6035  data: 0.0750  max mem: 18679
Train Epoch: [11]  [100/219]  eta: 0:03:10  lr: 0.000001  loss_itm: 0.4109  time: 1.5990  data: 0.0745  max mem: 18679
Train Epoch: [11]  [150/219]  eta: 0:01:50  lr: 0.000001  loss_itm: 0.3930  time: 1.5977  data: 0.0753  max mem: 18679
Train Epoch: [11]  [200/219]  eta: 0:00:30  lr: 0.000001  loss_itm: 0.4086  time: 1.5953  data: 0.0756  max mem: 18679
Train Epoch: [11]  [218/219]  eta: 0:00:01  lr: 0.000001  loss_itm: 0.5709  time: 1.5968  data: 0.0749  max mem: 18679
Train Epoch: [11] Total time: 0:05:50 (1.6012 s / it)
Averaged stats: lr: 0.0000  loss_itm: 0.5134
Val :   [ 0/50]  eta: 0:00:12    time: 0.2574  data: 0.1558  max mem: 18679
Val :   [49/50]  eta: 0:00:00    time: 0.2431  data: 0.1475  max mem: 18679
Val :  Total time: 0:00:12 (0.2508 s / it)
F1-score: 0.424909383058548
Accuracy: 0.502062201499939
Specificity: 0.502062201499939
recall: 0.502062201499939
Precision: 0.5044504404067993
Evaluation time 0:00:12
Train Epoch: [12]  [  0/219]  eta: 0:06:22  lr: 0.000001  loss_itm: 0.4873  time: 1.7483  data: 0.0788  max mem: 18679
Train Epoch: [12]  [ 50/219]  eta: 0:04:31  lr: 0.000001  loss_itm: 0.6020  time: 1.6019  data: 0.0749  max mem: 18679
Train Epoch: [12]  [100/219]  eta: 0:03:10  lr: 0.000001  loss_itm: 0.3878  time: 1.6016  data: 0.0759  max mem: 18679
Train Epoch: [12]  [150/219]  eta: 0:01:50  lr: 0.000001  loss_itm: 0.5153  time: 1.6006  data: 0.0753  max mem: 18679
Train Epoch: [12]  [200/219]  eta: 0:00:30  lr: 0.000001  loss_itm: 0.6040  time: 1.6004  data: 0.0748  max mem: 18679
Train Epoch: [12]  [218/219]  eta: 0:00:01  lr: 0.000001  loss_itm: 0.5144  time: 1.6033  data: 0.0755  max mem: 18679
Train Epoch: [12] Total time: 0:05:51 (1.6029 s / it)
Averaged stats: lr: 0.0000  loss_itm: 0.5096
Val :   [ 0/50]  eta: 0:00:13    time: 0.2609  data: 0.1608  max mem: 18679
Val :   [49/50]  eta: 0:00:00    time: 0.2437  data: 0.1478  max mem: 18679
Val :  Total time: 0:00:12 (0.2515 s / it)
F1-score: 0.42719966173171997
Accuracy: 0.5112627148628235
Specificity: 0.5112627148628235
recall: 0.5112627148628235
Precision: 0.5272725820541382
Evaluation time 0:00:12
Train Epoch: [13]  [  0/219]  eta: 0:06:27  lr: 0.000001  loss_itm: 0.5101  time: 1.7679  data: 0.0762  max mem: 18679
Train Epoch: [13]  [ 50/219]  eta: 0:04:31  lr: 0.000001  loss_itm: 0.4501  time: 1.6016  data: 0.0767  max mem: 18679
Train Epoch: [13]  [100/219]  eta: 0:03:10  lr: 0.000001  loss_itm: 0.5944  time: 1.5938  data: 0.0750  max mem: 18679
Train Epoch: [13]  [150/219]  eta: 0:01:50  lr: 0.000001  loss_itm: 0.3848  time: 1.6008  data: 0.0749  max mem: 18679
Train Epoch: [13]  [200/219]  eta: 0:00:30  lr: 0.000001  loss_itm: 0.4484  time: 1.6004  data: 0.0737  max mem: 18679
Train Epoch: [13]  [218/219]  eta: 0:00:01  lr: 0.000001  loss_itm: 0.5581  time: 1.6009  data: 0.0747  max mem: 18679
Train Epoch: [13] Total time: 0:05:50 (1.6001 s / it)
Averaged stats: lr: 0.0000  loss_itm: 0.5055
Val :   [ 0/50]  eta: 0:00:12    time: 0.2557  data: 0.1556  max mem: 18679
Val :   [49/50]  eta: 0:00:00    time: 0.2432  data: 0.1472  max mem: 18679
Val :  Total time: 0:00:12 (0.2509 s / it)
F1-score: 0.41583549976348877
Accuracy: 0.49888959527015686
Specificity: 0.49888959527015686
recall: 0.49888959527015686
Precision: 0.4974254369735718
Evaluation time 0:00:12
Train Epoch: [14]  [  0/219]  eta: 0:06:18  lr: 0.000001  loss_itm: 0.6353  time: 1.7270  data: 0.0774  max mem: 18679
Train Epoch: [14]  [ 50/219]  eta: 0:04:31  lr: 0.000001  loss_itm: 0.4906  time: 1.6024  data: 0.0747  max mem: 18679
Train Epoch: [14]  [100/219]  eta: 0:03:10  lr: 0.000001  loss_itm: 0.4119  time: 1.5981  data: 0.0754  max mem: 18679
Train Epoch: [14]  [150/219]  eta: 0:01:50  lr: 0.000001  loss_itm: 0.4148  time: 1.5979  data: 0.0755  max mem: 18679
Train Epoch: [14]  [200/219]  eta: 0:00:30  lr: 0.000001  loss_itm: 0.5772  time: 1.5965  data: 0.0748  max mem: 18679
Train Epoch: [14]  [218/219]  eta: 0:00:01  lr: 0.000001  loss_itm: 0.4000  time: 1.6018  data: 0.0746  max mem: 18679
Train Epoch: [14] Total time: 0:05:50 (1.6007 s / it)
Averaged stats: lr: 0.0000  loss_itm: 0.5025
Val :   [ 0/50]  eta: 0:00:12    time: 0.2562  data: 0.1566  max mem: 18679
Val :   [49/50]  eta: 0:00:00    time: 0.2439  data: 0.1481  max mem: 18679
Val :  Total time: 0:00:12 (0.2511 s / it)
F1-score: 0.4222192168235779
Accuracy: 0.5066624283790588
Specificity: 0.5066624283790588
recall: 0.5066624283790588
Precision: 0.5160387754440308
Evaluation time 0:00:12
Train Epoch: [15]  [  0/219]  eta: 0:06:20  lr: 0.000001  loss_itm: 0.5008  time: 1.7379  data: 0.0738  max mem: 18679
Train Epoch: [15]  [ 50/219]  eta: 0:04:31  lr: 0.000001  loss_itm: 0.3941  time: 1.6031  data: 0.0747  max mem: 18679
Train Epoch: [15]  [100/219]  eta: 0:03:10  lr: 0.000001  loss_itm: 0.4811  time: 1.6066  data: 0.0740  max mem: 18679
Train Epoch: [15]  [150/219]  eta: 0:01:50  lr: 0.000001  loss_itm: 0.7488  time: 1.6031  data: 0.0752  max mem: 18679
Train Epoch: [15]  [200/219]  eta: 0:00:30  lr: 0.000001  loss_itm: 0.4099  time: 1.6060  data: 0.0756  max mem: 18679
Train Epoch: [15]  [218/219]  eta: 0:00:01  lr: 0.000001  loss_itm: 0.3803  time: 1.6053  data: 0.0752  max mem: 18679
Train Epoch: [15] Total time: 0:05:51 (1.6036 s / it)
Averaged stats: lr: 0.0000  loss_itm: 0.5028
Val :   [ 0/50]  eta: 0:00:12    time: 0.2543  data: 0.1555  max mem: 18679
Val :   [49/50]  eta: 0:00:00    time: 0.2436  data: 0.1477  max mem: 18679
Val :  Total time: 0:00:12 (0.2508 s / it)
F1-score: 0.4214552938938141
Accuracy: 0.5025380849838257
Specificity: 0.5025380849838257
recall: 0.5025380849838257
Precision: 0.5057761669158936
Evaluation time 0:00:12
Train Epoch: [16]  [  0/219]  eta: 0:06:24  lr: 0.000001  loss_itm: 0.3842  time: 1.7536  data: 0.0748  max mem: 18679
Train Epoch: [16]  [ 50/219]  eta: 0:04:31  lr: 0.000001  loss_itm: 0.4846  time: 1.6061  data: 0.0745  max mem: 18679
Train Epoch: [16]  [100/219]  eta: 0:03:11  lr: 0.000001  loss_itm: 0.4164  time: 1.6038  data: 0.0751  max mem: 18679
Train Epoch: [16]  [150/219]  eta: 0:01:50  lr: 0.000001  loss_itm: 0.3335  time: 1.6125  data: 0.0749  max mem: 18679
Train Epoch: [16]  [200/219]  eta: 0:00:30  lr: 0.000001  loss_itm: 0.4621  time: 1.6040  data: 0.0749  max mem: 18679
Train Epoch: [16]  [218/219]  eta: 0:00:01  lr: 0.000001  loss_itm: 0.7441  time: 1.6040  data: 0.0742  max mem: 18679
Train Epoch: [16] Total time: 0:05:51 (1.6064 s / it)
Averaged stats: lr: 0.0000  loss_itm: 0.4954
Val :   [ 0/50]  eta: 0:00:12    time: 0.2564  data: 0.1576  max mem: 18679
Val :   [49/50]  eta: 0:00:00    time: 0.2435  data: 0.1478  max mem: 18679
Val :  Total time: 0:00:12 (0.2511 s / it)
F1-score: 0.42628729343414307
Accuracy: 0.5041243433952332
Specificity: 0.5041243433952332
recall: 0.5041243433952332
Precision: 0.5090187788009644
Evaluation time 0:00:12
Train Epoch: [17]  [  0/219]  eta: 0:06:07  lr: 0.000001  loss_itm: 0.6158  time: 1.6774  data: 0.0814  max mem: 18679
Train Epoch: [17]  [ 50/219]  eta: 0:04:31  lr: 0.000001  loss_itm: 0.6616  time: 1.6054  data: 0.0757  max mem: 18679
Train Epoch: [17]  [100/219]  eta: 0:03:11  lr: 0.000001  loss_itm: 0.5493  time: 1.6019  data: 0.0758  max mem: 18679
Train Epoch: [17]  [150/219]  eta: 0:01:50  lr: 0.000001  loss_itm: 0.5533  time: 1.6074  data: 0.0754  max mem: 18679
Train Epoch: [17]  [200/219]  eta: 0:00:30  lr: 0.000001  loss_itm: 0.3789  time: 1.5966  data: 0.0742  max mem: 18679
Train Epoch: [17]  [218/219]  eta: 0:00:01  lr: 0.000001  loss_itm: 0.6592  time: 1.6015  data: 0.0740  max mem: 18679
Train Epoch: [17] Total time: 0:05:51 (1.6037 s / it)
Averaged stats: lr: 0.0000  loss_itm: 0.4911
Val :   [ 0/50]  eta: 0:00:12    time: 0.2567  data: 0.1563  max mem: 18679
Val :   [49/50]  eta: 0:00:00    time: 0.2436  data: 0.1476  max mem: 18679
Val :  Total time: 0:00:12 (0.2514 s / it)
F1-score: 0.41933679580688477
Accuracy: 0.5084073543548584
Specificity: 0.5084073543548584
recall: 0.5084073543548584
Precision: 0.5217569470405579
Evaluation time 0:00:12
Train Epoch: [18]  [  0/219]  eta: 0:06:15  lr: 0.000001  loss_itm: 0.5154  time: 1.7149  data: 0.0748  max mem: 18679
Train Epoch: [18]  [ 50/219]  eta: 0:04:31  lr: 0.000001  loss_itm: 0.4997  time: 1.6057  data: 0.0760  max mem: 18679
Train Epoch: [18]  [100/219]  eta: 0:03:11  lr: 0.000001  loss_itm: 0.5992  time: 1.6067  data: 0.0760  max mem: 18679
Train Epoch: [18]  [150/219]  eta: 0:01:50  lr: 0.000001  loss_itm: 0.3728  time: 1.6040  data: 0.0744  max mem: 18679
Train Epoch: [18]  [200/219]  eta: 0:00:30  lr: 0.000001  loss_itm: 0.3514  time: 1.6043  data: 0.0752  max mem: 18679
Train Epoch: [18]  [218/219]  eta: 0:00:01  lr: 0.000001  loss_itm: 0.6418  time: 1.6021  data: 0.0757  max mem: 18679
Train Epoch: [18] Total time: 0:05:51 (1.6046 s / it)
Averaged stats: lr: 0.0000  loss_itm: 0.4888
Val :   [ 0/50]  eta: 0:00:12    time: 0.2566  data: 0.1559  max mem: 18679
Val :   [49/50]  eta: 0:00:00    time: 0.2439  data: 0.1479  max mem: 18679
Val :  Total time: 0:00:12 (0.2514 s / it)
F1-score: 0.42450836300849915
Accuracy: 0.5122144818305969
Specificity: 0.5122144818305969
recall: 0.5122144818305969
Precision: 0.531287670135498
Evaluation time 0:00:12
Train Epoch: [19]  [  0/219]  eta: 0:06:27  lr: 0.000001  loss_itm: 0.5020  time: 1.7708  data: 0.0720  max mem: 18679
Train Epoch: [19]  [ 50/219]  eta: 0:04:30  lr: 0.000001  loss_itm: 0.5149  time: 1.5977  data: 0.0746  max mem: 18680
Train Epoch: [19]  [100/219]  eta: 0:03:10  lr: 0.000001  loss_itm: 0.3258  time: 1.5992  data: 0.0755  max mem: 18680
Train Epoch: [19]  [150/219]  eta: 0:01:50  lr: 0.000001  loss_itm: 0.2691  time: 1.6061  data: 0.0748  max mem: 18680
Train Epoch: [19]  [200/219]  eta: 0:00:30  lr: 0.000001  loss_itm: 0.6181  time: 1.6030  data: 0.0756  max mem: 18680
Train Epoch: [19]  [218/219]  eta: 0:00:01  lr: 0.000001  loss_itm: 0.3618  time: 1.6044  data: 0.0757  max mem: 18680
Train Epoch: [19] Total time: 0:05:51 (1.6031 s / it)
Averaged stats: lr: 0.0000  loss_itm: 0.4861
Val :   [ 0/50]  eta: 0:00:12    time: 0.2547  data: 0.1562  max mem: 18680
Val :   [49/50]  eta: 0:00:00    time: 0.2434  data: 0.1477  max mem: 18680
Val :  Total time: 0:00:12 (0.2512 s / it)
F1-score: 0.4218217730522156
Accuracy: 0.510152280330658
Specificity: 0.510152280330658
recall: 0.510152280330658
Precision: 0.5261048078536987
Evaluation time 0:00:12
Train Epoch: [20]  [  0/219]  eta: 0:06:31  lr: 0.000001  loss_itm: 0.3986  time: 1.7868  data: 0.0752  max mem: 18680
Train Epoch: [20]  [ 50/219]  eta: 0:04:31  lr: 0.000001  loss_itm: 0.4575  time: 1.6030  data: 0.0758  max mem: 18680
Train Epoch: [20]  [100/219]  eta: 0:03:11  lr: 0.000001  loss_itm: 0.3648  time: 1.6012  data: 0.0751  max mem: 18680
Train Epoch: [20]  [150/219]  eta: 0:01:50  lr: 0.000001  loss_itm: 0.4367  time: 1.6025  data: 0.0747  max mem: 18680
Train Epoch: [20]  [200/219]  eta: 0:00:30  lr: 0.000001  loss_itm: 0.3473  time: 1.5991  data: 0.0746  max mem: 18680
Train Epoch: [20]  [218/219]  eta: 0:00:01  lr: 0.000001  loss_itm: 0.4020  time: 1.6064  data: 0.0750  max mem: 18680
Train Epoch: [20] Total time: 0:05:51 (1.6045 s / it)
Averaged stats: lr: 0.0000  loss_itm: 0.4828
Val :   [ 0/50]  eta: 0:00:12    time: 0.2551  data: 0.1561  max mem: 18680
Val :   [49/50]  eta: 0:00:00    time: 0.2446  data: 0.1488  max mem: 18680
Val :  Total time: 0:00:12 (0.2515 s / it)
F1-score: 0.42135387659072876
Accuracy: 0.5063451528549194
Specificity: 0.5063451528549194
recall: 0.5063451528549194
Precision: 0.5153829455375671
Evaluation time 0:00:12
Train Epoch: [21]  [  0/219]  eta: 0:06:23  lr: 0.000001  loss_itm: 0.5607  time: 1.7520  data: 0.0766  max mem: 18680
Train Epoch: [21]  [ 50/219]  eta: 0:04:31  lr: 0.000001  loss_itm: 0.5017  time: 1.6049  data: 0.0745  max mem: 18680
Train Epoch: [21]  [100/219]  eta: 0:03:11  lr: 0.000001  loss_itm: 0.3195  time: 1.6034  data: 0.0750  max mem: 18680
Train Epoch: [21]  [150/219]  eta: 0:01:50  lr: 0.000001  loss_itm: 0.4863  time: 1.6046  data: 0.0759  max mem: 18680
Train Epoch: [21]  [200/219]  eta: 0:00:30  lr: 0.000001  loss_itm: 0.3879  time: 1.6071  data: 0.0744  max mem: 18680
Train Epoch: [21]  [218/219]  eta: 0:00:01  lr: 0.000001  loss_itm: 0.6119  time: 1.6030  data: 0.0746  max mem: 18680
Train Epoch: [21] Total time: 0:05:51 (1.6050 s / it)
Averaged stats: lr: 0.0000  loss_itm: 0.4844
Val :   [ 0/50]  eta: 0:00:13    time: 0.2612  data: 0.1598  max mem: 18680
Val :   [49/50]  eta: 0:00:00    time: 0.2439  data: 0.1478  max mem: 18680
Val :  Total time: 0:00:12 (0.2514 s / it)
F1-score: 0.41433244943618774
Accuracy: 0.5038071274757385
Specificity: 0.5038071274757385
recall: 0.5038071274757385
Precision: 0.5097893476486206
Evaluation time 0:00:12
Train Epoch: [22]  [  0/219]  eta: 0:06:11  lr: 0.000000  loss_itm: 0.5772  time: 1.6948  data: 0.0743  max mem: 18680
Train Epoch: [22]  [ 50/219]  eta: 0:04:32  lr: 0.000000  loss_itm: 0.4717  time: 1.6125  data: 0.0759  max mem: 18680
Train Epoch: [22]  [100/219]  eta: 0:03:11  lr: 0.000000  loss_itm: 0.4027  time: 1.6059  data: 0.0753  max mem: 18682
Train Epoch: [22]  [150/219]  eta: 0:01:50  lr: 0.000000  loss_itm: 0.3131  time: 1.6011  data: 0.0732  max mem: 18682
Train Epoch: [22]  [200/219]  eta: 0:00:30  lr: 0.000000  loss_itm: 0.6706  time: 1.6011  data: 0.0748  max mem: 18682
Train Epoch: [22]  [218/219]  eta: 0:00:01  lr: 0.000000  loss_itm: 0.5640  time: 1.5992  data: 0.0748  max mem: 18682
Train Epoch: [22] Total time: 0:05:51 (1.6041 s / it)
Averaged stats: lr: 0.0000  loss_itm: 0.4793
Val :   [ 0/50]  eta: 0:00:12    time: 0.2580  data: 0.1574  max mem: 18682
Val :   [49/50]  eta: 0:00:00    time: 0.2441  data: 0.1474  max mem: 18682
Val :  Total time: 0:00:12 (0.2516 s / it)
F1-score: 0.41959112882614136
Accuracy: 0.5109454393386841
Specificity: 0.5109454393386841
recall: 0.5109454393386841
Precision: 0.5295491814613342
Evaluation time 0:00:12
Train Epoch: [23]  [  0/219]  eta: 0:06:25  lr: 0.000000  loss_itm: 0.4705  time: 1.7598  data: 0.0767  max mem: 18682
Train Epoch: [23]  [ 50/219]  eta: 0:04:31  lr: 0.000000  loss_itm: 0.4326  time: 1.6037  data: 0.0750  max mem: 18682
Train Epoch: [23]  [100/219]  eta: 0:03:10  lr: 0.000000  loss_itm: 0.5294  time: 1.6005  data: 0.0770  max mem: 18682
Train Epoch: [23]  [150/219]  eta: 0:01:50  lr: 0.000000  loss_itm: 0.3171  time: 1.6022  data: 0.0744  max mem: 18682
Train Epoch: [23]  [200/219]  eta: 0:00:30  lr: 0.000000  loss_itm: 0.3930  time: 1.6020  data: 0.0755  max mem: 18682
Train Epoch: [23]  [218/219]  eta: 0:00:01  lr: 0.000000  loss_itm: 0.5761  time: 1.6024  data: 0.0747  max mem: 18682
Train Epoch: [23] Total time: 0:05:50 (1.6025 s / it)
Averaged stats: lr: 0.0000  loss_itm: 0.4751
Val :   [ 0/50]  eta: 0:00:12    time: 0.2580  data: 0.1569  max mem: 18682
Val :   [49/50]  eta: 0:00:00    time: 0.2441  data: 0.1481  max mem: 18682
Val :  Total time: 0:00:12 (0.2517 s / it)
F1-score: 0.4205901622772217
Accuracy: 0.5082487463951111
Specificity: 0.5082486867904663
recall: 0.5082486867904663
Precision: 0.5208911895751953
Evaluation time 0:00:12
Train Epoch: [24]  [  0/219]  eta: 0:06:23  lr: 0.000000  loss_itm: 0.5558  time: 1.7513  data: 0.0761  max mem: 18682
Train Epoch: [24]  [ 50/219]  eta: 0:04:31  lr: 0.000000  loss_itm: 0.3615  time: 1.6015  data: 0.0744  max mem: 18682
Train Epoch: [24]  [100/219]  eta: 0:03:10  lr: 0.000000  loss_itm: 0.5387  time: 1.6044  data: 0.0749  max mem: 18682
Train Epoch: [24]  [150/219]  eta: 0:01:50  lr: 0.000000  loss_itm: 0.3296  time: 1.6009  data: 0.0750  max mem: 18682
Train Epoch: [24]  [200/219]  eta: 0:00:30  lr: 0.000000  loss_itm: 0.5776  time: 1.6059  data: 0.0752  max mem: 18682
Train Epoch: [24]  [218/219]  eta: 0:00:01  lr: 0.000000  loss_itm: 0.5928  time: 1.6044  data: 0.0754  max mem: 18682
Train Epoch: [24] Total time: 0:05:51 (1.6033 s / it)
Averaged stats: lr: 0.0000  loss_itm: 0.4722
Val :   [ 0/50]  eta: 0:00:12    time: 0.2576  data: 0.1568  max mem: 18682
Val :   [49/50]  eta: 0:00:00    time: 0.2434  data: 0.1475  max mem: 18682
Val :  Total time: 0:00:12 (0.2511 s / it)
F1-score: 0.4293111264705658
Accuracy: 0.5164974331855774
Specificity: 0.5164974927902222
recall: 0.5164974927902222
Precision: 0.5424203276634216
Evaluation time 0:00:12
Train Epoch: [25]  [  0/219]  eta: 0:06:23  lr: 0.000000  loss_itm: 0.4467  time: 1.7507  data: 0.0794  max mem: 18682
Train Epoch: [25]  [ 50/219]  eta: 0:04:31  lr: 0.000000  loss_itm: 0.5093  time: 1.6049  data: 0.0743  max mem: 18682
Train Epoch: [25]  [100/219]  eta: 0:03:10  lr: 0.000000  loss_itm: 0.4757  time: 1.6000  data: 0.0731  max mem: 18682
Train Epoch: [25]  [150/219]  eta: 0:01:50  lr: 0.000000  loss_itm: 0.4280  time: 1.6010  data: 0.0748  max mem: 18682
Train Epoch: [25]  [200/219]  eta: 0:00:30  lr: 0.000000  loss_itm: 0.4260  time: 1.5933  data: 0.0741  max mem: 18682
Train Epoch: [25]  [218/219]  eta: 0:00:01  lr: 0.000000  loss_itm: 0.5397  time: 1.5988  data: 0.0751  max mem: 18682
Train Epoch: [25] Total time: 0:05:50 (1.6006 s / it)
Averaged stats: lr: 0.0000  loss_itm: 0.4740
Val :   [ 0/50]  eta: 0:00:12    time: 0.2552  data: 0.1565  max mem: 18682
Val :   [49/50]  eta: 0:00:00    time: 0.2431  data: 0.1472  max mem: 18682
Val :  Total time: 0:00:12 (0.2507 s / it)
F1-score: 0.42398160696029663
Accuracy: 0.5093591213226318
Specificity: 0.5093591213226318
recall: 0.5093591213226318
Precision: 0.5229886770248413
Evaluation time 0:00:12
Train Epoch: [26]  [  0/219]  eta: 0:06:17  lr: 0.000000  loss_itm: 0.3557  time: 1.7259  data: 0.0736  max mem: 18682
Train Epoch: [26]  [ 50/219]  eta: 0:04:31  lr: 0.000000  loss_itm: 0.3897  time: 1.6016  data: 0.0742  max mem: 18682
Train Epoch: [26]  [100/219]  eta: 0:03:10  lr: 0.000000  loss_itm: 0.4943  time: 1.6008  data: 0.0750  max mem: 18682
Train Epoch: [26]  [150/219]  eta: 0:01:50  lr: 0.000000  loss_itm: 0.5934  time: 1.6003  data: 0.0755  max mem: 18682
Train Epoch: [26]  [200/219]  eta: 0:00:30  lr: 0.000000  loss_itm: 0.4146  time: 1.6046  data: 0.0754  max mem: 18682
Train Epoch: [26]  [218/219]  eta: 0:00:01  lr: 0.000000  loss_itm: 0.4967  time: 1.6038  data: 0.0745  max mem: 18682
Train Epoch: [26] Total time: 0:05:51 (1.6036 s / it)
Averaged stats: lr: 0.0000  loss_itm: 0.4704
Val :   [ 0/50]  eta: 0:00:12    time: 0.2569  data: 0.1569  max mem: 18682
Val :   [49/50]  eta: 0:00:00    time: 0.2441  data: 0.1476  max mem: 18682
Val :  Total time: 0:00:12 (0.2513 s / it)
F1-score: 0.42007678747177124
Accuracy: 0.507455587387085
Specificity: 0.507455587387085
recall: 0.507455587387085
Precision: 0.5187652707099915
Evaluation time 0:00:12
Train Epoch: [27]  [  0/219]  eta: 0:06:28  lr: 0.000000  loss_itm: 0.4469  time: 1.7727  data: 0.0763  max mem: 18682
Train Epoch: [27]  [ 50/219]  eta: 0:04:31  lr: 0.000000  loss_itm: 0.4297  time: 1.6030  data: 0.0742  max mem: 18682
Train Epoch: [27]  [100/219]  eta: 0:03:10  lr: 0.000000  loss_itm: 0.3615  time: 1.6035  data: 0.0746  max mem: 18682
Train Epoch: [27]  [150/219]  eta: 0:01:50  lr: 0.000000  loss_itm: 0.3652  time: 1.5977  data: 0.0745  max mem: 18682
Train Epoch: [27]  [200/219]  eta: 0:00:30  lr: 0.000000  loss_itm: 0.3996  time: 1.6076  data: 0.0746  max mem: 18682
Train Epoch: [27]  [218/219]  eta: 0:00:01  lr: 0.000000  loss_itm: 0.5565  time: 1.6029  data: 0.0743  max mem: 18682
Train Epoch: [27] Total time: 0:05:51 (1.6029 s / it)
Averaged stats: lr: 0.0000  loss_itm: 0.4689
Val :   [ 0/50]  eta: 0:00:12    time: 0.2568  data: 0.1586  max mem: 18682
Val :   [49/50]  eta: 0:00:00    time: 0.2433  data: 0.1470  max mem: 18682
Val :  Total time: 0:00:12 (0.2508 s / it)
F1-score: 0.4219825267791748
Accuracy: 0.5093591213226318
Specificity: 0.5093591213226318
recall: 0.5093591213226318
Precision: 0.5236738920211792
Evaluation time 0:00:12
Train Epoch: [28]  [  0/219]  eta: 0:06:32  lr: 0.000000  loss_itm: 0.4202  time: 1.7929  data: 0.0770  max mem: 18682
Train Epoch: [28]  [ 50/219]  eta: 0:04:31  lr: 0.000000  loss_itm: 0.4657  time: 1.6016  data: 0.0749  max mem: 18682
Train Epoch: [28]  [100/219]  eta: 0:03:10  lr: 0.000000  loss_itm: 0.4713  time: 1.5997  data: 0.0747  max mem: 18682
Train Epoch: [28]  [150/219]  eta: 0:01:50  lr: 0.000000  loss_itm: 0.4199  time: 1.6017  data: 0.0746  max mem: 18682
Train Epoch: [28]  [200/219]  eta: 0:00:30  lr: 0.000000  loss_itm: 0.3239  time: 1.6050  data: 0.0735  max mem: 18682
Train Epoch: [28]  [218/219]  eta: 0:00:01  lr: 0.000000  loss_itm: 0.4506  time: 1.6044  data: 0.0749  max mem: 18682
Train Epoch: [28] Total time: 0:05:51 (1.6029 s / it)
Averaged stats: lr: 0.0000  loss_itm: 0.4744
Val :   [ 0/50]  eta: 0:00:12    time: 0.2545  data: 0.1553  max mem: 18682
Val :   [49/50]  eta: 0:00:00    time: 0.2433  data: 0.1475  max mem: 18682
Val :  Total time: 0:00:12 (0.2507 s / it)
F1-score: 0.41878753900527954
Accuracy: 0.5065038204193115
Specificity: 0.5065038204193115
recall: 0.5065038204193115
Precision: 0.5164104104042053
Evaluation time 0:00:12
Train Epoch: [29]  [  0/219]  eta: 0:06:26  lr: 0.000000  loss_itm: 0.6398  time: 1.7655  data: 0.0737  max mem: 18682
Train Epoch: [29]  [ 50/219]  eta: 0:04:31  lr: 0.000000  loss_itm: 0.4889  time: 1.6028  data: 0.0747  max mem: 18682
Train Epoch: [29]  [100/219]  eta: 0:03:10  lr: 0.000000  loss_itm: 0.5806  time: 1.6034  data: 0.0754  max mem: 18682
Train Epoch: [29]  [150/219]  eta: 0:01:50  lr: 0.000000  loss_itm: 0.4466  time: 1.6016  data: 0.0752  max mem: 18682
Train Epoch: [29]  [200/219]  eta: 0:00:30  lr: 0.000000  loss_itm: 0.3915  time: 1.6003  data: 0.0757  max mem: 18682
Train Epoch: [29]  [218/219]  eta: 0:00:01  lr: 0.000000  loss_itm: 0.4666  time: 1.6055  data: 0.0750  max mem: 18682
Train Epoch: [29] Total time: 0:05:51 (1.6033 s / it)
Averaged stats: lr: 0.0000  loss_itm: 0.4647
Val :   [ 0/50]  eta: 0:00:12    time: 0.2571  data: 0.1570  max mem: 18682
Val :   [49/50]  eta: 0:00:00    time: 0.2441  data: 0.1481  max mem: 18682
Val :  Total time: 0:00:12 (0.2520 s / it)
F1-score: 0.4207954704761505
Accuracy: 0.5065038204193115
Specificity: 0.5065038204193115
recall: 0.5065038204193115
Precision: 0.5159369707107544
Evaluation time 0:00:12
Train Epoch: [30]  [  0/219]  eta: 0:06:26  lr: 0.000000  loss_itm: 0.5574  time: 1.7632  data: 0.0746  max mem: 18682
Train Epoch: [30]  [ 50/219]  eta: 0:04:31  lr: 0.000000  loss_itm: 0.5569  time: 1.6025  data: 0.0753  max mem: 18682
Train Epoch: [30]  [100/219]  eta: 0:03:10  lr: 0.000000  loss_itm: 0.3844  time: 1.6031  data: 0.0743  max mem: 18682
Train Epoch: [30]  [150/219]  eta: 0:01:50  lr: 0.000000  loss_itm: 0.3955  time: 1.6064  data: 0.0747  max mem: 18682
Train Epoch: [30]  [200/219]  eta: 0:00:30  lr: 0.000000  loss_itm: 0.5729  time: 1.5988  data: 0.0749  max mem: 18682
Train Epoch: [30]  [218/219]  eta: 0:00:01  lr: 0.000000  loss_itm: 0.3609  time: 1.5996  data: 0.0754  max mem: 18682
Train Epoch: [30] Total time: 0:05:51 (1.6038 s / it)
Averaged stats: lr: 0.0000  loss_itm: 0.4705
Val :   [ 0/50]  eta: 0:00:12    time: 0.2563  data: 0.1559  max mem: 18682
Val :   [49/50]  eta: 0:00:00    time: 0.2438  data: 0.1479  max mem: 18682
Val :  Total time: 0:00:12 (0.2507 s / it)
F1-score: 0.42311397194862366
Accuracy: 0.5111040472984314
Specificity: 0.5111040472984314
recall: 0.5111040472984314
Precision: 0.5284795165061951
Evaluation time 0:00:12
Train Epoch: [31]  [  0/219]  eta: 0:06:30  lr: 0.000000  loss_itm: 0.5230  time: 1.7836  data: 0.0795  max mem: 18682
Train Epoch: [31]  [ 50/219]  eta: 0:04:31  lr: 0.000000  loss_itm: 0.4185  time: 1.6031  data: 0.0750  max mem: 18682
Train Epoch: [31]  [100/219]  eta: 0:03:10  lr: 0.000000  loss_itm: 0.5416  time: 1.5998  data: 0.0745  max mem: 18682
Train Epoch: [31]  [150/219]  eta: 0:01:50  lr: 0.000000  loss_itm: 0.5401  time: 1.6055  data: 0.0747  max mem: 18682
Train Epoch: [31]  [200/219]  eta: 0:00:30  lr: 0.000000  loss_itm: 0.3109  time: 1.6043  data: 0.0748  max mem: 18682
Train Epoch: [31]  [218/219]  eta: 0:00:01  lr: 0.000000  loss_itm: 0.4838  time: 1.6026  data: 0.0742  max mem: 18682
Train Epoch: [31] Total time: 0:05:50 (1.6020 s / it)
Averaged stats: lr: 0.0000  loss_itm: 0.4664
Val :   [ 0/50]  eta: 0:00:12    time: 0.2573  data: 0.1570  max mem: 18682
Val :   [49/50]  eta: 0:00:00    time: 0.2436  data: 0.1478  max mem: 18682
Val :  Total time: 0:00:12 (0.2514 s / it)
F1-score: 0.4222400486469269
Accuracy: 0.5087246298789978
Specificity: 0.5087246298789978
recall: 0.5087246298789978
Precision: 0.5217440128326416
Evaluation time 0:00:12
Train Epoch: [32]  [  0/219]  eta: 0:06:21  lr: 0.000000  loss_itm: 0.5496  time: 1.7434  data: 0.0789  max mem: 18682
Train Epoch: [32]  [ 50/219]  eta: 0:04:31  lr: 0.000000  loss_itm: 0.3794  time: 1.5996  data: 0.0746  max mem: 18682
Train Epoch: [32]  [100/219]  eta: 0:03:11  lr: 0.000000  loss_itm: 0.4932  time: 1.6055  data: 0.0750  max mem: 18682
Train Epoch: [32]  [150/219]  eta: 0:01:50  lr: 0.000000  loss_itm: 0.5428  time: 1.6040  data: 0.0745  max mem: 18682
Train Epoch: [32]  [200/219]  eta: 0:00:30  lr: 0.000000  loss_itm: 0.4448  time: 1.6034  data: 0.0742  max mem: 18682
Train Epoch: [32]  [218/219]  eta: 0:00:01  lr: 0.000000  loss_itm: 0.5522  time: 1.6044  data: 0.0754  max mem: 18682
Train Epoch: [32] Total time: 0:05:51 (1.6053 s / it)
Averaged stats: lr: 0.0000  loss_itm: 0.4622
Val :   [ 0/50]  eta: 0:00:12    time: 0.2570  data: 0.1563  max mem: 18682
Val :   [49/50]  eta: 0:00:00    time: 0.2444  data: 0.1483  max mem: 18682
Val :  Total time: 0:00:12 (0.2512 s / it)
F1-score: 0.4242492616176605
Accuracy: 0.5107868313789368
Specificity: 0.510786771774292
recall: 0.510786771774292
Precision: 0.52704918384552
Evaluation time 0:00:12
Train Epoch: [33]  [  0/219]  eta: 0:06:29  lr: 0.000000  loss_itm: 0.3203  time: 1.7777  data: 0.0758  max mem: 18682
Train Epoch: [33]  [ 50/219]  eta: 0:04:31  lr: 0.000000  loss_itm: 0.3868  time: 1.6016  data: 0.0747  max mem: 18682
Train Epoch: [33]  [100/219]  eta: 0:03:10  lr: 0.000000  loss_itm: 0.3342  time: 1.6030  data: 0.0743  max mem: 18682
Train Epoch: [33]  [150/219]  eta: 0:01:50  lr: 0.000000  loss_itm: 0.3835  time: 1.6054  data: 0.0745  max mem: 18682
Train Epoch: [33]  [200/219]  eta: 0:00:30  lr: 0.000000  loss_itm: 0.3717  time: 1.6044  data: 0.0740  max mem: 18682
Train Epoch: [33]  [218/219]  eta: 0:00:01  lr: 0.000000  loss_itm: 0.5700  time: 1.6053  data: 0.0752  max mem: 18682
Train Epoch: [33] Total time: 0:05:51 (1.6049 s / it)
Averaged stats: lr: 0.0000  loss_itm: 0.4652
Val :   [ 0/50]  eta: 0:00:12    time: 0.2539  data: 0.1553  max mem: 18682
Val :   [49/50]  eta: 0:00:00    time: 0.2451  data: 0.1490  max mem: 18682
Val :  Total time: 0:00:12 (0.2520 s / it)
F1-score: 0.42471444606781006
Accuracy: 0.5125316977500916
Specificity: 0.5125316977500916
recall: 0.5125316977500916
Precision: 0.5321820974349976
Evaluation time 0:00:12
Train Epoch: [34]  [  0/219]  eta: 0:06:26  lr: 0.000000  loss_itm: 0.6531  time: 1.7642  data: 0.0837  max mem: 18682
Train Epoch: [34]  [ 50/219]  eta: 0:04:31  lr: 0.000000  loss_itm: 0.4651  time: 1.6028  data: 0.0744  max mem: 18682
Train Epoch: [34]  [100/219]  eta: 0:03:10  lr: 0.000000  loss_itm: 0.5487  time: 1.6004  data: 0.0745  max mem: 18682
Train Epoch: [34]  [150/219]  eta: 0:01:50  lr: 0.000000  loss_itm: 0.3640  time: 1.6005  data: 0.0750  max mem: 18682
Train Epoch: [34]  [200/219]  eta: 0:00:30  lr: 0.000000  loss_itm: 0.3799  time: 1.6015  data: 0.0746  max mem: 18682
Train Epoch: [34]  [218/219]  eta: 0:00:01  lr: 0.000000  loss_itm: 0.6424  time: 1.6064  data: 0.0746  max mem: 18682
Train Epoch: [34] Total time: 0:05:51 (1.6040 s / it)
Averaged stats: lr: 0.0000  loss_itm: 0.4650
Val :   [ 0/50]  eta: 0:00:12    time: 0.2569  data: 0.1589  max mem: 18682
Val :   [49/50]  eta: 0:00:00    time: 0.2440  data: 0.1482  max mem: 18682
Val :  Total time: 0:00:12 (0.2511 s / it)
F1-score: 0.42347756028175354
Accuracy: 0.5106281638145447
Specificity: 0.5106281638145447
recall: 0.5106281638145447
Precision: 0.5268839001655579
Evaluation time 0:00:12
Train Epoch: [35]  [  0/219]  eta: 0:06:20  lr: 0.000000  loss_itm: 0.4325  time: 1.7384  data: 0.0767  max mem: 18682
Train Epoch: [35]  [ 50/219]  eta: 0:04:30  lr: 0.000000  loss_itm: 0.4674  time: 1.6003  data: 0.0747  max mem: 18682
Train Epoch: [35]  [100/219]  eta: 0:03:10  lr: 0.000000  loss_itm: 0.6211  time: 1.6047  data: 0.0754  max mem: 18682
Train Epoch: [35]  [150/219]  eta: 0:01:50  lr: 0.000000  loss_itm: 0.3904  time: 1.6004  data: 0.0749  max mem: 18682
Train Epoch: [35]  [200/219]  eta: 0:00:30  lr: 0.000000  loss_itm: 0.4274  time: 1.6016  data: 0.0751  max mem: 18682
Train Epoch: [35]  [218/219]  eta: 0:00:01  lr: 0.000000  loss_itm: 0.4839  time: 1.5995  data: 0.0741  max mem: 18682
Train Epoch: [35] Total time: 0:05:50 (1.6024 s / it)
Averaged stats: lr: 0.0000  loss_itm: 0.4580
Val :   [ 0/50]  eta: 0:00:12    time: 0.2546  data: 0.1562  max mem: 18682
Val :   [49/50]  eta: 0:00:00    time: 0.2442  data: 0.1483  max mem: 18682
Val :  Total time: 0:00:12 (0.2514 s / it)
F1-score: 0.42110511660575867
Accuracy: 0.5069797039031982
Specificity: 0.5069797039031982
recall: 0.5069797039031982
Precision: 0.5171647071838379
Evaluation time 0:00:12
Train Epoch: [36]  [  0/219]  eta: 0:06:24  lr: 0.000000  loss_itm: 0.3554  time: 1.7558  data: 0.0747  max mem: 18682
Train Epoch: [36]  [ 50/219]  eta: 0:04:30  lr: 0.000000  loss_itm: 0.5926  time: 1.6012  data: 0.0745  max mem: 18682
Train Epoch: [36]  [100/219]  eta: 0:03:10  lr: 0.000000  loss_itm: 0.5266  time: 1.6051  data: 0.0747  max mem: 18682
Train Epoch: [36]  [150/219]  eta: 0:01:50  lr: 0.000000  loss_itm: 0.6485  time: 1.6037  data: 0.0747  max mem: 18682
Train Epoch: [36]  [200/219]  eta: 0:00:30  lr: 0.000000  loss_itm: 0.4957  time: 1.6015  data: 0.0753  max mem: 18682
Train Epoch: [36]  [218/219]  eta: 0:00:01  lr: 0.000000  loss_itm: 0.4667  time: 1.6024  data: 0.0754  max mem: 18682
Train Epoch: [36] Total time: 0:05:50 (1.6005 s / it)
Averaged stats: lr: 0.0000  loss_itm: 0.4609
Val :   [ 0/50]  eta: 0:00:12    time: 0.2555  data: 0.1562  max mem: 18682
Val :   [49/50]  eta: 0:00:00    time: 0.2433  data: 0.1474  max mem: 18682
Val :  Total time: 0:00:12 (0.2513 s / it)
F1-score: 0.427244633436203
Accuracy: 0.5153870582580566
Specificity: 0.5153870582580566
recall: 0.5153870582580566
Precision: 0.5400254130363464
Evaluation time 0:00:12
Train Epoch: [37]  [  0/219]  eta: 0:06:23  lr: 0.000000  loss_itm: 0.6367  time: 1.7500  data: 0.0736  max mem: 18682
Train Epoch: [37]  [ 50/219]  eta: 0:04:31  lr: 0.000000  loss_itm: 0.5256  time: 1.6017  data: 0.0745  max mem: 18682
Train Epoch: [37]  [100/219]  eta: 0:03:10  lr: 0.000000  loss_itm: 0.4190  time: 1.6064  data: 0.0754  max mem: 18682
Train Epoch: [37]  [150/219]  eta: 0:01:50  lr: 0.000000  loss_itm: 0.4819  time: 1.6000  data: 0.0750  max mem: 18682
Train Epoch: [37]  [200/219]  eta: 0:00:30  lr: 0.000000  loss_itm: 0.2587  time: 1.6018  data: 0.0736  max mem: 18682
Train Epoch: [37]  [218/219]  eta: 0:00:01  lr: 0.000000  loss_itm: 0.4030  time: 1.6106  data: 0.0748  max mem: 18682
Train Epoch: [37] Total time: 0:05:50 (1.6018 s / it)
Averaged stats: lr: 0.0000  loss_itm: 0.4637
Val :   [ 0/50]  eta: 0:00:12    time: 0.2550  data: 0.1558  max mem: 18682
Val :   [49/50]  eta: 0:00:00    time: 0.2433  data: 0.1471  max mem: 18682
Val :  Total time: 0:00:12 (0.2505 s / it)
F1-score: 0.4207476079463959
Accuracy: 0.507455587387085
Specificity: 0.507455587387085
recall: 0.507455587387085
Precision: 0.5185812711715698
Evaluation time 0:00:12
Train Epoch: [38]  [  0/219]  eta: 0:06:20  lr: 0.000000  loss_itm: 0.3208  time: 1.7389  data: 0.0762  max mem: 18682
Train Epoch: [38]  [ 50/219]  eta: 0:04:31  lr: 0.000000  loss_itm: 0.3956  time: 1.6046  data: 0.0751  max mem: 18682
Train Epoch: [38]  [100/219]  eta: 0:03:10  lr: 0.000000  loss_itm: 0.3427  time: 1.6026  data: 0.0750  max mem: 18682
Train Epoch: [38]  [150/219]  eta: 0:01:50  lr: 0.000000  loss_itm: 0.3752  time: 1.6038  data: 0.0750  max mem: 18682
Train Epoch: [38]  [200/219]  eta: 0:00:30  lr: 0.000000  loss_itm: 0.4460  time: 1.6037  data: 0.0752  max mem: 18682
Train Epoch: [38]  [218/219]  eta: 0:00:01  lr: 0.000000  loss_itm: 0.4400  time: 1.6047  data: 0.0749  max mem: 18682
Train Epoch: [38] Total time: 0:05:50 (1.6026 s / it)
Averaged stats: lr: 0.0000  loss_itm: 0.4623
Val :   [ 0/50]  eta: 0:00:12    time: 0.2556  data: 0.1568  max mem: 18682
Val :   [49/50]  eta: 0:00:00    time: 0.2441  data: 0.1482  max mem: 18682
Val :  Total time: 0:00:12 (0.2513 s / it)
F1-score: 0.424039363861084
Accuracy: 0.5125316977500916
Specificity: 0.5125316977500916
recall: 0.5125316977500916
Precision: 0.5325138568878174
Evaluation time 0:00:12
Train Epoch: [39]  [  0/219]  eta: 0:06:20  lr: 0.000000  loss_itm: 0.5163  time: 1.7395  data: 0.0759  max mem: 18682
Train Epoch: [39]  [ 50/219]  eta: 0:04:31  lr: 0.000000  loss_itm: 0.5654  time: 1.6008  data: 0.0754  max mem: 18682
Train Epoch: [39]  [100/219]  eta: 0:03:10  lr: 0.000000  loss_itm: 0.3947  time: 1.6058  data: 0.0754  max mem: 18682
Train Epoch: [39]  [150/219]  eta: 0:01:50  lr: 0.000000  loss_itm: 0.4412  time: 1.5980  data: 0.0756  max mem: 18682
Train Epoch: [39]  [200/219]  eta: 0:00:30  lr: 0.000000  loss_itm: 0.5647  time: 1.5960  data: 0.0748  max mem: 18682
Train Epoch: [39]  [218/219]  eta: 0:00:01  lr: 0.000000  loss_itm: 0.6005  time: 1.6011  data: 0.0752  max mem: 18682
Train Epoch: [39] Total time: 0:05:51 (1.6038 s / it)
Averaged stats: lr: 0.0000  loss_itm: 0.4611
Val :   [ 0/50]  eta: 0:00:12    time: 0.2522  data: 0.1562  max mem: 18682
Val :   [49/50]  eta: 0:00:00    time: 0.2435  data: 0.1471  max mem: 18682
Val :  Total time: 0:00:12 (0.2512 s / it)
F1-score: 0.42218828201293945
Accuracy: 0.5096763968467712
Specificity: 0.5096763968467712
recall: 0.5096763968467712
Precision: 0.5245376825332642
Evaluation time 0:00:12
Training time 4:02:48
