/opt/conda/envs/layoutlmv3/lib/python3.7/site-packages/torch/distributed/launch.py:188: FutureWarning: The module torch.distributed.launch is deprecated
and will be removed in future. Use torchrun.
Note that --use_env is set by default in torchrun.
If your script expects `--local_rank` argument to be set, please
change it to read from `os.environ['LOCAL_RANK']` instead. See 
https://pytorch.org/docs/stable/distributed.html#launch-utility for 
further instructions

  FutureWarning,
WARNING:torch.distributed.run:
*****************************************
Setting OMP_NUM_THREADS environment variable for each process to be 1 in default, to avoid your system being overloaded, please further tune the variable for optimal performance in your application as needed. 
*****************************************
Namespace(batch_size=4, datasize=None, device='cuda', dist_url='env://', input_file='/nlp_group/wuxing/yuhuimu/AB-layoutlmv3/data/data_processed_ori/', learning_rate=1e-05, max_epochs=30, model_name='microsoft/layoutlmv3-base-chinese', model_params=None, output_model_dir='/nlp_group/wuxing/yuhuimu/AB-layoutlmv3/output/pretrain__lr1e-5_bs_4/', pretrained='/nlp_group/wuxing/yuhuimu/AB-layoutlmv3/pytorch_model.bin', ratio_train=0.9, seed=42, tokenizer_vocab_dir='/nlp_group/wuxing/yuhuimu/AB-layoutlmv3/data/tokenizer_/', world_size=1)
Namespace(batch_size=4, datasize=None, device='cuda', dist_url='env://', input_file='/nlp_group/wuxing/yuhuimu/AB-layoutlmv3/data/data_processed_ori/', learning_rate=1e-05, max_epochs=30, model_name='microsoft/layoutlmv3-base-chinese', model_params=None, output_model_dir='/nlp_group/wuxing/yuhuimu/AB-layoutlmv3/output/pretrain__lr1e-5_bs_4/', pretrained='/nlp_group/wuxing/yuhuimu/AB-layoutlmv3/pytorch_model.bin', ratio_train=0.9, seed=42, tokenizer_vocab_dir='/nlp_group/wuxing/yuhuimu/AB-layoutlmv3/data/tokenizer_/', world_size=1)
Namespace(batch_size=4, datasize=None, device='cuda', dist_url='env://', input_file='/nlp_group/wuxing/yuhuimu/AB-layoutlmv3/data/data_processed_ori/', learning_rate=1e-05, max_epochs=30, model_name='microsoft/layoutlmv3-base-chinese', model_params=None, output_model_dir='/nlp_group/wuxing/yuhuimu/AB-layoutlmv3/output/pretrain__lr1e-5_bs_4/', pretrained='/nlp_group/wuxing/yuhuimu/AB-layoutlmv3/pytorch_model.bin', ratio_train=0.9, seed=42, tokenizer_vocab_dir='/nlp_group/wuxing/yuhuimu/AB-layoutlmv3/data/tokenizer_/', world_size=1)
Namespace(batch_size=4, datasize=None, device='cuda', dist_url='env://', input_file='/nlp_group/wuxing/yuhuimu/AB-layoutlmv3/data/data_processed_ori/', learning_rate=1e-05, max_epochs=30, model_name='microsoft/layoutlmv3-base-chinese', model_params=None, output_model_dir='/nlp_group/wuxing/yuhuimu/AB-layoutlmv3/output/pretrain__lr1e-5_bs_4/', pretrained='/nlp_group/wuxing/yuhuimu/AB-layoutlmv3/pytorch_model.bin', ratio_train=0.9, seed=42, tokenizer_vocab_dir='/nlp_group/wuxing/yuhuimu/AB-layoutlmv3/data/tokenizer_/', world_size=1)
| distributed init (rank 1, word 4): env://
| distributed init (rank 0, word 4): env://
| distributed init (rank 3, word 4): env://
| distributed init (rank 2, word 4): env://
ai-platform-wlf1-ge10-1:25439:25439 [0] NCCL INFO Bootstrap : Using eth01:10.80.205.179<0>
ai-platform-wlf1-ge10-1:25439:25439 [0] NCCL INFO NET/Plugin : No plugin found (libnccl-net.so), using internal implementation
ai-platform-wlf1-ge10-1:25439:25439 [0] NCCL INFO cudaDriverVersion 11040
NCCL version 2.14.3+cuda11.7
ai-platform-wlf1-ge10-1:25443:25443 [3] NCCL INFO cudaDriverVersion 11040
ai-platform-wlf1-ge10-1:25439:25476 [0] NCCL INFO NCCL_IB_DISABLE set by environment to 0.
ai-platform-wlf1-ge10-1:25439:25476 [0] NCCL INFO Failed to open libibverbs.so[.1]
ai-platform-wlf1-ge10-1:25443:25443 [3] NCCL INFO Bootstrap : Using eth01:10.80.205.179<0>
ai-platform-wlf1-ge10-1:25443:25443 [3] NCCL INFO NET/Plugin : No plugin found (libnccl-net.so), using internal implementation
ai-platform-wlf1-ge10-1:25439:25476 [0] NCCL INFO NET/Socket : Using [0]eth01:10.80.205.179<0>
ai-platform-wlf1-ge10-1:25439:25476 [0] NCCL INFO Using network Socket
ai-platform-wlf1-ge10-1:25443:25477 [3] NCCL INFO NCCL_IB_DISABLE set by environment to 0.
ai-platform-wlf1-ge10-1:25443:25477 [3] NCCL INFO Failed to open libibverbs.so[.1]
ai-platform-wlf1-ge10-1:25443:25477 [3] NCCL INFO NET/Socket : Using [0]eth01:10.80.205.179<0>
ai-platform-wlf1-ge10-1:25443:25477 [3] NCCL INFO Using network Socket
ai-platform-wlf1-ge10-1:25440:25440 [1] NCCL INFO cudaDriverVersion 11040
ai-platform-wlf1-ge10-1:25440:25440 [1] NCCL INFO Bootstrap : Using eth01:10.80.205.179<0>
ai-platform-wlf1-ge10-1:25440:25440 [1] NCCL INFO NET/Plugin : No plugin found (libnccl-net.so), using internal implementation
ai-platform-wlf1-ge10-1:25440:25478 [1] NCCL INFO NCCL_IB_DISABLE set by environment to 0.
ai-platform-wlf1-ge10-1:25440:25478 [1] NCCL INFO Failed to open libibverbs.so[.1]
ai-platform-wlf1-ge10-1:25440:25478 [1] NCCL INFO NET/Socket : Using [0]eth01:10.80.205.179<0>
ai-platform-wlf1-ge10-1:25440:25478 [1] NCCL INFO Using network Socket
ai-platform-wlf1-ge10-1:25441:25441 [2] NCCL INFO cudaDriverVersion 11040
ai-platform-wlf1-ge10-1:25441:25441 [2] NCCL INFO Bootstrap : Using eth01:10.80.205.179<0>
ai-platform-wlf1-ge10-1:25441:25441 [2] NCCL INFO NET/Plugin : No plugin found (libnccl-net.so), using internal implementation
ai-platform-wlf1-ge10-1:25441:25479 [2] NCCL INFO NCCL_IB_DISABLE set by environment to 0.
ai-platform-wlf1-ge10-1:25441:25479 [2] NCCL INFO Failed to open libibverbs.so[.1]
ai-platform-wlf1-ge10-1:25441:25479 [2] NCCL INFO NET/Socket : Using [0]eth01:10.80.205.179<0>
ai-platform-wlf1-ge10-1:25441:25479 [2] NCCL INFO Using network Socket
ai-platform-wlf1-ge10-1:25440:25478 [1] NCCL INFO P2P is disabled between connected GPUs 1 and 0. You can repress this message with NCCL_IGNORE_DISABLED_P2P=1.
ai-platform-wlf1-ge10-1:25440:25478 [1] NCCL INFO P2P is disabled between connected GPUs 1 and 0. You can repress this message with NCCL_IGNORE_DISABLED_P2P=1.
ai-platform-wlf1-ge10-1:25440:25478 [1] NCCL INFO Could not enable P2P between dev 1(=24000) and dev 0(=1000)
ai-platform-wlf1-ge10-1:25440:25478 [1] NCCL INFO Could not enable P2P between dev 2(=81000) and dev 0(=1000)
ai-platform-wlf1-ge10-1:25440:25478 [1] NCCL INFO Could not enable P2P between dev 3(=e1000) and dev 0(=1000)
ai-platform-wlf1-ge10-1:25440:25478 [1] NCCL INFO P2P is disabled between connected GPUs 0 and 1. You can repress this message with NCCL_IGNORE_DISABLED_P2P=1.
ai-platform-wlf1-ge10-1:25440:25478 [1] NCCL INFO P2P is disabled between connected GPUs 0 and 1. You can repress this message with NCCL_IGNORE_DISABLED_P2P=1.
ai-platform-wlf1-ge10-1:25440:25478 [1] NCCL INFO Could not enable P2P between dev 0(=1000) and dev 1(=24000)
ai-platform-wlf1-ge10-1:25440:25478 [1] NCCL INFO Could not enable P2P between dev 2(=81000) and dev 1(=24000)
ai-platform-wlf1-ge10-1:25440:25478 [1] NCCL INFO Could not enable P2P between dev 3(=e1000) and dev 1(=24000)
ai-platform-wlf1-ge10-1:25440:25478 [1] NCCL INFO P2P is disabled between connected GPUs 3 and 2. You can repress this message with NCCL_IGNORE_DISABLED_P2P=1.
ai-platform-wlf1-ge10-1:25440:25478 [1] NCCL INFO Could not enable P2P between dev 0(=1000) and dev 2(=81000)
ai-platform-wlf1-ge10-1:25440:25478 [1] NCCL INFO Could not enable P2P between dev 1(=24000) and dev 2(=81000)
ai-platform-wlf1-ge10-1:25440:25478 [1] NCCL INFO P2P is disabled between connected GPUs 3 and 2. You can repress this message with NCCL_IGNORE_DISABLED_P2P=1.
ai-platform-wlf1-ge10-1:25440:25478 [1] NCCL INFO Could not enable P2P between dev 3(=e1000) and dev 2(=81000)
ai-platform-wlf1-ge10-1:25440:25478 [1] NCCL INFO P2P is disabled between connected GPUs 2 and 3. You can repress this message with NCCL_IGNORE_DISABLED_P2P=1.
ai-platform-wlf1-ge10-1:25440:25478 [1] NCCL INFO Could not enable P2P between dev 0(=1000) and dev 3(=e1000)
ai-platform-wlf1-ge10-1:25440:25478 [1] NCCL INFO Could not enable P2P between dev 1(=24000) and dev 3(=e1000)
ai-platform-wlf1-ge10-1:25440:25478 [1] NCCL INFO P2P is disabled between connected GPUs 2 and 3. You can repress this message with NCCL_IGNORE_DISABLED_P2P=1.
ai-platform-wlf1-ge10-1:25440:25478 [1] NCCL INFO Could not enable P2P between dev 2(=81000) and dev 3(=e1000)
ai-platform-wlf1-ge10-1:25440:25478 [1] NCCL INFO P2P is disabled between connected GPUs 1 and 0. You can repress this message with NCCL_IGNORE_DISABLED_P2P=1.
ai-platform-wlf1-ge10-1:25440:25478 [1] NCCL INFO P2P is disabled between connected GPUs 1 and 0. You can repress this message with NCCL_IGNORE_DISABLED_P2P=1.
ai-platform-wlf1-ge10-1:25440:25478 [1] NCCL INFO Could not enable P2P between dev 1(=24000) and dev 0(=1000)
ai-platform-wlf1-ge10-1:25440:25478 [1] NCCL INFO Could not enable P2P between dev 2(=81000) and dev 0(=1000)
ai-platform-wlf1-ge10-1:25440:25478 [1] NCCL INFO Could not enable P2P between dev 3(=e1000) and dev 0(=1000)
ai-platform-wlf1-ge10-1:25440:25478 [1] NCCL INFO P2P is disabled between connected GPUs 0 and 1. You can repress this message with NCCL_IGNORE_DISABLED_P2P=1.
ai-platform-wlf1-ge10-1:25440:25478 [1] NCCL INFO P2P is disabled between connected GPUs 0 and 1. You can repress this message with NCCL_IGNORE_DISABLED_P2P=1.
ai-platform-wlf1-ge10-1:25440:25478 [1] NCCL INFO Could not enable P2P between dev 0(=1000) and dev 1(=24000)
ai-platform-wlf1-ge10-1:25440:25478 [1] NCCL INFO Could not enable P2P between dev 2(=81000) and dev 1(=24000)
ai-platform-wlf1-ge10-1:25440:25478 [1] NCCL INFO Could not enable P2P between dev 3(=e1000) and dev 1(=24000)
ai-platform-wlf1-ge10-1:25440:25478 [1] NCCL INFO P2P is disabled between connected GPUs 3 and 2. You can repress this message with NCCL_IGNORE_DISABLED_P2P=1.
ai-platform-wlf1-ge10-1:25440:25478 [1] NCCL INFO Could not enable P2P between dev 0(=1000) and dev 2(=81000)
ai-platform-wlf1-ge10-1:25440:25478 [1] NCCL INFO Could not enable P2P between dev 1(=24000) and dev 2(=81000)
ai-platform-wlf1-ge10-1:25440:25478 [1] NCCL INFO P2P is disabled between connected GPUs 3 and 2. You can repress this message with NCCL_IGNORE_DISABLED_P2P=1.
ai-platform-wlf1-ge10-1:25440:25478 [1] NCCL INFO Could not enable P2P between dev 3(=e1000) and dev 2(=81000)
ai-platform-wlf1-ge10-1:25440:25478 [1] NCCL INFO P2P is disabled between connected GPUs 2 and 3. You can repress this message with NCCL_IGNORE_DISABLED_P2P=1.
ai-platform-wlf1-ge10-1:25440:25478 [1] NCCL INFO Could not enable P2P between dev 0(=1000) and dev 3(=e1000)
ai-platform-wlf1-ge10-1:25440:25478 [1] NCCL INFO Could not enable P2P between dev 1(=24000) and dev 3(=e1000)
ai-platform-wlf1-ge10-1:25440:25478 [1] NCCL INFO P2P is disabled between connected GPUs 2 and 3. You can repress this message with NCCL_IGNORE_DISABLED_P2P=1.
ai-platform-wlf1-ge10-1:25440:25478 [1] NCCL INFO Could not enable P2P between dev 2(=81000) and dev 3(=e1000)
ai-platform-wlf1-ge10-1:25440:25478 [1] NCCL INFO Setting affinity for GPU 1 to ffffffff,00000000,ffffffff
ai-platform-wlf1-ge10-1:25443:25477 [3] NCCL INFO P2P is disabled between connected GPUs 1 and 0. You can repress this message with NCCL_IGNORE_DISABLED_P2P=1.
ai-platform-wlf1-ge10-1:25443:25477 [3] NCCL INFO P2P is disabled between connected GPUs 1 and 0. You can repress this message with NCCL_IGNORE_DISABLED_P2P=1.
ai-platform-wlf1-ge10-1:25443:25477 [3] NCCL INFO Could not enable P2P between dev 1(=24000) and dev 0(=1000)
ai-platform-wlf1-ge10-1:25443:25477 [3] NCCL INFO Could not enable P2P between dev 2(=81000) and dev 0(=1000)
ai-platform-wlf1-ge10-1:25443:25477 [3] NCCL INFO Could not enable P2P between dev 3(=e1000) and dev 0(=1000)
ai-platform-wlf1-ge10-1:25443:25477 [3] NCCL INFO P2P is disabled between connected GPUs 0 and 1. You can repress this message with NCCL_IGNORE_DISABLED_P2P=1.
ai-platform-wlf1-ge10-1:25443:25477 [3] NCCL INFO P2P is disabled between connected GPUs 0 and 1. You can repress this message with NCCL_IGNORE_DISABLED_P2P=1.
ai-platform-wlf1-ge10-1:25443:25477 [3] NCCL INFO Could not enable P2P between dev 0(=1000) and dev 1(=24000)
ai-platform-wlf1-ge10-1:25443:25477 [3] NCCL INFO Could not enable P2P between dev 2(=81000) and dev 1(=24000)
ai-platform-wlf1-ge10-1:25443:25477 [3] NCCL INFO Could not enable P2P between dev 3(=e1000) and dev 1(=24000)
ai-platform-wlf1-ge10-1:25443:25477 [3] NCCL INFO P2P is disabled between connected GPUs 3 and 2. You can repress this message with NCCL_IGNORE_DISABLED_P2P=1.
ai-platform-wlf1-ge10-1:25443:25477 [3] NCCL INFO Could not enable P2P between dev 0(=1000) and dev 2(=81000)
ai-platform-wlf1-ge10-1:25443:25477 [3] NCCL INFO Could not enable P2P between dev 1(=24000) and dev 2(=81000)
ai-platform-wlf1-ge10-1:25443:25477 [3] NCCL INFO P2P is disabled between connected GPUs 3 and 2. You can repress this message with NCCL_IGNORE_DISABLED_P2P=1.
ai-platform-wlf1-ge10-1:25443:25477 [3] NCCL INFO Could not enable P2P between dev 3(=e1000) and dev 2(=81000)
ai-platform-wlf1-ge10-1:25443:25477 [3] NCCL INFO P2P is disabled between connected GPUs 2 and 3. You can repress this message with NCCL_IGNORE_DISABLED_P2P=1.
ai-platform-wlf1-ge10-1:25443:25477 [3] NCCL INFO Could not enable P2P between dev 0(=1000) and dev 3(=e1000)
ai-platform-wlf1-ge10-1:25443:25477 [3] NCCL INFO Could not enable P2P between dev 1(=24000) and dev 3(=e1000)
ai-platform-wlf1-ge10-1:25443:25477 [3] NCCL INFO P2P is disabled between connected GPUs 2 and 3. You can repress this message with NCCL_IGNORE_DISABLED_P2P=1.
ai-platform-wlf1-ge10-1:25443:25477 [3] NCCL INFO Could not enable P2P between dev 2(=81000) and dev 3(=e1000)
ai-platform-wlf1-ge10-1:25443:25477 [3] NCCL INFO P2P is disabled between connected GPUs 1 and 0. You can repress this message with NCCL_IGNORE_DISABLED_P2P=1.
ai-platform-wlf1-ge10-1:25443:25477 [3] NCCL INFO P2P is disabled between connected GPUs 1 and 0. You can repress this message with NCCL_IGNORE_DISABLED_P2P=1.
ai-platform-wlf1-ge10-1:25443:25477 [3] NCCL INFO Could not enable P2P between dev 1(=24000) and dev 0(=1000)
ai-platform-wlf1-ge10-1:25443:25477 [3] NCCL INFO Could not enable P2P between dev 2(=81000) and dev 0(=1000)
ai-platform-wlf1-ge10-1:25443:25477 [3] NCCL INFO Could not enable P2P between dev 3(=e1000) and dev 0(=1000)
ai-platform-wlf1-ge10-1:25443:25477 [3] NCCL INFO P2P is disabled between connected GPUs 0 and 1. You can repress this message with NCCL_IGNORE_DISABLED_P2P=1.
ai-platform-wlf1-ge10-1:25443:25477 [3] NCCL INFO P2P is disabled between connected GPUs 0 and 1. You can repress this message with NCCL_IGNORE_DISABLED_P2P=1.
ai-platform-wlf1-ge10-1:25443:25477 [3] NCCL INFO Could not enable P2P between dev 0(=1000) and dev 1(=24000)
ai-platform-wlf1-ge10-1:25443:25477 [3] NCCL INFO Could not enable P2P between dev 2(=81000) and dev 1(=24000)
ai-platform-wlf1-ge10-1:25443:25477 [3] NCCL INFO Could not enable P2P between dev 3(=e1000) and dev 1(=24000)
ai-platform-wlf1-ge10-1:25443:25477 [3] NCCL INFO P2P is disabled between connected GPUs 3 and 2. You can repress this message with NCCL_IGNORE_DISABLED_P2P=1.
ai-platform-wlf1-ge10-1:25443:25477 [3] NCCL INFO Could not enable P2P between dev 0(=1000) and dev 2(=81000)
ai-platform-wlf1-ge10-1:25443:25477 [3] NCCL INFO Could not enable P2P between dev 1(=24000) and dev 2(=81000)
ai-platform-wlf1-ge10-1:25443:25477 [3] NCCL INFO P2P is disabled between connected GPUs 3 and 2. You can repress this message with NCCL_IGNORE_DISABLED_P2P=1.
ai-platform-wlf1-ge10-1:25443:25477 [3] NCCL INFO Could not enable P2P between dev 3(=e1000) and dev 2(=81000)
ai-platform-wlf1-ge10-1:25443:25477 [3] NCCL INFO P2P is disabled between connected GPUs 2 and 3. You can repress this message with NCCL_IGNORE_DISABLED_P2P=1.
ai-platform-wlf1-ge10-1:25443:25477 [3] NCCL INFO Could not enable P2P between dev 0(=1000) and dev 3(=e1000)
ai-platform-wlf1-ge10-1:25443:25477 [3] NCCL INFO Could not enable P2P between dev 1(=24000) and dev 3(=e1000)
ai-platform-wlf1-ge10-1:25443:25477 [3] NCCL INFO P2P is disabled between connected GPUs 2 and 3. You can repress this message with NCCL_IGNORE_DISABLED_P2P=1.
ai-platform-wlf1-ge10-1:25443:25477 [3] NCCL INFO Could not enable P2P between dev 2(=81000) and dev 3(=e1000)
ai-platform-wlf1-ge10-1:25443:25477 [3] NCCL INFO Setting affinity for GPU 3 to ffffffff,00000000,ffffffff,00000000
ai-platform-wlf1-ge10-1:25441:25479 [2] NCCL INFO P2P is disabled between connected GPUs 1 and 0. You can repress this message with NCCL_IGNORE_DISABLED_P2P=1.
ai-platform-wlf1-ge10-1:25441:25479 [2] NCCL INFO P2P is disabled between connected GPUs 1 and 0. You can repress this message with NCCL_IGNORE_DISABLED_P2P=1.
ai-platform-wlf1-ge10-1:25441:25479 [2] NCCL INFO Could not enable P2P between dev 1(=24000) and dev 0(=1000)
ai-platform-wlf1-ge10-1:25441:25479 [2] NCCL INFO Could not enable P2P between dev 2(=81000) and dev 0(=1000)
ai-platform-wlf1-ge10-1:25441:25479 [2] NCCL INFO Could not enable P2P between dev 3(=e1000) and dev 0(=1000)
ai-platform-wlf1-ge10-1:25441:25479 [2] NCCL INFO P2P is disabled between connected GPUs 0 and 1. You can repress this message with NCCL_IGNORE_DISABLED_P2P=1.
ai-platform-wlf1-ge10-1:25441:25479 [2] NCCL INFO P2P is disabled between connected GPUs 0 and 1. You can repress this message with NCCL_IGNORE_DISABLED_P2P=1.
ai-platform-wlf1-ge10-1:25441:25479 [2] NCCL INFO Could not enable P2P between dev 0(=1000) and dev 1(=24000)
ai-platform-wlf1-ge10-1:25441:25479 [2] NCCL INFO Could not enable P2P between dev 2(=81000) and dev 1(=24000)
ai-platform-wlf1-ge10-1:25441:25479 [2] NCCL INFO Could not enable P2P between dev 3(=e1000) and dev 1(=24000)
ai-platform-wlf1-ge10-1:25441:25479 [2] NCCL INFO P2P is disabled between connected GPUs 3 and 2. You can repress this message with NCCL_IGNORE_DISABLED_P2P=1.
ai-platform-wlf1-ge10-1:25441:25479 [2] NCCL INFO Could not enable P2P between dev 0(=1000) and dev 2(=81000)
ai-platform-wlf1-ge10-1:25441:25479 [2] NCCL INFO Could not enable P2P between dev 1(=24000) and dev 2(=81000)
ai-platform-wlf1-ge10-1:25441:25479 [2] NCCL INFO P2P is disabled between connected GPUs 3 and 2. You can repress this message with NCCL_IGNORE_DISABLED_P2P=1.
ai-platform-wlf1-ge10-1:25441:25479 [2] NCCL INFO Could not enable P2P between dev 3(=e1000) and dev 2(=81000)
ai-platform-wlf1-ge10-1:25441:25479 [2] NCCL INFO P2P is disabled between connected GPUs 2 and 3. You can repress this message with NCCL_IGNORE_DISABLED_P2P=1.
ai-platform-wlf1-ge10-1:25441:25479 [2] NCCL INFO Could not enable P2P between dev 0(=1000) and dev 3(=e1000)
ai-platform-wlf1-ge10-1:25441:25479 [2] NCCL INFO Could not enable P2P between dev 1(=24000) and dev 3(=e1000)
ai-platform-wlf1-ge10-1:25441:25479 [2] NCCL INFO P2P is disabled between connected GPUs 2 and 3. You can repress this message with NCCL_IGNORE_DISABLED_P2P=1.
ai-platform-wlf1-ge10-1:25441:25479 [2] NCCL INFO Could not enable P2P between dev 2(=81000) and dev 3(=e1000)
ai-platform-wlf1-ge10-1:25441:25479 [2] NCCL INFO P2P is disabled between connected GPUs 1 and 0. You can repress this message with NCCL_IGNORE_DISABLED_P2P=1.
ai-platform-wlf1-ge10-1:25441:25479 [2] NCCL INFO P2P is disabled between connected GPUs 1 and 0. You can repress this message with NCCL_IGNORE_DISABLED_P2P=1.
ai-platform-wlf1-ge10-1:25441:25479 [2] NCCL INFO Could not enable P2P between dev 1(=24000) and dev 0(=1000)
ai-platform-wlf1-ge10-1:25441:25479 [2] NCCL INFO Could not enable P2P between dev 2(=81000) and dev 0(=1000)
ai-platform-wlf1-ge10-1:25441:25479 [2] NCCL INFO Could not enable P2P between dev 3(=e1000) and dev 0(=1000)
ai-platform-wlf1-ge10-1:25441:25479 [2] NCCL INFO P2P is disabled between connected GPUs 0 and 1. You can repress this message with NCCL_IGNORE_DISABLED_P2P=1.
ai-platform-wlf1-ge10-1:25441:25479 [2] NCCL INFO P2P is disabled between connected GPUs 0 and 1. You can repress this message with NCCL_IGNORE_DISABLED_P2P=1.
ai-platform-wlf1-ge10-1:25441:25479 [2] NCCL INFO Could not enable P2P between dev 0(=1000) and dev 1(=24000)
ai-platform-wlf1-ge10-1:25441:25479 [2] NCCL INFO Could not enable P2P between dev 2(=81000) and dev 1(=24000)
ai-platform-wlf1-ge10-1:25441:25479 [2] NCCL INFO Could not enable P2P between dev 3(=e1000) and dev 1(=24000)
ai-platform-wlf1-ge10-1:25441:25479 [2] NCCL INFO P2P is disabled between connected GPUs 3 and 2. You can repress this message with NCCL_IGNORE_DISABLED_P2P=1.
ai-platform-wlf1-ge10-1:25441:25479 [2] NCCL INFO Could not enable P2P between dev 0(=1000) and dev 2(=81000)
ai-platform-wlf1-ge10-1:25441:25479 [2] NCCL INFO Could not enable P2P between dev 1(=24000) and dev 2(=81000)
ai-platform-wlf1-ge10-1:25441:25479 [2] NCCL INFO P2P is disabled between connected GPUs 3 and 2. You can repress this message with NCCL_IGNORE_DISABLED_P2P=1.
ai-platform-wlf1-ge10-1:25441:25479 [2] NCCL INFO Could not enable P2P between dev 3(=e1000) and dev 2(=81000)
ai-platform-wlf1-ge10-1:25441:25479 [2] NCCL INFO P2P is disabled between connected GPUs 2 and 3. You can repress this message with NCCL_IGNORE_DISABLED_P2P=1.
ai-platform-wlf1-ge10-1:25441:25479 [2] NCCL INFO Could not enable P2P between dev 0(=1000) and dev 3(=e1000)
ai-platform-wlf1-ge10-1:25441:25479 [2] NCCL INFO Could not enable P2P between dev 1(=24000) and dev 3(=e1000)
ai-platform-wlf1-ge10-1:25441:25479 [2] NCCL INFO P2P is disabled between connected GPUs 2 and 3. You can repress this message with NCCL_IGNORE_DISABLED_P2P=1.
ai-platform-wlf1-ge10-1:25441:25479 [2] NCCL INFO Could not enable P2P between dev 2(=81000) and dev 3(=e1000)
ai-platform-wlf1-ge10-1:25441:25479 [2] NCCL INFO Setting affinity for GPU 2 to ffffffff,00000000,ffffffff,00000000
ai-platform-wlf1-ge10-1:25439:25476 [0] NCCL INFO P2P is disabled between connected GPUs 1 and 0. You can repress this message with NCCL_IGNORE_DISABLED_P2P=1.
ai-platform-wlf1-ge10-1:25439:25476 [0] NCCL INFO P2P is disabled between connected GPUs 1 and 0. You can repress this message with NCCL_IGNORE_DISABLED_P2P=1.
ai-platform-wlf1-ge10-1:25439:25476 [0] NCCL INFO Could not enable P2P between dev 1(=24000) and dev 0(=1000)
ai-platform-wlf1-ge10-1:25439:25476 [0] NCCL INFO Could not enable P2P between dev 2(=81000) and dev 0(=1000)
ai-platform-wlf1-ge10-1:25439:25476 [0] NCCL INFO Could not enable P2P between dev 3(=e1000) and dev 0(=1000)
ai-platform-wlf1-ge10-1:25439:25476 [0] NCCL INFO P2P is disabled between connected GPUs 0 and 1. You can repress this message with NCCL_IGNORE_DISABLED_P2P=1.
ai-platform-wlf1-ge10-1:25439:25476 [0] NCCL INFO P2P is disabled between connected GPUs 0 and 1. You can repress this message with NCCL_IGNORE_DISABLED_P2P=1.
ai-platform-wlf1-ge10-1:25439:25476 [0] NCCL INFO Could not enable P2P between dev 0(=1000) and dev 1(=24000)
ai-platform-wlf1-ge10-1:25439:25476 [0] NCCL INFO Could not enable P2P between dev 2(=81000) and dev 1(=24000)
ai-platform-wlf1-ge10-1:25439:25476 [0] NCCL INFO Could not enable P2P between dev 3(=e1000) and dev 1(=24000)
ai-platform-wlf1-ge10-1:25439:25476 [0] NCCL INFO P2P is disabled between connected GPUs 3 and 2. You can repress this message with NCCL_IGNORE_DISABLED_P2P=1.
ai-platform-wlf1-ge10-1:25439:25476 [0] NCCL INFO Could not enable P2P between dev 0(=1000) and dev 2(=81000)
ai-platform-wlf1-ge10-1:25439:25476 [0] NCCL INFO Could not enable P2P between dev 1(=24000) and dev 2(=81000)
ai-platform-wlf1-ge10-1:25439:25476 [0] NCCL INFO P2P is disabled between connected GPUs 3 and 2. You can repress this message with NCCL_IGNORE_DISABLED_P2P=1.
ai-platform-wlf1-ge10-1:25439:25476 [0] NCCL INFO Could not enable P2P between dev 3(=e1000) and dev 2(=81000)
ai-platform-wlf1-ge10-1:25439:25476 [0] NCCL INFO P2P is disabled between connected GPUs 2 and 3. You can repress this message with NCCL_IGNORE_DISABLED_P2P=1.
ai-platform-wlf1-ge10-1:25439:25476 [0] NCCL INFO Could not enable P2P between dev 0(=1000) and dev 3(=e1000)
ai-platform-wlf1-ge10-1:25439:25476 [0] NCCL INFO Could not enable P2P between dev 1(=24000) and dev 3(=e1000)
ai-platform-wlf1-ge10-1:25439:25476 [0] NCCL INFO P2P is disabled between connected GPUs 2 and 3. You can repress this message with NCCL_IGNORE_DISABLED_P2P=1.
ai-platform-wlf1-ge10-1:25439:25476 [0] NCCL INFO Could not enable P2P between dev 2(=81000) and dev 3(=e1000)
ai-platform-wlf1-ge10-1:25439:25476 [0] NCCL INFO P2P is disabled between connected GPUs 1 and 0. You can repress this message with NCCL_IGNORE_DISABLED_P2P=1.
ai-platform-wlf1-ge10-1:25439:25476 [0] NCCL INFO P2P is disabled between connected GPUs 1 and 0. You can repress this message with NCCL_IGNORE_DISABLED_P2P=1.
ai-platform-wlf1-ge10-1:25439:25476 [0] NCCL INFO Could not enable P2P between dev 1(=24000) and dev 0(=1000)
ai-platform-wlf1-ge10-1:25439:25476 [0] NCCL INFO Could not enable P2P between dev 2(=81000) and dev 0(=1000)
ai-platform-wlf1-ge10-1:25439:25476 [0] NCCL INFO Could not enable P2P between dev 3(=e1000) and dev 0(=1000)
ai-platform-wlf1-ge10-1:25439:25476 [0] NCCL INFO P2P is disabled between connected GPUs 0 and 1. You can repress this message with NCCL_IGNORE_DISABLED_P2P=1.
ai-platform-wlf1-ge10-1:25439:25476 [0] NCCL INFO P2P is disabled between connected GPUs 0 and 1. You can repress this message with NCCL_IGNORE_DISABLED_P2P=1.
ai-platform-wlf1-ge10-1:25439:25476 [0] NCCL INFO Could not enable P2P between dev 0(=1000) and dev 1(=24000)
ai-platform-wlf1-ge10-1:25439:25476 [0] NCCL INFO Could not enable P2P between dev 2(=81000) and dev 1(=24000)
ai-platform-wlf1-ge10-1:25439:25476 [0] NCCL INFO Could not enable P2P between dev 3(=e1000) and dev 1(=24000)
ai-platform-wlf1-ge10-1:25439:25476 [0] NCCL INFO P2P is disabled between connected GPUs 3 and 2. You can repress this message with NCCL_IGNORE_DISABLED_P2P=1.
ai-platform-wlf1-ge10-1:25439:25476 [0] NCCL INFO Could not enable P2P between dev 0(=1000) and dev 2(=81000)
ai-platform-wlf1-ge10-1:25439:25476 [0] NCCL INFO Could not enable P2P between dev 1(=24000) and dev 2(=81000)
ai-platform-wlf1-ge10-1:25439:25476 [0] NCCL INFO P2P is disabled between connected GPUs 3 and 2. You can repress this message with NCCL_IGNORE_DISABLED_P2P=1.
ai-platform-wlf1-ge10-1:25439:25476 [0] NCCL INFO Could not enable P2P between dev 3(=e1000) and dev 2(=81000)
ai-platform-wlf1-ge10-1:25439:25476 [0] NCCL INFO P2P is disabled between connected GPUs 2 and 3. You can repress this message with NCCL_IGNORE_DISABLED_P2P=1.
ai-platform-wlf1-ge10-1:25439:25476 [0] NCCL INFO Could not enable P2P between dev 0(=1000) and dev 3(=e1000)
ai-platform-wlf1-ge10-1:25439:25476 [0] NCCL INFO Could not enable P2P between dev 1(=24000) and dev 3(=e1000)
ai-platform-wlf1-ge10-1:25439:25476 [0] NCCL INFO P2P is disabled between connected GPUs 2 and 3. You can repress this message with NCCL_IGNORE_DISABLED_P2P=1.
ai-platform-wlf1-ge10-1:25439:25476 [0] NCCL INFO Could not enable P2P between dev 2(=81000) and dev 3(=e1000)
ai-platform-wlf1-ge10-1:25439:25476 [0] NCCL INFO Setting affinity for GPU 0 to ffffffff,00000000,ffffffff
ai-platform-wlf1-ge10-1:25439:25476 [0] NCCL INFO Channel 00/04 :    0   1   2   3
ai-platform-wlf1-ge10-1:25440:25478 [1] NCCL INFO Trees [0] 2/-1/-1->1->0 [1] 2/-1/-1->1->0 [2] 2/-1/-1->1->0 [3] 2/-1/-1->1->0
ai-platform-wlf1-ge10-1:25441:25479 [2] NCCL INFO Trees [0] 3/-1/-1->2->1 [1] 3/-1/-1->2->1 [2] 3/-1/-1->2->1 [3] 3/-1/-1->2->1
ai-platform-wlf1-ge10-1:25443:25477 [3] NCCL INFO Trees [0] -1/-1/-1->3->2 [1] -1/-1/-1->3->2 [2] -1/-1/-1->3->2 [3] -1/-1/-1->3->2
ai-platform-wlf1-ge10-1:25439:25476 [0] NCCL INFO Channel 01/04 :    0   1   2   3
ai-platform-wlf1-ge10-1:25439:25476 [0] NCCL INFO Channel 02/04 :    0   1   2   3
ai-platform-wlf1-ge10-1:25439:25476 [0] NCCL INFO Channel 03/04 :    0   1   2   3
ai-platform-wlf1-ge10-1:25439:25476 [0] NCCL INFO Trees [0] 1/-1/-1->0->-1 [1] 1/-1/-1->0->-1 [2] 1/-1/-1->0->-1 [3] 1/-1/-1->0->-1
ai-platform-wlf1-ge10-1:25440:25478 [1] NCCL INFO P2P is disabled between connected GPUs 1 and 0. You can repress this message with NCCL_IGNORE_DISABLED_P2P=1.
ai-platform-wlf1-ge10-1:25440:25478 [1] NCCL INFO Could not enable P2P between dev 1(=24000) and dev 0(=1000)
ai-platform-wlf1-ge10-1:25441:25479 [2] NCCL INFO Could not enable P2P between dev 2(=81000) and dev 1(=24000)
ai-platform-wlf1-ge10-1:25443:25477 [3] NCCL INFO P2P is disabled between connected GPUs 3 and 2. You can repress this message with NCCL_IGNORE_DISABLED_P2P=1.
ai-platform-wlf1-ge10-1:25443:25477 [3] NCCL INFO Could not enable P2P between dev 3(=e1000) and dev 2(=81000)
ai-platform-wlf1-ge10-1:25439:25476 [0] NCCL INFO Could not enable P2P between dev 0(=1000) and dev 3(=e1000)
ai-platform-wlf1-ge10-1:25440:25478 [1] NCCL INFO P2P is disabled between connected GPUs 1 and 0. You can repress this message with NCCL_IGNORE_DISABLED_P2P=1.
ai-platform-wlf1-ge10-1:25440:25478 [1] NCCL INFO Could not enable P2P between dev 1(=24000) and dev 0(=1000)
ai-platform-wlf1-ge10-1:25441:25479 [2] NCCL INFO Could not enable P2P between dev 2(=81000) and dev 1(=24000)
ai-platform-wlf1-ge10-1:25439:25476 [0] NCCL INFO Could not enable P2P between dev 0(=1000) and dev 3(=e1000)
ai-platform-wlf1-ge10-1:25443:25477 [3] NCCL INFO P2P is disabled between connected GPUs 3 and 2. You can repress this message with NCCL_IGNORE_DISABLED_P2P=1.
ai-platform-wlf1-ge10-1:25443:25477 [3] NCCL INFO Could not enable P2P between dev 3(=e1000) and dev 2(=81000)
ai-platform-wlf1-ge10-1:25440:25478 [1] NCCL INFO P2P is disabled between connected GPUs 1 and 0. You can repress this message with NCCL_IGNORE_DISABLED_P2P=1.
ai-platform-wlf1-ge10-1:25440:25478 [1] NCCL INFO Could not enable P2P between dev 1(=24000) and dev 0(=1000)
ai-platform-wlf1-ge10-1:25441:25479 [2] NCCL INFO Could not enable P2P between dev 2(=81000) and dev 1(=24000)
ai-platform-wlf1-ge10-1:25439:25476 [0] NCCL INFO Could not enable P2P between dev 0(=1000) and dev 3(=e1000)
ai-platform-wlf1-ge10-1:25443:25477 [3] NCCL INFO P2P is disabled between connected GPUs 3 and 2. You can repress this message with NCCL_IGNORE_DISABLED_P2P=1.
ai-platform-wlf1-ge10-1:25443:25477 [3] NCCL INFO Could not enable P2P between dev 3(=e1000) and dev 2(=81000)
ai-platform-wlf1-ge10-1:25440:25478 [1] NCCL INFO P2P is disabled between connected GPUs 1 and 0. You can repress this message with NCCL_IGNORE_DISABLED_P2P=1.
ai-platform-wlf1-ge10-1:25440:25478 [1] NCCL INFO Could not enable P2P between dev 1(=24000) and dev 0(=1000)
ai-platform-wlf1-ge10-1:25441:25479 [2] NCCL INFO Could not enable P2P between dev 2(=81000) and dev 1(=24000)
ai-platform-wlf1-ge10-1:25439:25476 [0] NCCL INFO Could not enable P2P between dev 0(=1000) and dev 3(=e1000)
ai-platform-wlf1-ge10-1:25443:25477 [3] NCCL INFO P2P is disabled between connected GPUs 3 and 2. You can repress this message with NCCL_IGNORE_DISABLED_P2P=1.
ai-platform-wlf1-ge10-1:25443:25477 [3] NCCL INFO Could not enable P2P between dev 3(=e1000) and dev 2(=81000)
ai-platform-wlf1-ge10-1:25440:25478 [1] NCCL INFO Could not enable P2P between dev 1(=24000) and dev 2(=81000)
ai-platform-wlf1-ge10-1:25440:25478 [1] NCCL INFO Channel 00 : 1[24000] -> 2[81000] via SHM/direct/direct
ai-platform-wlf1-ge10-1:25440:25478 [1] NCCL INFO Could not enable P2P between dev 1(=24000) and dev 2(=81000)
ai-platform-wlf1-ge10-1:25441:25479 [2] NCCL INFO P2P is disabled between connected GPUs 2 and 3. You can repress this message with NCCL_IGNORE_DISABLED_P2P=1.
ai-platform-wlf1-ge10-1:25441:25479 [2] NCCL INFO Could not enable P2P between dev 2(=81000) and dev 3(=e1000)
ai-platform-wlf1-ge10-1:25439:25476 [0] NCCL INFO P2P is disabled between connected GPUs 0 and 1. You can repress this message with NCCL_IGNORE_DISABLED_P2P=1.
ai-platform-wlf1-ge10-1:25439:25476 [0] NCCL INFO Could not enable P2P between dev 0(=1000) and dev 1(=24000)
ai-platform-wlf1-ge10-1:25440:25478 [1] NCCL INFO Channel 01 : 1[24000] -> 2[81000] via SHM/direct/direct
ai-platform-wlf1-ge10-1:25440:25478 [1] NCCL INFO Could not enable P2P between dev 1(=24000) and dev 2(=81000)
ai-platform-wlf1-ge10-1:25441:25479 [2] NCCL INFO Channel 00 : 2[81000] -> 3[e1000] via SHM/direct/direct
ai-platform-wlf1-ge10-1:25441:25479 [2] NCCL INFO P2P is disabled between connected GPUs 2 and 3. You can repress this message with NCCL_IGNORE_DISABLED_P2P=1.
ai-platform-wlf1-ge10-1:25441:25479 [2] NCCL INFO Could not enable P2P between dev 2(=81000) and dev 3(=e1000)
ai-platform-wlf1-ge10-1:25439:25476 [0] NCCL INFO Channel 00 : 0[1000] -> 1[24000] via SHM/direct/direct
ai-platform-wlf1-ge10-1:25439:25476 [0] NCCL INFO P2P is disabled between connected GPUs 0 and 1. You can repress this message with NCCL_IGNORE_DISABLED_P2P=1.
ai-platform-wlf1-ge10-1:25439:25476 [0] NCCL INFO Could not enable P2P between dev 0(=1000) and dev 1(=24000)
ai-platform-wlf1-ge10-1:25440:25478 [1] NCCL INFO Channel 02 : 1[24000] -> 2[81000] via SHM/direct/direct
ai-platform-wlf1-ge10-1:25440:25478 [1] NCCL INFO Could not enable P2P between dev 1(=24000) and dev 2(=81000)
ai-platform-wlf1-ge10-1:25441:25479 [2] NCCL INFO Channel 01 : 2[81000] -> 3[e1000] via SHM/direct/direct
ai-platform-wlf1-ge10-1:25441:25479 [2] NCCL INFO P2P is disabled between connected GPUs 2 and 3. You can repress this message with NCCL_IGNORE_DISABLED_P2P=1.
ai-platform-wlf1-ge10-1:25441:25479 [2] NCCL INFO Could not enable P2P between dev 2(=81000) and dev 3(=e1000)
ai-platform-wlf1-ge10-1:25439:25476 [0] NCCL INFO Channel 01 : 0[1000] -> 1[24000] via SHM/direct/direct
ai-platform-wlf1-ge10-1:25439:25476 [0] NCCL INFO P2P is disabled between connected GPUs 0 and 1. You can repress this message with NCCL_IGNORE_DISABLED_P2P=1.
ai-platform-wlf1-ge10-1:25439:25476 [0] NCCL INFO Could not enable P2P between dev 0(=1000) and dev 1(=24000)
ai-platform-wlf1-ge10-1:25440:25478 [1] NCCL INFO Channel 03 : 1[24000] -> 2[81000] via SHM/direct/direct
ai-platform-wlf1-ge10-1:25441:25479 [2] NCCL INFO Channel 02 : 2[81000] -> 3[e1000] via SHM/direct/direct
ai-platform-wlf1-ge10-1:25441:25479 [2] NCCL INFO P2P is disabled between connected GPUs 2 and 3. You can repress this message with NCCL_IGNORE_DISABLED_P2P=1.
ai-platform-wlf1-ge10-1:25441:25479 [2] NCCL INFO Could not enable P2P between dev 2(=81000) and dev 3(=e1000)
ai-platform-wlf1-ge10-1:25439:25476 [0] NCCL INFO Channel 02 : 0[1000] -> 1[24000] via SHM/direct/direct
ai-platform-wlf1-ge10-1:25439:25476 [0] NCCL INFO P2P is disabled between connected GPUs 0 and 1. You can repress this message with NCCL_IGNORE_DISABLED_P2P=1.
ai-platform-wlf1-ge10-1:25439:25476 [0] NCCL INFO Could not enable P2P between dev 0(=1000) and dev 1(=24000)
ai-platform-wlf1-ge10-1:25441:25479 [2] NCCL INFO Channel 03 : 2[81000] -> 3[e1000] via SHM/direct/direct
ai-platform-wlf1-ge10-1:25439:25476 [0] NCCL INFO Channel 03 : 0[1000] -> 1[24000] via SHM/direct/direct
ai-platform-wlf1-ge10-1:25443:25477 [3] NCCL INFO Could not enable P2P between dev 3(=e1000) and dev 0(=1000)
ai-platform-wlf1-ge10-1:25443:25477 [3] NCCL INFO Channel 00 : 3[e1000] -> 0[1000] via SHM/direct/direct
ai-platform-wlf1-ge10-1:25443:25477 [3] NCCL INFO Could not enable P2P between dev 3(=e1000) and dev 0(=1000)
ai-platform-wlf1-ge10-1:25443:25477 [3] NCCL INFO Channel 01 : 3[e1000] -> 0[1000] via SHM/direct/direct
ai-platform-wlf1-ge10-1:25443:25477 [3] NCCL INFO Could not enable P2P between dev 3(=e1000) and dev 0(=1000)
ai-platform-wlf1-ge10-1:25443:25477 [3] NCCL INFO Channel 02 : 3[e1000] -> 0[1000] via SHM/direct/direct
ai-platform-wlf1-ge10-1:25443:25477 [3] NCCL INFO Could not enable P2P between dev 3(=e1000) and dev 0(=1000)
ai-platform-wlf1-ge10-1:25443:25477 [3] NCCL INFO Channel 03 : 3[e1000] -> 0[1000] via SHM/direct/direct
ai-platform-wlf1-ge10-1:25440:25478 [1] NCCL INFO Connected all rings
ai-platform-wlf1-ge10-1:25440:25478 [1] NCCL INFO Could not enable P2P between dev 1(=24000) and dev 2(=81000)
ai-platform-wlf1-ge10-1:25441:25479 [2] NCCL INFO Connected all rings
ai-platform-wlf1-ge10-1:25441:25479 [2] NCCL INFO P2P is disabled between connected GPUs 2 and 3. You can repress this message with NCCL_IGNORE_DISABLED_P2P=1.
ai-platform-wlf1-ge10-1:25441:25479 [2] NCCL INFO Could not enable P2P between dev 2(=81000) and dev 3(=e1000)
ai-platform-wlf1-ge10-1:25439:25476 [0] NCCL INFO Connected all rings
ai-platform-wlf1-ge10-1:25439:25476 [0] NCCL INFO P2P is disabled between connected GPUs 0 and 1. You can repress this message with NCCL_IGNORE_DISABLED_P2P=1.
ai-platform-wlf1-ge10-1:25439:25476 [0] NCCL INFO Could not enable P2P between dev 0(=1000) and dev 1(=24000)
ai-platform-wlf1-ge10-1:25440:25478 [1] NCCL INFO Could not enable P2P between dev 1(=24000) and dev 2(=81000)
ai-platform-wlf1-ge10-1:25443:25477 [3] NCCL INFO Connected all rings
ai-platform-wlf1-ge10-1:25443:25477 [3] NCCL INFO P2P is disabled between connected GPUs 3 and 2. You can repress this message with NCCL_IGNORE_DISABLED_P2P=1.
ai-platform-wlf1-ge10-1:25443:25477 [3] NCCL INFO Could not enable P2P between dev 3(=e1000) and dev 2(=81000)
ai-platform-wlf1-ge10-1:25443:25477 [3] NCCL INFO Channel 00 : 3[e1000] -> 2[81000] via SHM/direct/direct
ai-platform-wlf1-ge10-1:25443:25477 [3] NCCL INFO P2P is disabled between connected GPUs 3 and 2. You can repress this message with NCCL_IGNORE_DISABLED_P2P=1.
ai-platform-wlf1-ge10-1:25443:25477 [3] NCCL INFO Could not enable P2P between dev 3(=e1000) and dev 2(=81000)
ai-platform-wlf1-ge10-1:25443:25477 [3] NCCL INFO Channel 01 : 3[e1000] -> 2[81000] via SHM/direct/direct
ai-platform-wlf1-ge10-1:25443:25477 [3] NCCL INFO P2P is disabled between connected GPUs 3 and 2. You can repress this message with NCCL_IGNORE_DISABLED_P2P=1.
ai-platform-wlf1-ge10-1:25443:25477 [3] NCCL INFO Could not enable P2P between dev 3(=e1000) and dev 2(=81000)
ai-platform-wlf1-ge10-1:25441:25479 [2] NCCL INFO P2P is disabled between connected GPUs 2 and 3. You can repress this message with NCCL_IGNORE_DISABLED_P2P=1.
ai-platform-wlf1-ge10-1:25441:25479 [2] NCCL INFO Could not enable P2P between dev 2(=81000) and dev 3(=e1000)
ai-platform-wlf1-ge10-1:25443:25477 [3] NCCL INFO Channel 02 : 3[e1000] -> 2[81000] via SHM/direct/direct
ai-platform-wlf1-ge10-1:25443:25477 [3] NCCL INFO P2P is disabled between connected GPUs 3 and 2. You can repress this message with NCCL_IGNORE_DISABLED_P2P=1.
ai-platform-wlf1-ge10-1:25443:25477 [3] NCCL INFO Could not enable P2P between dev 3(=e1000) and dev 2(=81000)
ai-platform-wlf1-ge10-1:25439:25476 [0] NCCL INFO P2P is disabled between connected GPUs 0 and 1. You can repress this message with NCCL_IGNORE_DISABLED_P2P=1.
ai-platform-wlf1-ge10-1:25439:25476 [0] NCCL INFO Could not enable P2P between dev 0(=1000) and dev 1(=24000)
ai-platform-wlf1-ge10-1:25443:25477 [3] NCCL INFO Channel 03 : 3[e1000] -> 2[81000] via SHM/direct/direct
ai-platform-wlf1-ge10-1:25440:25478 [1] NCCL INFO Could not enable P2P between dev 1(=24000) and dev 2(=81000)
ai-platform-wlf1-ge10-1:25441:25479 [2] NCCL INFO P2P is disabled between connected GPUs 2 and 3. You can repress this message with NCCL_IGNORE_DISABLED_P2P=1.
ai-platform-wlf1-ge10-1:25441:25479 [2] NCCL INFO Could not enable P2P between dev 2(=81000) and dev 3(=e1000)
ai-platform-wlf1-ge10-1:25439:25476 [0] NCCL INFO P2P is disabled between connected GPUs 0 and 1. You can repress this message with NCCL_IGNORE_DISABLED_P2P=1.
ai-platform-wlf1-ge10-1:25439:25476 [0] NCCL INFO Could not enable P2P between dev 0(=1000) and dev 1(=24000)
ai-platform-wlf1-ge10-1:25440:25478 [1] NCCL INFO Could not enable P2P between dev 1(=24000) and dev 2(=81000)
ai-platform-wlf1-ge10-1:25441:25479 [2] NCCL INFO P2P is disabled between connected GPUs 2 and 3. You can repress this message with NCCL_IGNORE_DISABLED_P2P=1.
ai-platform-wlf1-ge10-1:25441:25479 [2] NCCL INFO Could not enable P2P between dev 2(=81000) and dev 3(=e1000)
ai-platform-wlf1-ge10-1:25439:25476 [0] NCCL INFO P2P is disabled between connected GPUs 0 and 1. You can repress this message with NCCL_IGNORE_DISABLED_P2P=1.
ai-platform-wlf1-ge10-1:25439:25476 [0] NCCL INFO Could not enable P2P between dev 0(=1000) and dev 1(=24000)
ai-platform-wlf1-ge10-1:25440:25478 [1] NCCL INFO P2P is disabled between connected GPUs 1 and 0. You can repress this message with NCCL_IGNORE_DISABLED_P2P=1.
ai-platform-wlf1-ge10-1:25440:25478 [1] NCCL INFO Could not enable P2P between dev 1(=24000) and dev 0(=1000)
ai-platform-wlf1-ge10-1:25440:25478 [1] NCCL INFO Channel 00 : 1[24000] -> 0[1000] via SHM/direct/direct
ai-platform-wlf1-ge10-1:25440:25478 [1] NCCL INFO P2P is disabled between connected GPUs 1 and 0. You can repress this message with NCCL_IGNORE_DISABLED_P2P=1.
ai-platform-wlf1-ge10-1:25440:25478 [1] NCCL INFO Could not enable P2P between dev 1(=24000) and dev 0(=1000)
ai-platform-wlf1-ge10-1:25440:25478 [1] NCCL INFO Channel 01 : 1[24000] -> 0[1000] via SHM/direct/direct
ai-platform-wlf1-ge10-1:25440:25478 [1] NCCL INFO P2P is disabled between connected GPUs 1 and 0. You can repress this message with NCCL_IGNORE_DISABLED_P2P=1.
ai-platform-wlf1-ge10-1:25440:25478 [1] NCCL INFO Could not enable P2P between dev 1(=24000) and dev 0(=1000)
ai-platform-wlf1-ge10-1:25440:25478 [1] NCCL INFO Channel 02 : 1[24000] -> 0[1000] via SHM/direct/direct
ai-platform-wlf1-ge10-1:25440:25478 [1] NCCL INFO P2P is disabled between connected GPUs 1 and 0. You can repress this message with NCCL_IGNORE_DISABLED_P2P=1.
ai-platform-wlf1-ge10-1:25440:25478 [1] NCCL INFO Could not enable P2P between dev 1(=24000) and dev 0(=1000)
ai-platform-wlf1-ge10-1:25440:25478 [1] NCCL INFO Channel 03 : 1[24000] -> 0[1000] via SHM/direct/direct
ai-platform-wlf1-ge10-1:25441:25479 [2] NCCL INFO Could not enable P2P between dev 2(=81000) and dev 1(=24000)
ai-platform-wlf1-ge10-1:25441:25479 [2] NCCL INFO Channel 00 : 2[81000] -> 1[24000] via SHM/direct/direct
ai-platform-wlf1-ge10-1:25441:25479 [2] NCCL INFO Could not enable P2P between dev 2(=81000) and dev 1(=24000)
ai-platform-wlf1-ge10-1:25441:25479 [2] NCCL INFO Channel 01 : 2[81000] -> 1[24000] via SHM/direct/direct
ai-platform-wlf1-ge10-1:25441:25479 [2] NCCL INFO Could not enable P2P between dev 2(=81000) and dev 1(=24000)
ai-platform-wlf1-ge10-1:25441:25479 [2] NCCL INFO Channel 02 : 2[81000] -> 1[24000] via SHM/direct/direct
ai-platform-wlf1-ge10-1:25441:25479 [2] NCCL INFO Could not enable P2P between dev 2(=81000) and dev 1(=24000)
ai-platform-wlf1-ge10-1:25441:25479 [2] NCCL INFO Channel 03 : 2[81000] -> 1[24000] via SHM/direct/direct
ai-platform-wlf1-ge10-1:25439:25476 [0] NCCL INFO Connected all trees
ai-platform-wlf1-ge10-1:25439:25476 [0] NCCL INFO threadThresholds 8/8/64 | 32/8/64 | 512 | 512
ai-platform-wlf1-ge10-1:25439:25476 [0] NCCL INFO 4 coll channels, 4 p2p channels, 2 p2p channels per peer
ai-platform-wlf1-ge10-1:25443:25477 [3] NCCL INFO Connected all trees
ai-platform-wlf1-ge10-1:25443:25477 [3] NCCL INFO threadThresholds 8/8/64 | 32/8/64 | 512 | 512
ai-platform-wlf1-ge10-1:25443:25477 [3] NCCL INFO 4 coll channels, 4 p2p channels, 2 p2p channels per peer
ai-platform-wlf1-ge10-1:25440:25478 [1] NCCL INFO Connected all trees
ai-platform-wlf1-ge10-1:25440:25478 [1] NCCL INFO threadThresholds 8/8/64 | 32/8/64 | 512 | 512
ai-platform-wlf1-ge10-1:25440:25478 [1] NCCL INFO 4 coll channels, 4 p2p channels, 2 p2p channels per peer
ai-platform-wlf1-ge10-1:25441:25479 [2] NCCL INFO Connected all trees
ai-platform-wlf1-ge10-1:25441:25479 [2] NCCL INFO threadThresholds 8/8/64 | 32/8/64 | 512 | 512
ai-platform-wlf1-ge10-1:25441:25479 [2] NCCL INFO 4 coll channels, 4 p2p channels, 2 p2p channels per peer
ai-platform-wlf1-ge10-1:25441:25479 [2] NCCL INFO comm 0x4192def0 rank 2 nranks 4 cudaDev 2 busId 81000 - Init COMPLETE
ai-platform-wlf1-ge10-1:25439:25476 [0] NCCL INFO comm 0x44f74170 rank 0 nranks 4 cudaDev 0 busId 1000 - Init COMPLETE
ai-platform-wlf1-ge10-1:25443:25477 [3] NCCL INFO comm 0x41df4590 rank 3 nranks 4 cudaDev 3 busId e1000 - Init COMPLETE
ai-platform-wlf1-ge10-1:25440:25478 [1] NCCL INFO comm 0x4309c470 rank 1 nranks 4 cudaDev 1 busId 24000 - Init COMPLETE
The tokenizer class you load from this checkpoint is not the same type as the class this function is called from. It may result in unexpected tokenization. 
The tokenizer class you load from this checkpoint is 'XLMRobertaTokenizer'. 
The class this function is called from is 'LayoutLMv3Tokenizer_cn'.
The tokenizer class you load from this checkpoint is not the same type as the class this function is called from. It may result in unexpected tokenization. 
The tokenizer class you load from this checkpoint is 'XLMRobertaTokenizer'. 
The class this function is called from is 'LayoutLMv3Tokenizer_cn'.
The tokenizer class you load from this checkpoint is not the same type as the class this function is called from. It may result in unexpected tokenization. 
The tokenizer class you load from this checkpoint is 'XLMRobertaTokenizer'. 
The class this function is called from is 'LayoutLMv3Tokenizer_cn'.
The tokenizer class you load from this checkpoint is not the same type as the class this function is called from. It may result in unexpected tokenization. 
The tokenizer class you load from this checkpoint is 'XLMRobertaTokenizer'. 
The class this function is called from is 'LayoutLMv3Tokenizer_cn'.
Missing keys:  ['model.mask_token', 'HeadForMLM.bias', 'HeadForMLM.dense.weight', 'HeadForMLM.dense.bias', 'HeadForMLM.LayerNorm.weight', 'HeadForMLM.LayerNorm.bias', 'HeadForMLM.decoder.weight', 'HeadForMLM.decoder.bias', 'HeadForMIM.bias', 'HeadForMIM.dense.weight', 'HeadForMIM.dense.bias', 'HeadForMIM.LayerNorm.weight', 'HeadForMIM.LayerNorm.bias', 'HeadForMIM.decoder.weight', 'HeadForMIM.decoder.bias', 'HeadForWPA.bias', 'HeadForWPA.dense.weight', 'HeadForWPA.dense.bias', 'HeadForWPA.LayerNorm.weight', 'HeadForWPA.LayerNorm.bias', 'HeadForWPA.decoder.weight', 'HeadForWPA.decoder.bias']
Unexpected keys:  []
iter:  0
Start training
maske lenght is 0!!!! and batch[i][input_ids]length is 4
/opt/conda/envs/layoutlmv3/lib/python3.7/site-packages/transformers/modeling_utils.py:831: FutureWarning: The `device` argument is deprecated and will be removed in v5 of Transformers.
  "The `device` argument is deprecated and will be removed in v5 of Transformers.", FutureWarning
[W reducer.cpp:1298] Warning: find_unused_parameters=True was specified in DDP constructor, but did not find any unused parameters in the forward pass. This flag results in an extra traversal of the autograd graph every iteration,  which can adversely affect performance. If your model indeed never has any unused parameters in the forward pass, consider turning this flag off. Note that this warning may be a false positive if your model has flow control causing later iterations to have unused parameters. (function operator())
/opt/conda/envs/layoutlmv3/lib/python3.7/site-packages/transformers/modeling_utils.py:831: FutureWarning: The `device` argument is deprecated and will be removed in v5 of Transformers.
  "The `device` argument is deprecated and will be removed in v5 of Transformers.", FutureWarning
[W reducer.cpp:1298] Warning: find_unused_parameters=True was specified in DDP constructor, but did not find any unused parameters in the forward pass. This flag results in an extra traversal of the autograd graph every iteration,  which can adversely affect performance. If your model indeed never has any unused parameters in the forward pass, consider turning this flag off. Note that this warning may be a false positive if your model has flow control causing later iterations to have unused parameters. (function operator())
/opt/conda/envs/layoutlmv3/lib/python3.7/site-packages/transformers/modeling_utils.py:831: FutureWarning: The `device` argument is deprecated and will be removed in v5 of Transformers.
  "The `device` argument is deprecated and will be removed in v5 of Transformers.", FutureWarning
[W reducer.cpp:1298] Warning: find_unused_parameters=True was specified in DDP constructor, but did not find any unused parameters in the forward pass. This flag results in an extra traversal of the autograd graph every iteration,  which can adversely affect performance. If your model indeed never has any unused parameters in the forward pass, consider turning this flag off. Note that this warning may be a false positive if your model has flow control causing later iterations to have unused parameters. (function operator())
/opt/conda/envs/layoutlmv3/lib/python3.7/site-packages/transformers/modeling_utils.py:831: FutureWarning: The `device` argument is deprecated and will be removed in v5 of Transformers.
  "The `device` argument is deprecated and will be removed in v5 of Transformers.", FutureWarning
[W reducer.cpp:1298] Warning: find_unused_parameters=True was specified in DDP constructor, but did not find any unused parameters in the forward pass. This flag results in an extra traversal of the autograd graph every iteration,  which can adversely affect performance. If your model indeed never has any unused parameters in the forward pass, consider turning this flag off. Note that this warning may be a false positive if your model has flow control causing later iterations to have unused parameters. (function operator())
maske lenght is 0!!!! and batch[i][input_ids]length is 4
maske lenght is 0!!!! and batch[i][input_ids]length is 3
maske lenght is 0!!!! and batch[i][input_ids]length is 6
maske lenght is 0!!!! and batch[i][input_ids]length is 4
maske lenght is 0!!!! and batch[i][input_ids]length is 3
maske lenght is 0!!!! and batch[i][input_ids]length is 9
maske lenght is 0!!!! and batch[i][input_ids]length is 3
maske lenght is 0!!!! and batch[i][input_ids]length is 3
maske lenght is 0!!!! and batch[i][input_ids]length is 3
maske lenght is 0!!!! and batch[i][input_ids]length is 6
maske lenght is 0!!!! and batch[i][input_ids]length is 3
maske lenght is 0!!!! and batch[i][input_ids]length is 4
maske lenght is 0!!!! and batch[i][input_ids]length is 4
maske lenght is 0!!!! and batch[i][input_ids]length is 4
maske lenght is 0!!!! and batch[i][input_ids]length is 3
maske lenght is 0!!!! and batch[i][input_ids]length is 4
maske lenght is 0!!!! and batch[i][input_ids]length is 3
maske lenght is 0!!!! and batch[i][input_ids]length is 6
maske lenght is 0!!!! and batch[i][input_ids]length is 2
maske lenght is 0!!!! and batch[i][input_ids]length is 15
maske lenght is 0!!!! and batch[i][input_ids]length is 12
maske lenght is 0!!!! and batch[i][input_ids]length is 4
maske lenght is 0!!!! and batch[i][input_ids]length is 4
maske lenght is 0!!!! and batch[i][input_ids]length is 9
maske lenght is 0!!!! and batch[i][input_ids]length is 3
maske lenght is 0!!!! and batch[i][input_ids]length is 3
maske lenght is 0!!!! and batch[i][input_ids]length is 3
maske lenght is 0!!!! and batch[i][input_ids]length is 3
maske lenght is 0!!!! and batch[i][input_ids]length is 3
maske lenght is 0!!!! and batch[i][input_ids]length is 4
maske lenght is 0!!!! and batch[i][input_ids]length is 4
maske lenght is 0!!!! and batch[i][input_ids]length is 4
maske lenght is 0!!!! and batch[i][input_ids]length is 4
maske lenght is 0!!!! and batch[i][input_ids]length is 5
maske lenght is 0!!!! and batch[i][input_ids]length is 4
maske lenght is 0!!!! and batch[i][input_ids]length is 3
maske lenght is 0!!!! and batch[i][input_ids]length is 3
maske lenght is 0!!!! and batch[i][input_ids]length is 4
maske lenght is 0!!!! and batch[i][input_ids]length is 4
maske lenght is 0!!!! and batch[i][input_ids]length is 16
maske lenght is 0!!!! and batch[i][input_ids]length is 5
maske lenght is 0!!!! and batch[i][input_ids]length is 4
maske lenght is 0!!!! and batch[i][input_ids]length is 3
maske lenght is 0!!!! and batch[i][input_ids]length is 3
maske lenght is 0!!!! and batch[i][input_ids]length is 3
maske lenght is 0!!!! and batch[i][input_ids]length is 4
maske lenght is 0!!!! and batch[i][input_ids]length is 4
maske lenght is 0!!!! and batch[i][input_ids]length is 4
maske lenght is 0!!!! and batch[i][input_ids]length is 4
epoch:0, iter:0, 0,  train_loss: 22.232614517211914, valid_loss: 22.209689353660302, idiv_loss:(12.450764959829826, 9.047294250770852, 0.7116301430596246), acc:(0.0, 1.4897728062890194e-05)
Train Epoch: [0]  [   0/6069]  eta: 19 days, 12:48:00  lr: 0.000000  ml_loss: 12.4230  mi_loss: 9.0685  wpa_loss: 0.7411  train_loss: 22.2326  time: 278.0822  data: 2.9775  max mem: 16092
maske lenght is 0!!!! and batch[i][input_ids]length is 3
maske lenght is 0!!!! and batch[i][input_ids]length is 4
maske lenght is 0!!!! and batch[i][input_ids]length is 4
maske lenght is 0!!!! and batch[i][input_ids]length is 3
Train Epoch: [0]  [  50/6069]  eta: 13:20:49  lr: 0.000000  ml_loss: 12.4514  mi_loss: 9.0727  wpa_loss: 0.7013  train_loss: 22.2253  time: 2.3484  data: 0.0001  max mem: 18669
maske lenght is 0!!!! and batch[i][input_ids]length is 4
maske lenght is 0!!!! and batch[i][input_ids]length is 10
maske lenght is 0!!!! and batch[i][input_ids]length is 4
maske lenght is 0!!!! and batch[i][input_ids]length is 12
maske lenght is 0!!!! and batch[i][input_ids]length is 13
Train Epoch: [0]  [ 100/6069]  eta: 8:36:39  lr: 0.000000  ml_loss: 12.4372  mi_loss: 9.0092  wpa_loss: 0.6745  train_loss: 22.1209  time: 2.3476  data: 0.0001  max mem: 18669
maske lenght is 0!!!! and batch[i][input_ids]length is 4
Train Epoch: [0]  [ 150/6069]  eta: 6:59:20  lr: 0.000000  ml_loss: 12.4012  mi_loss: 9.0073  wpa_loss: 0.6897  train_loss: 22.0982  time: 2.3481  data: 0.0001  max mem: 18669
maske lenght is 0!!!! and batch[i][input_ids]length is 4
maske lenght is 0!!!! and batch[i][input_ids]length is 3
maske lenght is 0!!!! and batch[i][input_ids]length is 3
Train Epoch: [0]  [ 200/6069]  eta: 6:09:28  lr: 0.000000  ml_loss: 12.4267  mi_loss: 9.0479  wpa_loss: 0.6811  train_loss: 22.1557  time: 2.3467  data: 0.0001  max mem: 18669
maske lenght is 0!!!! and batch[i][input_ids]length is 4
Train Epoch: [0]  [ 250/6069]  eta: 5:38:39  lr: 0.000000  ml_loss: 12.3758  mi_loss: 9.0223  wpa_loss: 0.6030  train_loss: 22.0010  time: 2.3452  data: 0.0001  max mem: 18673
maske lenght is 0!!!! and batch[i][input_ids]length is 4
maske lenght is 0!!!! and batch[i][input_ids]length is 4
maske lenght is 0!!!! and batch[i][input_ids]length is 5
maske lenght is 0!!!! and batch[i][input_ids]length is 3
Train Epoch: [0]  [ 300/6069]  eta: 5:17:26  lr: 0.000000  ml_loss: 12.3288  mi_loss: 9.0030  wpa_loss: 0.6681  train_loss: 21.9999  time: 2.3465  data: 0.0001  max mem: 18673
maske lenght is 0!!!! and batch[i][input_ids]length is 5
maske lenght is 0!!!! and batch[i][input_ids]length is 4
maske lenght is 0!!!! and batch[i][input_ids]length is 4
