/opt/conda/envs/layoutlmv3/lib/python3.7/site-packages/torch/distributed/launch.py:188: FutureWarning: The module torch.distributed.launch is deprecated
and will be removed in future. Use torchrun.
Note that --use_env is set by default in torchrun.
If your script expects `--local_rank` argument to be set, please
change it to read from `os.environ['LOCAL_RANK']` instead. See 
https://pytorch.org/docs/stable/distributed.html#launch-utility for 
further instructions

  FutureWarning,
WARNING:torch.distributed.run:
*****************************************
Setting OMP_NUM_THREADS environment variable for each process to be 1 in default, to avoid your system being overloaded, please further tune the variable for optimal performance in your application as needed. 
*****************************************
Namespace(batch_size=5, datasize=None, device='cuda', dist_url='env://', input_file='/nlp_group/wuxing/yuhuimu/AB-layoutlmv3/data/data_processed_ori/', learning_rate=1e-05, max_epochs=20, model_name='microsoft/layoutlmv3-base-chinese', model_params=None, output_model_dir='/nlp_group/wuxing/yuhuimu/AB-layoutlmv3/output/pretrain__lr1e-5_bs_5/', pretrained='/nlp_group/wuxing/yuhuimu/AB-layoutlmv3/pytorch_model.bin', ratio_train=0.9, seed=42, tokenizer_vocab_dir='/nlp_group/wuxing/yuhuimu/AB-layoutlmv3/data/tokenizer/', world_size=1)
Namespace(batch_size=5, datasize=None, device='cuda', dist_url='env://', input_file='/nlp_group/wuxing/yuhuimu/AB-layoutlmv3/data/data_processed_ori/', learning_rate=1e-05, max_epochs=20, model_name='microsoft/layoutlmv3-base-chinese', model_params=None, output_model_dir='/nlp_group/wuxing/yuhuimu/AB-layoutlmv3/output/pretrain__lr1e-5_bs_5/', pretrained='/nlp_group/wuxing/yuhuimu/AB-layoutlmv3/pytorch_model.bin', ratio_train=0.9, seed=42, tokenizer_vocab_dir='/nlp_group/wuxing/yuhuimu/AB-layoutlmv3/data/tokenizer/', world_size=1)
Namespace(batch_size=5, datasize=None, device='cuda', dist_url='env://', input_file='/nlp_group/wuxing/yuhuimu/AB-layoutlmv3/data/data_processed_ori/', learning_rate=1e-05, max_epochs=20, model_name='microsoft/layoutlmv3-base-chinese', model_params=None, output_model_dir='/nlp_group/wuxing/yuhuimu/AB-layoutlmv3/output/pretrain__lr1e-5_bs_5/', pretrained='/nlp_group/wuxing/yuhuimu/AB-layoutlmv3/pytorch_model.bin', ratio_train=0.9, seed=42, tokenizer_vocab_dir='/nlp_group/wuxing/yuhuimu/AB-layoutlmv3/data/tokenizer/', world_size=1)
Namespace(batch_size=5, datasize=None, device='cuda', dist_url='env://', input_file='/nlp_group/wuxing/yuhuimu/AB-layoutlmv3/data/data_processed_ori/', learning_rate=1e-05, max_epochs=20, model_name='microsoft/layoutlmv3-base-chinese', model_params=None, output_model_dir='/nlp_group/wuxing/yuhuimu/AB-layoutlmv3/output/pretrain__lr1e-5_bs_5/', pretrained='/nlp_group/wuxing/yuhuimu/AB-layoutlmv3/pytorch_model.bin', ratio_train=0.9, seed=42, tokenizer_vocab_dir='/nlp_group/wuxing/yuhuimu/AB-layoutlmv3/data/tokenizer/', world_size=1)
| distributed init (rank 2, word 4): env://
| distributed init (rank 0, word 4): env://
| distributed init (rank 1, word 4): env://
| distributed init (rank 3, word 4): env://
ai-platform-wlf1-ge10-1:28433:28433 [0] NCCL INFO Bootstrap : Using eth01:10.80.205.179<0>
ai-platform-wlf1-ge10-1:28433:28433 [0] NCCL INFO NET/Plugin : No plugin found (libnccl-net.so), using internal implementation
ai-platform-wlf1-ge10-1:28433:28433 [0] NCCL INFO cudaDriverVersion 11040
NCCL version 2.14.3+cuda11.7
ai-platform-wlf1-ge10-1:28433:28470 [0] NCCL INFO NCCL_IB_DISABLE set by environment to 0.
ai-platform-wlf1-ge10-1:28433:28470 [0] NCCL INFO Failed to open libibverbs.so[.1]
ai-platform-wlf1-ge10-1:28433:28470 [0] NCCL INFO NET/Socket : Using [0]eth01:10.80.205.179<0>
ai-platform-wlf1-ge10-1:28433:28470 [0] NCCL INFO Using network Socket
ai-platform-wlf1-ge10-1:28442:28442 [3] NCCL INFO cudaDriverVersion 11040
ai-platform-wlf1-ge10-1:28442:28442 [3] NCCL INFO Bootstrap : Using eth01:10.80.205.179<0>
ai-platform-wlf1-ge10-1:28442:28442 [3] NCCL INFO NET/Plugin : No plugin found (libnccl-net.so), using internal implementation
ai-platform-wlf1-ge10-1:28442:28471 [3] NCCL INFO NCCL_IB_DISABLE set by environment to 0.
ai-platform-wlf1-ge10-1:28442:28471 [3] NCCL INFO Failed to open libibverbs.so[.1]
ai-platform-wlf1-ge10-1:28442:28471 [3] NCCL INFO NET/Socket : Using [0]eth01:10.80.205.179<0>
ai-platform-wlf1-ge10-1:28442:28471 [3] NCCL INFO Using network Socket
ai-platform-wlf1-ge10-1:28434:28434 [1] NCCL INFO cudaDriverVersion 11040
ai-platform-wlf1-ge10-1:28435:28435 [2] NCCL INFO cudaDriverVersion 11040
ai-platform-wlf1-ge10-1:28434:28434 [1] NCCL INFO Bootstrap : Using eth01:10.80.205.179<0>
ai-platform-wlf1-ge10-1:28434:28434 [1] NCCL INFO NET/Plugin : No plugin found (libnccl-net.so), using internal implementation
ai-platform-wlf1-ge10-1:28434:28472 [1] NCCL INFO NCCL_IB_DISABLE set by environment to 0.
ai-platform-wlf1-ge10-1:28434:28472 [1] NCCL INFO Failed to open libibverbs.so[.1]
ai-platform-wlf1-ge10-1:28435:28435 [2] NCCL INFO Bootstrap : Using eth01:10.80.205.179<0>
ai-platform-wlf1-ge10-1:28435:28435 [2] NCCL INFO NET/Plugin : No plugin found (libnccl-net.so), using internal implementation
ai-platform-wlf1-ge10-1:28434:28472 [1] NCCL INFO NET/Socket : Using [0]eth01:10.80.205.179<0>
ai-platform-wlf1-ge10-1:28434:28472 [1] NCCL INFO Using network Socket
ai-platform-wlf1-ge10-1:28435:28473 [2] NCCL INFO NCCL_IB_DISABLE set by environment to 0.
ai-platform-wlf1-ge10-1:28435:28473 [2] NCCL INFO Failed to open libibverbs.so[.1]
ai-platform-wlf1-ge10-1:28435:28473 [2] NCCL INFO NET/Socket : Using [0]eth01:10.80.205.179<0>
ai-platform-wlf1-ge10-1:28435:28473 [2] NCCL INFO Using network Socket
ai-platform-wlf1-ge10-1:28435:28473 [2] NCCL INFO P2P is disabled between connected GPUs 1 and 0. You can repress this message with NCCL_IGNORE_DISABLED_P2P=1.
ai-platform-wlf1-ge10-1:28435:28473 [2] NCCL INFO P2P is disabled between connected GPUs 1 and 0. You can repress this message with NCCL_IGNORE_DISABLED_P2P=1.
ai-platform-wlf1-ge10-1:28435:28473 [2] NCCL INFO Could not enable P2P between dev 1(=24000) and dev 0(=1000)
ai-platform-wlf1-ge10-1:28435:28473 [2] NCCL INFO Could not enable P2P between dev 2(=81000) and dev 0(=1000)
ai-platform-wlf1-ge10-1:28435:28473 [2] NCCL INFO Could not enable P2P between dev 3(=e1000) and dev 0(=1000)
ai-platform-wlf1-ge10-1:28435:28473 [2] NCCL INFO P2P is disabled between connected GPUs 0 and 1. You can repress this message with NCCL_IGNORE_DISABLED_P2P=1.
ai-platform-wlf1-ge10-1:28435:28473 [2] NCCL INFO P2P is disabled between connected GPUs 0 and 1. You can repress this message with NCCL_IGNORE_DISABLED_P2P=1.
ai-platform-wlf1-ge10-1:28435:28473 [2] NCCL INFO Could not enable P2P between dev 0(=1000) and dev 1(=24000)
ai-platform-wlf1-ge10-1:28435:28473 [2] NCCL INFO Could not enable P2P between dev 2(=81000) and dev 1(=24000)
ai-platform-wlf1-ge10-1:28435:28473 [2] NCCL INFO Could not enable P2P between dev 3(=e1000) and dev 1(=24000)
ai-platform-wlf1-ge10-1:28435:28473 [2] NCCL INFO P2P is disabled between connected GPUs 3 and 2. You can repress this message with NCCL_IGNORE_DISABLED_P2P=1.
ai-platform-wlf1-ge10-1:28435:28473 [2] NCCL INFO Could not enable P2P between dev 0(=1000) and dev 2(=81000)
ai-platform-wlf1-ge10-1:28435:28473 [2] NCCL INFO Could not enable P2P between dev 1(=24000) and dev 2(=81000)
ai-platform-wlf1-ge10-1:28435:28473 [2] NCCL INFO P2P is disabled between connected GPUs 3 and 2. You can repress this message with NCCL_IGNORE_DISABLED_P2P=1.
ai-platform-wlf1-ge10-1:28435:28473 [2] NCCL INFO Could not enable P2P between dev 3(=e1000) and dev 2(=81000)
ai-platform-wlf1-ge10-1:28435:28473 [2] NCCL INFO P2P is disabled between connected GPUs 2 and 3. You can repress this message with NCCL_IGNORE_DISABLED_P2P=1.
ai-platform-wlf1-ge10-1:28435:28473 [2] NCCL INFO Could not enable P2P between dev 0(=1000) and dev 3(=e1000)
ai-platform-wlf1-ge10-1:28435:28473 [2] NCCL INFO Could not enable P2P between dev 1(=24000) and dev 3(=e1000)
ai-platform-wlf1-ge10-1:28435:28473 [2] NCCL INFO P2P is disabled between connected GPUs 2 and 3. You can repress this message with NCCL_IGNORE_DISABLED_P2P=1.
ai-platform-wlf1-ge10-1:28435:28473 [2] NCCL INFO Could not enable P2P between dev 2(=81000) and dev 3(=e1000)
ai-platform-wlf1-ge10-1:28435:28473 [2] NCCL INFO P2P is disabled between connected GPUs 1 and 0. You can repress this message with NCCL_IGNORE_DISABLED_P2P=1.
ai-platform-wlf1-ge10-1:28435:28473 [2] NCCL INFO P2P is disabled between connected GPUs 1 and 0. You can repress this message with NCCL_IGNORE_DISABLED_P2P=1.
ai-platform-wlf1-ge10-1:28435:28473 [2] NCCL INFO Could not enable P2P between dev 1(=24000) and dev 0(=1000)
ai-platform-wlf1-ge10-1:28435:28473 [2] NCCL INFO Could not enable P2P between dev 2(=81000) and dev 0(=1000)
ai-platform-wlf1-ge10-1:28435:28473 [2] NCCL INFO Could not enable P2P between dev 3(=e1000) and dev 0(=1000)
ai-platform-wlf1-ge10-1:28435:28473 [2] NCCL INFO P2P is disabled between connected GPUs 0 and 1. You can repress this message with NCCL_IGNORE_DISABLED_P2P=1.
ai-platform-wlf1-ge10-1:28435:28473 [2] NCCL INFO P2P is disabled between connected GPUs 0 and 1. You can repress this message with NCCL_IGNORE_DISABLED_P2P=1.
ai-platform-wlf1-ge10-1:28435:28473 [2] NCCL INFO Could not enable P2P between dev 0(=1000) and dev 1(=24000)
ai-platform-wlf1-ge10-1:28435:28473 [2] NCCL INFO Could not enable P2P between dev 2(=81000) and dev 1(=24000)
ai-platform-wlf1-ge10-1:28435:28473 [2] NCCL INFO Could not enable P2P between dev 3(=e1000) and dev 1(=24000)
ai-platform-wlf1-ge10-1:28435:28473 [2] NCCL INFO P2P is disabled between connected GPUs 3 and 2. You can repress this message with NCCL_IGNORE_DISABLED_P2P=1.
ai-platform-wlf1-ge10-1:28435:28473 [2] NCCL INFO Could not enable P2P between dev 0(=1000) and dev 2(=81000)
ai-platform-wlf1-ge10-1:28435:28473 [2] NCCL INFO Could not enable P2P between dev 1(=24000) and dev 2(=81000)
ai-platform-wlf1-ge10-1:28435:28473 [2] NCCL INFO P2P is disabled between connected GPUs 3 and 2. You can repress this message with NCCL_IGNORE_DISABLED_P2P=1.
ai-platform-wlf1-ge10-1:28435:28473 [2] NCCL INFO Could not enable P2P between dev 3(=e1000) and dev 2(=81000)
ai-platform-wlf1-ge10-1:28435:28473 [2] NCCL INFO P2P is disabled between connected GPUs 2 and 3. You can repress this message with NCCL_IGNORE_DISABLED_P2P=1.
ai-platform-wlf1-ge10-1:28435:28473 [2] NCCL INFO Could not enable P2P between dev 0(=1000) and dev 3(=e1000)
ai-platform-wlf1-ge10-1:28435:28473 [2] NCCL INFO Could not enable P2P between dev 1(=24000) and dev 3(=e1000)
ai-platform-wlf1-ge10-1:28435:28473 [2] NCCL INFO P2P is disabled between connected GPUs 2 and 3. You can repress this message with NCCL_IGNORE_DISABLED_P2P=1.
ai-platform-wlf1-ge10-1:28435:28473 [2] NCCL INFO Could not enable P2P between dev 2(=81000) and dev 3(=e1000)
ai-platform-wlf1-ge10-1:28435:28473 [2] NCCL INFO Setting affinity for GPU 2 to ffffffff,00000000,ffffffff,00000000
ai-platform-wlf1-ge10-1:28442:28471 [3] NCCL INFO P2P is disabled between connected GPUs 1 and 0. You can repress this message with NCCL_IGNORE_DISABLED_P2P=1.
ai-platform-wlf1-ge10-1:28442:28471 [3] NCCL INFO P2P is disabled between connected GPUs 1 and 0. You can repress this message with NCCL_IGNORE_DISABLED_P2P=1.
ai-platform-wlf1-ge10-1:28442:28471 [3] NCCL INFO Could not enable P2P between dev 1(=24000) and dev 0(=1000)
ai-platform-wlf1-ge10-1:28442:28471 [3] NCCL INFO Could not enable P2P between dev 2(=81000) and dev 0(=1000)
ai-platform-wlf1-ge10-1:28442:28471 [3] NCCL INFO Could not enable P2P between dev 3(=e1000) and dev 0(=1000)
ai-platform-wlf1-ge10-1:28442:28471 [3] NCCL INFO P2P is disabled between connected GPUs 0 and 1. You can repress this message with NCCL_IGNORE_DISABLED_P2P=1.
ai-platform-wlf1-ge10-1:28442:28471 [3] NCCL INFO P2P is disabled between connected GPUs 0 and 1. You can repress this message with NCCL_IGNORE_DISABLED_P2P=1.
ai-platform-wlf1-ge10-1:28442:28471 [3] NCCL INFO Could not enable P2P between dev 0(=1000) and dev 1(=24000)
ai-platform-wlf1-ge10-1:28442:28471 [3] NCCL INFO Could not enable P2P between dev 2(=81000) and dev 1(=24000)
ai-platform-wlf1-ge10-1:28442:28471 [3] NCCL INFO Could not enable P2P between dev 3(=e1000) and dev 1(=24000)
ai-platform-wlf1-ge10-1:28442:28471 [3] NCCL INFO P2P is disabled between connected GPUs 3 and 2. You can repress this message with NCCL_IGNORE_DISABLED_P2P=1.
ai-platform-wlf1-ge10-1:28442:28471 [3] NCCL INFO Could not enable P2P between dev 0(=1000) and dev 2(=81000)
ai-platform-wlf1-ge10-1:28442:28471 [3] NCCL INFO Could not enable P2P between dev 1(=24000) and dev 2(=81000)
ai-platform-wlf1-ge10-1:28442:28471 [3] NCCL INFO P2P is disabled between connected GPUs 3 and 2. You can repress this message with NCCL_IGNORE_DISABLED_P2P=1.
ai-platform-wlf1-ge10-1:28442:28471 [3] NCCL INFO Could not enable P2P between dev 3(=e1000) and dev 2(=81000)
ai-platform-wlf1-ge10-1:28442:28471 [3] NCCL INFO P2P is disabled between connected GPUs 2 and 3. You can repress this message with NCCL_IGNORE_DISABLED_P2P=1.
ai-platform-wlf1-ge10-1:28442:28471 [3] NCCL INFO Could not enable P2P between dev 0(=1000) and dev 3(=e1000)
ai-platform-wlf1-ge10-1:28442:28471 [3] NCCL INFO Could not enable P2P between dev 1(=24000) and dev 3(=e1000)
ai-platform-wlf1-ge10-1:28442:28471 [3] NCCL INFO P2P is disabled between connected GPUs 2 and 3. You can repress this message with NCCL_IGNORE_DISABLED_P2P=1.
ai-platform-wlf1-ge10-1:28442:28471 [3] NCCL INFO Could not enable P2P between dev 2(=81000) and dev 3(=e1000)
ai-platform-wlf1-ge10-1:28442:28471 [3] NCCL INFO P2P is disabled between connected GPUs 1 and 0. You can repress this message with NCCL_IGNORE_DISABLED_P2P=1.
ai-platform-wlf1-ge10-1:28442:28471 [3] NCCL INFO P2P is disabled between connected GPUs 1 and 0. You can repress this message with NCCL_IGNORE_DISABLED_P2P=1.
ai-platform-wlf1-ge10-1:28442:28471 [3] NCCL INFO Could not enable P2P between dev 1(=24000) and dev 0(=1000)
ai-platform-wlf1-ge10-1:28442:28471 [3] NCCL INFO Could not enable P2P between dev 2(=81000) and dev 0(=1000)
ai-platform-wlf1-ge10-1:28442:28471 [3] NCCL INFO Could not enable P2P between dev 3(=e1000) and dev 0(=1000)
ai-platform-wlf1-ge10-1:28442:28471 [3] NCCL INFO P2P is disabled between connected GPUs 0 and 1. You can repress this message with NCCL_IGNORE_DISABLED_P2P=1.
ai-platform-wlf1-ge10-1:28442:28471 [3] NCCL INFO P2P is disabled between connected GPUs 0 and 1. You can repress this message with NCCL_IGNORE_DISABLED_P2P=1.
ai-platform-wlf1-ge10-1:28442:28471 [3] NCCL INFO Could not enable P2P between dev 0(=1000) and dev 1(=24000)
ai-platform-wlf1-ge10-1:28442:28471 [3] NCCL INFO Could not enable P2P between dev 2(=81000) and dev 1(=24000)
ai-platform-wlf1-ge10-1:28442:28471 [3] NCCL INFO Could not enable P2P between dev 3(=e1000) and dev 1(=24000)
ai-platform-wlf1-ge10-1:28442:28471 [3] NCCL INFO P2P is disabled between connected GPUs 3 and 2. You can repress this message with NCCL_IGNORE_DISABLED_P2P=1.
ai-platform-wlf1-ge10-1:28442:28471 [3] NCCL INFO Could not enable P2P between dev 0(=1000) and dev 2(=81000)
ai-platform-wlf1-ge10-1:28442:28471 [3] NCCL INFO Could not enable P2P between dev 1(=24000) and dev 2(=81000)
ai-platform-wlf1-ge10-1:28442:28471 [3] NCCL INFO P2P is disabled between connected GPUs 3 and 2. You can repress this message with NCCL_IGNORE_DISABLED_P2P=1.
ai-platform-wlf1-ge10-1:28442:28471 [3] NCCL INFO Could not enable P2P between dev 3(=e1000) and dev 2(=81000)
ai-platform-wlf1-ge10-1:28442:28471 [3] NCCL INFO P2P is disabled between connected GPUs 2 and 3. You can repress this message with NCCL_IGNORE_DISABLED_P2P=1.
ai-platform-wlf1-ge10-1:28442:28471 [3] NCCL INFO Could not enable P2P between dev 0(=1000) and dev 3(=e1000)
ai-platform-wlf1-ge10-1:28442:28471 [3] NCCL INFO Could not enable P2P between dev 1(=24000) and dev 3(=e1000)
ai-platform-wlf1-ge10-1:28442:28471 [3] NCCL INFO P2P is disabled between connected GPUs 2 and 3. You can repress this message with NCCL_IGNORE_DISABLED_P2P=1.
ai-platform-wlf1-ge10-1:28442:28471 [3] NCCL INFO Could not enable P2P between dev 2(=81000) and dev 3(=e1000)
ai-platform-wlf1-ge10-1:28442:28471 [3] NCCL INFO Setting affinity for GPU 3 to ffffffff,00000000,ffffffff,00000000
ai-platform-wlf1-ge10-1:28433:28470 [0] NCCL INFO P2P is disabled between connected GPUs 1 and 0. You can repress this message with NCCL_IGNORE_DISABLED_P2P=1.
ai-platform-wlf1-ge10-1:28433:28470 [0] NCCL INFO P2P is disabled between connected GPUs 1 and 0. You can repress this message with NCCL_IGNORE_DISABLED_P2P=1.
ai-platform-wlf1-ge10-1:28433:28470 [0] NCCL INFO Could not enable P2P between dev 1(=24000) and dev 0(=1000)
ai-platform-wlf1-ge10-1:28433:28470 [0] NCCL INFO Could not enable P2P between dev 2(=81000) and dev 0(=1000)
ai-platform-wlf1-ge10-1:28433:28470 [0] NCCL INFO Could not enable P2P between dev 3(=e1000) and dev 0(=1000)
ai-platform-wlf1-ge10-1:28433:28470 [0] NCCL INFO P2P is disabled between connected GPUs 0 and 1. You can repress this message with NCCL_IGNORE_DISABLED_P2P=1.
ai-platform-wlf1-ge10-1:28433:28470 [0] NCCL INFO P2P is disabled between connected GPUs 0 and 1. You can repress this message with NCCL_IGNORE_DISABLED_P2P=1.
ai-platform-wlf1-ge10-1:28433:28470 [0] NCCL INFO Could not enable P2P between dev 0(=1000) and dev 1(=24000)
ai-platform-wlf1-ge10-1:28433:28470 [0] NCCL INFO Could not enable P2P between dev 2(=81000) and dev 1(=24000)
ai-platform-wlf1-ge10-1:28433:28470 [0] NCCL INFO Could not enable P2P between dev 3(=e1000) and dev 1(=24000)
ai-platform-wlf1-ge10-1:28433:28470 [0] NCCL INFO P2P is disabled between connected GPUs 3 and 2. You can repress this message with NCCL_IGNORE_DISABLED_P2P=1.
ai-platform-wlf1-ge10-1:28433:28470 [0] NCCL INFO Could not enable P2P between dev 0(=1000) and dev 2(=81000)
ai-platform-wlf1-ge10-1:28433:28470 [0] NCCL INFO Could not enable P2P between dev 1(=24000) and dev 2(=81000)
ai-platform-wlf1-ge10-1:28433:28470 [0] NCCL INFO P2P is disabled between connected GPUs 3 and 2. You can repress this message with NCCL_IGNORE_DISABLED_P2P=1.
ai-platform-wlf1-ge10-1:28433:28470 [0] NCCL INFO Could not enable P2P between dev 3(=e1000) and dev 2(=81000)
ai-platform-wlf1-ge10-1:28433:28470 [0] NCCL INFO P2P is disabled between connected GPUs 2 and 3. You can repress this message with NCCL_IGNORE_DISABLED_P2P=1.
ai-platform-wlf1-ge10-1:28433:28470 [0] NCCL INFO Could not enable P2P between dev 0(=1000) and dev 3(=e1000)
ai-platform-wlf1-ge10-1:28433:28470 [0] NCCL INFO Could not enable P2P between dev 1(=24000) and dev 3(=e1000)
ai-platform-wlf1-ge10-1:28433:28470 [0] NCCL INFO P2P is disabled between connected GPUs 2 and 3. You can repress this message with NCCL_IGNORE_DISABLED_P2P=1.
ai-platform-wlf1-ge10-1:28433:28470 [0] NCCL INFO Could not enable P2P between dev 2(=81000) and dev 3(=e1000)
ai-platform-wlf1-ge10-1:28433:28470 [0] NCCL INFO P2P is disabled between connected GPUs 1 and 0. You can repress this message with NCCL_IGNORE_DISABLED_P2P=1.
ai-platform-wlf1-ge10-1:28433:28470 [0] NCCL INFO P2P is disabled between connected GPUs 1 and 0. You can repress this message with NCCL_IGNORE_DISABLED_P2P=1.
ai-platform-wlf1-ge10-1:28433:28470 [0] NCCL INFO Could not enable P2P between dev 1(=24000) and dev 0(=1000)
ai-platform-wlf1-ge10-1:28433:28470 [0] NCCL INFO Could not enable P2P between dev 2(=81000) and dev 0(=1000)
ai-platform-wlf1-ge10-1:28433:28470 [0] NCCL INFO Could not enable P2P between dev 3(=e1000) and dev 0(=1000)
ai-platform-wlf1-ge10-1:28433:28470 [0] NCCL INFO P2P is disabled between connected GPUs 0 and 1. You can repress this message with NCCL_IGNORE_DISABLED_P2P=1.
ai-platform-wlf1-ge10-1:28433:28470 [0] NCCL INFO P2P is disabled between connected GPUs 0 and 1. You can repress this message with NCCL_IGNORE_DISABLED_P2P=1.
ai-platform-wlf1-ge10-1:28433:28470 [0] NCCL INFO Could not enable P2P between dev 0(=1000) and dev 1(=24000)
ai-platform-wlf1-ge10-1:28433:28470 [0] NCCL INFO Could not enable P2P between dev 2(=81000) and dev 1(=24000)
ai-platform-wlf1-ge10-1:28433:28470 [0] NCCL INFO Could not enable P2P between dev 3(=e1000) and dev 1(=24000)
ai-platform-wlf1-ge10-1:28433:28470 [0] NCCL INFO P2P is disabled between connected GPUs 3 and 2. You can repress this message with NCCL_IGNORE_DISABLED_P2P=1.
ai-platform-wlf1-ge10-1:28433:28470 [0] NCCL INFO Could not enable P2P between dev 0(=1000) and dev 2(=81000)
ai-platform-wlf1-ge10-1:28433:28470 [0] NCCL INFO Could not enable P2P between dev 1(=24000) and dev 2(=81000)
ai-platform-wlf1-ge10-1:28433:28470 [0] NCCL INFO P2P is disabled between connected GPUs 3 and 2. You can repress this message with NCCL_IGNORE_DISABLED_P2P=1.
ai-platform-wlf1-ge10-1:28433:28470 [0] NCCL INFO Could not enable P2P between dev 3(=e1000) and dev 2(=81000)
ai-platform-wlf1-ge10-1:28433:28470 [0] NCCL INFO P2P is disabled between connected GPUs 2 and 3. You can repress this message with NCCL_IGNORE_DISABLED_P2P=1.
ai-platform-wlf1-ge10-1:28433:28470 [0] NCCL INFO Could not enable P2P between dev 0(=1000) and dev 3(=e1000)
ai-platform-wlf1-ge10-1:28433:28470 [0] NCCL INFO Could not enable P2P between dev 1(=24000) and dev 3(=e1000)
ai-platform-wlf1-ge10-1:28433:28470 [0] NCCL INFO P2P is disabled between connected GPUs 2 and 3. You can repress this message with NCCL_IGNORE_DISABLED_P2P=1.
ai-platform-wlf1-ge10-1:28433:28470 [0] NCCL INFO Could not enable P2P between dev 2(=81000) and dev 3(=e1000)
ai-platform-wlf1-ge10-1:28433:28470 [0] NCCL INFO Setting affinity for GPU 0 to ffffffff,00000000,ffffffff
ai-platform-wlf1-ge10-1:28434:28472 [1] NCCL INFO P2P is disabled between connected GPUs 1 and 0. You can repress this message with NCCL_IGNORE_DISABLED_P2P=1.
ai-platform-wlf1-ge10-1:28434:28472 [1] NCCL INFO P2P is disabled between connected GPUs 1 and 0. You can repress this message with NCCL_IGNORE_DISABLED_P2P=1.
ai-platform-wlf1-ge10-1:28434:28472 [1] NCCL INFO Could not enable P2P between dev 1(=24000) and dev 0(=1000)
ai-platform-wlf1-ge10-1:28434:28472 [1] NCCL INFO Could not enable P2P between dev 2(=81000) and dev 0(=1000)
ai-platform-wlf1-ge10-1:28434:28472 [1] NCCL INFO Could not enable P2P between dev 3(=e1000) and dev 0(=1000)
ai-platform-wlf1-ge10-1:28434:28472 [1] NCCL INFO P2P is disabled between connected GPUs 0 and 1. You can repress this message with NCCL_IGNORE_DISABLED_P2P=1.
ai-platform-wlf1-ge10-1:28434:28472 [1] NCCL INFO P2P is disabled between connected GPUs 0 and 1. You can repress this message with NCCL_IGNORE_DISABLED_P2P=1.
ai-platform-wlf1-ge10-1:28434:28472 [1] NCCL INFO Could not enable P2P between dev 0(=1000) and dev 1(=24000)
ai-platform-wlf1-ge10-1:28434:28472 [1] NCCL INFO Could not enable P2P between dev 2(=81000) and dev 1(=24000)
ai-platform-wlf1-ge10-1:28434:28472 [1] NCCL INFO Could not enable P2P between dev 3(=e1000) and dev 1(=24000)
ai-platform-wlf1-ge10-1:28434:28472 [1] NCCL INFO P2P is disabled between connected GPUs 3 and 2. You can repress this message with NCCL_IGNORE_DISABLED_P2P=1.
ai-platform-wlf1-ge10-1:28434:28472 [1] NCCL INFO Could not enable P2P between dev 0(=1000) and dev 2(=81000)
ai-platform-wlf1-ge10-1:28434:28472 [1] NCCL INFO Could not enable P2P between dev 1(=24000) and dev 2(=81000)
ai-platform-wlf1-ge10-1:28434:28472 [1] NCCL INFO P2P is disabled between connected GPUs 3 and 2. You can repress this message with NCCL_IGNORE_DISABLED_P2P=1.
ai-platform-wlf1-ge10-1:28434:28472 [1] NCCL INFO Could not enable P2P between dev 3(=e1000) and dev 2(=81000)
ai-platform-wlf1-ge10-1:28434:28472 [1] NCCL INFO P2P is disabled between connected GPUs 2 and 3. You can repress this message with NCCL_IGNORE_DISABLED_P2P=1.
ai-platform-wlf1-ge10-1:28434:28472 [1] NCCL INFO Could not enable P2P between dev 0(=1000) and dev 3(=e1000)
ai-platform-wlf1-ge10-1:28434:28472 [1] NCCL INFO Could not enable P2P between dev 1(=24000) and dev 3(=e1000)
ai-platform-wlf1-ge10-1:28434:28472 [1] NCCL INFO P2P is disabled between connected GPUs 2 and 3. You can repress this message with NCCL_IGNORE_DISABLED_P2P=1.
ai-platform-wlf1-ge10-1:28434:28472 [1] NCCL INFO Could not enable P2P between dev 2(=81000) and dev 3(=e1000)
ai-platform-wlf1-ge10-1:28434:28472 [1] NCCL INFO P2P is disabled between connected GPUs 1 and 0. You can repress this message with NCCL_IGNORE_DISABLED_P2P=1.
ai-platform-wlf1-ge10-1:28434:28472 [1] NCCL INFO P2P is disabled between connected GPUs 1 and 0. You can repress this message with NCCL_IGNORE_DISABLED_P2P=1.
ai-platform-wlf1-ge10-1:28434:28472 [1] NCCL INFO Could not enable P2P between dev 1(=24000) and dev 0(=1000)
ai-platform-wlf1-ge10-1:28434:28472 [1] NCCL INFO Could not enable P2P between dev 2(=81000) and dev 0(=1000)
ai-platform-wlf1-ge10-1:28434:28472 [1] NCCL INFO Could not enable P2P between dev 3(=e1000) and dev 0(=1000)
ai-platform-wlf1-ge10-1:28434:28472 [1] NCCL INFO P2P is disabled between connected GPUs 0 and 1. You can repress this message with NCCL_IGNORE_DISABLED_P2P=1.
ai-platform-wlf1-ge10-1:28434:28472 [1] NCCL INFO P2P is disabled between connected GPUs 0 and 1. You can repress this message with NCCL_IGNORE_DISABLED_P2P=1.
ai-platform-wlf1-ge10-1:28434:28472 [1] NCCL INFO Could not enable P2P between dev 0(=1000) and dev 1(=24000)
ai-platform-wlf1-ge10-1:28434:28472 [1] NCCL INFO Could not enable P2P between dev 2(=81000) and dev 1(=24000)
ai-platform-wlf1-ge10-1:28434:28472 [1] NCCL INFO Could not enable P2P between dev 3(=e1000) and dev 1(=24000)
ai-platform-wlf1-ge10-1:28434:28472 [1] NCCL INFO P2P is disabled between connected GPUs 3 and 2. You can repress this message with NCCL_IGNORE_DISABLED_P2P=1.
ai-platform-wlf1-ge10-1:28434:28472 [1] NCCL INFO Could not enable P2P between dev 0(=1000) and dev 2(=81000)
ai-platform-wlf1-ge10-1:28434:28472 [1] NCCL INFO Could not enable P2P between dev 1(=24000) and dev 2(=81000)
ai-platform-wlf1-ge10-1:28434:28472 [1] NCCL INFO P2P is disabled between connected GPUs 3 and 2. You can repress this message with NCCL_IGNORE_DISABLED_P2P=1.
ai-platform-wlf1-ge10-1:28434:28472 [1] NCCL INFO Could not enable P2P between dev 3(=e1000) and dev 2(=81000)
ai-platform-wlf1-ge10-1:28434:28472 [1] NCCL INFO P2P is disabled between connected GPUs 2 and 3. You can repress this message with NCCL_IGNORE_DISABLED_P2P=1.
ai-platform-wlf1-ge10-1:28434:28472 [1] NCCL INFO Could not enable P2P between dev 0(=1000) and dev 3(=e1000)
ai-platform-wlf1-ge10-1:28434:28472 [1] NCCL INFO Could not enable P2P between dev 1(=24000) and dev 3(=e1000)
ai-platform-wlf1-ge10-1:28434:28472 [1] NCCL INFO P2P is disabled between connected GPUs 2 and 3. You can repress this message with NCCL_IGNORE_DISABLED_P2P=1.
ai-platform-wlf1-ge10-1:28434:28472 [1] NCCL INFO Could not enable P2P between dev 2(=81000) and dev 3(=e1000)
ai-platform-wlf1-ge10-1:28434:28472 [1] NCCL INFO Setting affinity for GPU 1 to ffffffff,00000000,ffffffff
ai-platform-wlf1-ge10-1:28433:28470 [0] NCCL INFO Channel 00/04 :    0   1   2   3
ai-platform-wlf1-ge10-1:28433:28470 [0] NCCL INFO Channel 01/04 :    0   1   2   3
ai-platform-wlf1-ge10-1:28433:28470 [0] NCCL INFO Channel 02/04 :    0   1   2   3
ai-platform-wlf1-ge10-1:28442:28471 [3] NCCL INFO Trees [0] -1/-1/-1->3->2 [1] -1/-1/-1->3->2 [2] -1/-1/-1->3->2 [3] -1/-1/-1->3->2
ai-platform-wlf1-ge10-1:28435:28473 [2] NCCL INFO Trees [0] 3/-1/-1->2->1 [1] 3/-1/-1->2->1 [2] 3/-1/-1->2->1 [3] 3/-1/-1->2->1
ai-platform-wlf1-ge10-1:28433:28470 [0] NCCL INFO Channel 03/04 :    0   1   2   3
ai-platform-wlf1-ge10-1:28434:28472 [1] NCCL INFO Trees [0] 2/-1/-1->1->0 [1] 2/-1/-1->1->0 [2] 2/-1/-1->1->0 [3] 2/-1/-1->1->0
ai-platform-wlf1-ge10-1:28433:28470 [0] NCCL INFO Trees [0] 1/-1/-1->0->-1 [1] 1/-1/-1->0->-1 [2] 1/-1/-1->0->-1 [3] 1/-1/-1->0->-1
ai-platform-wlf1-ge10-1:28442:28471 [3] NCCL INFO P2P is disabled between connected GPUs 3 and 2. You can repress this message with NCCL_IGNORE_DISABLED_P2P=1.
ai-platform-wlf1-ge10-1:28442:28471 [3] NCCL INFO Could not enable P2P between dev 3(=e1000) and dev 2(=81000)
ai-platform-wlf1-ge10-1:28435:28473 [2] NCCL INFO Could not enable P2P between dev 2(=81000) and dev 1(=24000)
ai-platform-wlf1-ge10-1:28433:28470 [0] NCCL INFO Could not enable P2P between dev 0(=1000) and dev 3(=e1000)
ai-platform-wlf1-ge10-1:28434:28472 [1] NCCL INFO P2P is disabled between connected GPUs 1 and 0. You can repress this message with NCCL_IGNORE_DISABLED_P2P=1.
ai-platform-wlf1-ge10-1:28434:28472 [1] NCCL INFO Could not enable P2P between dev 1(=24000) and dev 0(=1000)
ai-platform-wlf1-ge10-1:28435:28473 [2] NCCL INFO Could not enable P2P between dev 2(=81000) and dev 1(=24000)
ai-platform-wlf1-ge10-1:28442:28471 [3] NCCL INFO P2P is disabled between connected GPUs 3 and 2. You can repress this message with NCCL_IGNORE_DISABLED_P2P=1.
ai-platform-wlf1-ge10-1:28442:28471 [3] NCCL INFO Could not enable P2P between dev 3(=e1000) and dev 2(=81000)
ai-platform-wlf1-ge10-1:28433:28470 [0] NCCL INFO Could not enable P2P between dev 0(=1000) and dev 3(=e1000)
ai-platform-wlf1-ge10-1:28434:28472 [1] NCCL INFO P2P is disabled between connected GPUs 1 and 0. You can repress this message with NCCL_IGNORE_DISABLED_P2P=1.
ai-platform-wlf1-ge10-1:28434:28472 [1] NCCL INFO Could not enable P2P between dev 1(=24000) and dev 0(=1000)
ai-platform-wlf1-ge10-1:28435:28473 [2] NCCL INFO Could not enable P2P between dev 2(=81000) and dev 1(=24000)
ai-platform-wlf1-ge10-1:28433:28470 [0] NCCL INFO Could not enable P2P between dev 0(=1000) and dev 3(=e1000)
ai-platform-wlf1-ge10-1:28442:28471 [3] NCCL INFO P2P is disabled between connected GPUs 3 and 2. You can repress this message with NCCL_IGNORE_DISABLED_P2P=1.
ai-platform-wlf1-ge10-1:28442:28471 [3] NCCL INFO Could not enable P2P between dev 3(=e1000) and dev 2(=81000)
ai-platform-wlf1-ge10-1:28434:28472 [1] NCCL INFO P2P is disabled between connected GPUs 1 and 0. You can repress this message with NCCL_IGNORE_DISABLED_P2P=1.
ai-platform-wlf1-ge10-1:28434:28472 [1] NCCL INFO Could not enable P2P between dev 1(=24000) and dev 0(=1000)
ai-platform-wlf1-ge10-1:28435:28473 [2] NCCL INFO Could not enable P2P between dev 2(=81000) and dev 1(=24000)
ai-platform-wlf1-ge10-1:28433:28470 [0] NCCL INFO Could not enable P2P between dev 0(=1000) and dev 3(=e1000)
ai-platform-wlf1-ge10-1:28434:28472 [1] NCCL INFO P2P is disabled between connected GPUs 1 and 0. You can repress this message with NCCL_IGNORE_DISABLED_P2P=1.
ai-platform-wlf1-ge10-1:28434:28472 [1] NCCL INFO Could not enable P2P between dev 1(=24000) and dev 0(=1000)
ai-platform-wlf1-ge10-1:28442:28471 [3] NCCL INFO P2P is disabled between connected GPUs 3 and 2. You can repress this message with NCCL_IGNORE_DISABLED_P2P=1.
ai-platform-wlf1-ge10-1:28442:28471 [3] NCCL INFO Could not enable P2P between dev 3(=e1000) and dev 2(=81000)
ai-platform-wlf1-ge10-1:28435:28473 [2] NCCL INFO P2P is disabled between connected GPUs 2 and 3. You can repress this message with NCCL_IGNORE_DISABLED_P2P=1.
ai-platform-wlf1-ge10-1:28435:28473 [2] NCCL INFO Could not enable P2P between dev 2(=81000) and dev 3(=e1000)
ai-platform-wlf1-ge10-1:28435:28473 [2] NCCL INFO Channel 00 : 2[81000] -> 3[e1000] via SHM/direct/direct
ai-platform-wlf1-ge10-1:28435:28473 [2] NCCL INFO P2P is disabled between connected GPUs 2 and 3. You can repress this message with NCCL_IGNORE_DISABLED_P2P=1.
ai-platform-wlf1-ge10-1:28435:28473 [2] NCCL INFO Could not enable P2P between dev 2(=81000) and dev 3(=e1000)
ai-platform-wlf1-ge10-1:28433:28470 [0] NCCL INFO P2P is disabled between connected GPUs 0 and 1. You can repress this message with NCCL_IGNORE_DISABLED_P2P=1.
ai-platform-wlf1-ge10-1:28433:28470 [0] NCCL INFO Could not enable P2P between dev 0(=1000) and dev 1(=24000)
ai-platform-wlf1-ge10-1:28434:28472 [1] NCCL INFO Could not enable P2P between dev 1(=24000) and dev 2(=81000)
ai-platform-wlf1-ge10-1:28435:28473 [2] NCCL INFO Channel 01 : 2[81000] -> 3[e1000] via SHM/direct/direct
ai-platform-wlf1-ge10-1:28435:28473 [2] NCCL INFO P2P is disabled between connected GPUs 2 and 3. You can repress this message with NCCL_IGNORE_DISABLED_P2P=1.
ai-platform-wlf1-ge10-1:28435:28473 [2] NCCL INFO Could not enable P2P between dev 2(=81000) and dev 3(=e1000)
ai-platform-wlf1-ge10-1:28442:28471 [3] NCCL INFO Could not enable P2P between dev 3(=e1000) and dev 0(=1000)
ai-platform-wlf1-ge10-1:28433:28470 [0] NCCL INFO Channel 00 : 0[1000] -> 1[24000] via SHM/direct/direct
ai-platform-wlf1-ge10-1:28433:28470 [0] NCCL INFO P2P is disabled between connected GPUs 0 and 1. You can repress this message with NCCL_IGNORE_DISABLED_P2P=1.
ai-platform-wlf1-ge10-1:28433:28470 [0] NCCL INFO Could not enable P2P between dev 0(=1000) and dev 1(=24000)
ai-platform-wlf1-ge10-1:28435:28473 [2] NCCL INFO Channel 02 : 2[81000] -> 3[e1000] via SHM/direct/direct
ai-platform-wlf1-ge10-1:28435:28473 [2] NCCL INFO P2P is disabled between connected GPUs 2 and 3. You can repress this message with NCCL_IGNORE_DISABLED_P2P=1.
ai-platform-wlf1-ge10-1:28435:28473 [2] NCCL INFO Could not enable P2P between dev 2(=81000) and dev 3(=e1000)
ai-platform-wlf1-ge10-1:28434:28472 [1] NCCL INFO Channel 00 : 1[24000] -> 2[81000] via SHM/direct/direct
ai-platform-wlf1-ge10-1:28434:28472 [1] NCCL INFO Could not enable P2P between dev 1(=24000) and dev 2(=81000)
ai-platform-wlf1-ge10-1:28442:28471 [3] NCCL INFO Channel 00 : 3[e1000] -> 0[1000] via SHM/direct/direct
ai-platform-wlf1-ge10-1:28442:28471 [3] NCCL INFO Could not enable P2P between dev 3(=e1000) and dev 0(=1000)
ai-platform-wlf1-ge10-1:28433:28470 [0] NCCL INFO Channel 01 : 0[1000] -> 1[24000] via SHM/direct/direct
ai-platform-wlf1-ge10-1:28433:28470 [0] NCCL INFO P2P is disabled between connected GPUs 0 and 1. You can repress this message with NCCL_IGNORE_DISABLED_P2P=1.
ai-platform-wlf1-ge10-1:28433:28470 [0] NCCL INFO Could not enable P2P between dev 0(=1000) and dev 1(=24000)
ai-platform-wlf1-ge10-1:28435:28473 [2] NCCL INFO Channel 03 : 2[81000] -> 3[e1000] via SHM/direct/direct
ai-platform-wlf1-ge10-1:28434:28472 [1] NCCL INFO Channel 01 : 1[24000] -> 2[81000] via SHM/direct/direct
ai-platform-wlf1-ge10-1:28434:28472 [1] NCCL INFO Could not enable P2P between dev 1(=24000) and dev 2(=81000)
ai-platform-wlf1-ge10-1:28442:28471 [3] NCCL INFO Channel 01 : 3[e1000] -> 0[1000] via SHM/direct/direct
ai-platform-wlf1-ge10-1:28442:28471 [3] NCCL INFO Could not enable P2P between dev 3(=e1000) and dev 0(=1000)
ai-platform-wlf1-ge10-1:28433:28470 [0] NCCL INFO Channel 02 : 0[1000] -> 1[24000] via SHM/direct/direct
ai-platform-wlf1-ge10-1:28433:28470 [0] NCCL INFO P2P is disabled between connected GPUs 0 and 1. You can repress this message with NCCL_IGNORE_DISABLED_P2P=1.
ai-platform-wlf1-ge10-1:28433:28470 [0] NCCL INFO Could not enable P2P between dev 0(=1000) and dev 1(=24000)
ai-platform-wlf1-ge10-1:28434:28472 [1] NCCL INFO Channel 02 : 1[24000] -> 2[81000] via SHM/direct/direct
ai-platform-wlf1-ge10-1:28434:28472 [1] NCCL INFO Could not enable P2P between dev 1(=24000) and dev 2(=81000)
ai-platform-wlf1-ge10-1:28442:28471 [3] NCCL INFO Channel 02 : 3[e1000] -> 0[1000] via SHM/direct/direct
ai-platform-wlf1-ge10-1:28442:28471 [3] NCCL INFO Could not enable P2P between dev 3(=e1000) and dev 0(=1000)
ai-platform-wlf1-ge10-1:28433:28470 [0] NCCL INFO Channel 03 : 0[1000] -> 1[24000] via SHM/direct/direct
ai-platform-wlf1-ge10-1:28434:28472 [1] NCCL INFO Channel 03 : 1[24000] -> 2[81000] via SHM/direct/direct
ai-platform-wlf1-ge10-1:28442:28471 [3] NCCL INFO Channel 03 : 3[e1000] -> 0[1000] via SHM/direct/direct
ai-platform-wlf1-ge10-1:28435:28473 [2] NCCL INFO Connected all rings
ai-platform-wlf1-ge10-1:28435:28473 [2] NCCL INFO P2P is disabled between connected GPUs 2 and 3. You can repress this message with NCCL_IGNORE_DISABLED_P2P=1.
ai-platform-wlf1-ge10-1:28435:28473 [2] NCCL INFO Could not enable P2P between dev 2(=81000) and dev 3(=e1000)
ai-platform-wlf1-ge10-1:28433:28470 [0] NCCL INFO Connected all rings
ai-platform-wlf1-ge10-1:28433:28470 [0] NCCL INFO P2P is disabled between connected GPUs 0 and 1. You can repress this message with NCCL_IGNORE_DISABLED_P2P=1.
ai-platform-wlf1-ge10-1:28433:28470 [0] NCCL INFO Could not enable P2P between dev 0(=1000) and dev 1(=24000)
ai-platform-wlf1-ge10-1:28434:28472 [1] NCCL INFO Connected all rings
ai-platform-wlf1-ge10-1:28434:28472 [1] NCCL INFO Could not enable P2P between dev 1(=24000) and dev 2(=81000)
ai-platform-wlf1-ge10-1:28442:28471 [3] NCCL INFO Connected all rings
ai-platform-wlf1-ge10-1:28442:28471 [3] NCCL INFO P2P is disabled between connected GPUs 3 and 2. You can repress this message with NCCL_IGNORE_DISABLED_P2P=1.
ai-platform-wlf1-ge10-1:28442:28471 [3] NCCL INFO Could not enable P2P between dev 3(=e1000) and dev 2(=81000)
ai-platform-wlf1-ge10-1:28442:28471 [3] NCCL INFO Channel 00 : 3[e1000] -> 2[81000] via SHM/direct/direct
ai-platform-wlf1-ge10-1:28442:28471 [3] NCCL INFO P2P is disabled between connected GPUs 3 and 2. You can repress this message with NCCL_IGNORE_DISABLED_P2P=1.
ai-platform-wlf1-ge10-1:28442:28471 [3] NCCL INFO Could not enable P2P between dev 3(=e1000) and dev 2(=81000)
ai-platform-wlf1-ge10-1:28442:28471 [3] NCCL INFO Channel 01 : 3[e1000] -> 2[81000] via SHM/direct/direct
ai-platform-wlf1-ge10-1:28442:28471 [3] NCCL INFO P2P is disabled between connected GPUs 3 and 2. You can repress this message with NCCL_IGNORE_DISABLED_P2P=1.
ai-platform-wlf1-ge10-1:28442:28471 [3] NCCL INFO Could not enable P2P between dev 3(=e1000) and dev 2(=81000)
ai-platform-wlf1-ge10-1:28442:28471 [3] NCCL INFO Channel 02 : 3[e1000] -> 2[81000] via SHM/direct/direct
ai-platform-wlf1-ge10-1:28442:28471 [3] NCCL INFO P2P is disabled between connected GPUs 3 and 2. You can repress this message with NCCL_IGNORE_DISABLED_P2P=1.
ai-platform-wlf1-ge10-1:28442:28471 [3] NCCL INFO Could not enable P2P between dev 3(=e1000) and dev 2(=81000)
ai-platform-wlf1-ge10-1:28442:28471 [3] NCCL INFO Channel 03 : 3[e1000] -> 2[81000] via SHM/direct/direct
ai-platform-wlf1-ge10-1:28435:28473 [2] NCCL INFO P2P is disabled between connected GPUs 2 and 3. You can repress this message with NCCL_IGNORE_DISABLED_P2P=1.
ai-platform-wlf1-ge10-1:28435:28473 [2] NCCL INFO Could not enable P2P between dev 2(=81000) and dev 3(=e1000)
ai-platform-wlf1-ge10-1:28433:28470 [0] NCCL INFO P2P is disabled between connected GPUs 0 and 1. You can repress this message with NCCL_IGNORE_DISABLED_P2P=1.
ai-platform-wlf1-ge10-1:28433:28470 [0] NCCL INFO Could not enable P2P between dev 0(=1000) and dev 1(=24000)
ai-platform-wlf1-ge10-1:28434:28472 [1] NCCL INFO Could not enable P2P between dev 1(=24000) and dev 2(=81000)
ai-platform-wlf1-ge10-1:28435:28473 [2] NCCL INFO P2P is disabled between connected GPUs 2 and 3. You can repress this message with NCCL_IGNORE_DISABLED_P2P=1.
ai-platform-wlf1-ge10-1:28435:28473 [2] NCCL INFO Could not enable P2P between dev 2(=81000) and dev 3(=e1000)
ai-platform-wlf1-ge10-1:28433:28470 [0] NCCL INFO P2P is disabled between connected GPUs 0 and 1. You can repress this message with NCCL_IGNORE_DISABLED_P2P=1.
ai-platform-wlf1-ge10-1:28433:28470 [0] NCCL INFO Could not enable P2P between dev 0(=1000) and dev 1(=24000)
ai-platform-wlf1-ge10-1:28434:28472 [1] NCCL INFO Could not enable P2P between dev 1(=24000) and dev 2(=81000)
ai-platform-wlf1-ge10-1:28435:28473 [2] NCCL INFO P2P is disabled between connected GPUs 2 and 3. You can repress this message with NCCL_IGNORE_DISABLED_P2P=1.
ai-platform-wlf1-ge10-1:28435:28473 [2] NCCL INFO Could not enable P2P between dev 2(=81000) and dev 3(=e1000)
ai-platform-wlf1-ge10-1:28433:28470 [0] NCCL INFO P2P is disabled between connected GPUs 0 and 1. You can repress this message with NCCL_IGNORE_DISABLED_P2P=1.
ai-platform-wlf1-ge10-1:28433:28470 [0] NCCL INFO Could not enable P2P between dev 0(=1000) and dev 1(=24000)
ai-platform-wlf1-ge10-1:28434:28472 [1] NCCL INFO Could not enable P2P between dev 1(=24000) and dev 2(=81000)
ai-platform-wlf1-ge10-1:28435:28473 [2] NCCL INFO Could not enable P2P between dev 2(=81000) and dev 1(=24000)
ai-platform-wlf1-ge10-1:28435:28473 [2] NCCL INFO Channel 00 : 2[81000] -> 1[24000] via SHM/direct/direct
ai-platform-wlf1-ge10-1:28435:28473 [2] NCCL INFO Could not enable P2P between dev 2(=81000) and dev 1(=24000)
ai-platform-wlf1-ge10-1:28435:28473 [2] NCCL INFO Channel 01 : 2[81000] -> 1[24000] via SHM/direct/direct
ai-platform-wlf1-ge10-1:28435:28473 [2] NCCL INFO Could not enable P2P between dev 2(=81000) and dev 1(=24000)
ai-platform-wlf1-ge10-1:28435:28473 [2] NCCL INFO Channel 02 : 2[81000] -> 1[24000] via SHM/direct/direct
ai-platform-wlf1-ge10-1:28435:28473 [2] NCCL INFO Could not enable P2P between dev 2(=81000) and dev 1(=24000)
ai-platform-wlf1-ge10-1:28435:28473 [2] NCCL INFO Channel 03 : 2[81000] -> 1[24000] via SHM/direct/direct
ai-platform-wlf1-ge10-1:28434:28472 [1] NCCL INFO P2P is disabled between connected GPUs 1 and 0. You can repress this message with NCCL_IGNORE_DISABLED_P2P=1.
ai-platform-wlf1-ge10-1:28434:28472 [1] NCCL INFO Could not enable P2P between dev 1(=24000) and dev 0(=1000)
ai-platform-wlf1-ge10-1:28434:28472 [1] NCCL INFO Channel 00 : 1[24000] -> 0[1000] via SHM/direct/direct
ai-platform-wlf1-ge10-1:28434:28472 [1] NCCL INFO P2P is disabled between connected GPUs 1 and 0. You can repress this message with NCCL_IGNORE_DISABLED_P2P=1.
ai-platform-wlf1-ge10-1:28434:28472 [1] NCCL INFO Could not enable P2P between dev 1(=24000) and dev 0(=1000)
ai-platform-wlf1-ge10-1:28434:28472 [1] NCCL INFO Channel 01 : 1[24000] -> 0[1000] via SHM/direct/direct
ai-platform-wlf1-ge10-1:28434:28472 [1] NCCL INFO P2P is disabled between connected GPUs 1 and 0. You can repress this message with NCCL_IGNORE_DISABLED_P2P=1.
ai-platform-wlf1-ge10-1:28434:28472 [1] NCCL INFO Could not enable P2P between dev 1(=24000) and dev 0(=1000)
ai-platform-wlf1-ge10-1:28434:28472 [1] NCCL INFO Channel 02 : 1[24000] -> 0[1000] via SHM/direct/direct
ai-platform-wlf1-ge10-1:28434:28472 [1] NCCL INFO P2P is disabled between connected GPUs 1 and 0. You can repress this message with NCCL_IGNORE_DISABLED_P2P=1.
ai-platform-wlf1-ge10-1:28434:28472 [1] NCCL INFO Could not enable P2P between dev 1(=24000) and dev 0(=1000)
ai-platform-wlf1-ge10-1:28434:28472 [1] NCCL INFO Channel 03 : 1[24000] -> 0[1000] via SHM/direct/direct
ai-platform-wlf1-ge10-1:28433:28470 [0] NCCL INFO Connected all trees
ai-platform-wlf1-ge10-1:28433:28470 [0] NCCL INFO threadThresholds 8/8/64 | 32/8/64 | 512 | 512
ai-platform-wlf1-ge10-1:28433:28470 [0] NCCL INFO 4 coll channels, 4 p2p channels, 2 p2p channels per peer
ai-platform-wlf1-ge10-1:28442:28471 [3] NCCL INFO Connected all trees
ai-platform-wlf1-ge10-1:28442:28471 [3] NCCL INFO threadThresholds 8/8/64 | 32/8/64 | 512 | 512
ai-platform-wlf1-ge10-1:28442:28471 [3] NCCL INFO 4 coll channels, 4 p2p channels, 2 p2p channels per peer
ai-platform-wlf1-ge10-1:28434:28472 [1] NCCL INFO Connected all trees
ai-platform-wlf1-ge10-1:28434:28472 [1] NCCL INFO threadThresholds 8/8/64 | 32/8/64 | 512 | 512
ai-platform-wlf1-ge10-1:28434:28472 [1] NCCL INFO 4 coll channels, 4 p2p channels, 2 p2p channels per peer
ai-platform-wlf1-ge10-1:28435:28473 [2] NCCL INFO Connected all trees
ai-platform-wlf1-ge10-1:28435:28473 [2] NCCL INFO threadThresholds 8/8/64 | 32/8/64 | 512 | 512
ai-platform-wlf1-ge10-1:28435:28473 [2] NCCL INFO 4 coll channels, 4 p2p channels, 2 p2p channels per peer
ai-platform-wlf1-ge10-1:28433:28470 [0] NCCL INFO comm 0x43f0f940 rank 0 nranks 4 cudaDev 0 busId 1000 - Init COMPLETE
ai-platform-wlf1-ge10-1:28434:28472 [1] NCCL INFO comm 0x42081000 rank 1 nranks 4 cudaDev 1 busId 24000 - Init COMPLETE
ai-platform-wlf1-ge10-1:28442:28471 [3] NCCL INFO comm 0x42b8a0e0 rank 3 nranks 4 cudaDev 3 busId e1000 - Init COMPLETE
ai-platform-wlf1-ge10-1:28435:28473 [2] NCCL INFO comm 0x420483b0 rank 2 nranks 4 cudaDev 2 busId 81000 - Init COMPLETE
The tokenizer class you load from this checkpoint is not the same type as the class this function is called from. It may result in unexpected tokenization. 
The tokenizer class you load from this checkpoint is 'XLMRobertaTokenizer'. 
The class this function is called from is 'LayoutLMv3Tokenizer_cn'.
The tokenizer class you load from this checkpoint is not the same type as the class this function is called from. It may result in unexpected tokenization. 
The tokenizer class you load from this checkpoint is 'XLMRobertaTokenizer'. 
The class this function is called from is 'LayoutLMv3Tokenizer_cn'.
The tokenizer class you load from this checkpoint is not the same type as the class this function is called from. It may result in unexpected tokenization. 
The tokenizer class you load from this checkpoint is 'XLMRobertaTokenizer'. 
The class this function is called from is 'LayoutLMv3Tokenizer_cn'.
The tokenizer class you load from this checkpoint is not the same type as the class this function is called from. It may result in unexpected tokenization. 
The tokenizer class you load from this checkpoint is 'XLMRobertaTokenizer'. 
The class this function is called from is 'LayoutLMv3Tokenizer_cn'.
Missing keys:  ['model.mask_token', 'HeadForMLM.bias', 'HeadForMLM.dense.weight', 'HeadForMLM.dense.bias', 'HeadForMLM.LayerNorm.weight', 'HeadForMLM.LayerNorm.bias', 'HeadForMLM.decoder.weight', 'HeadForMLM.decoder.bias', 'HeadForMIM.bias', 'HeadForMIM.dense.weight', 'HeadForMIM.dense.bias', 'HeadForMIM.LayerNorm.weight', 'HeadForMIM.LayerNorm.bias', 'HeadForMIM.decoder.weight', 'HeadForMIM.decoder.bias', 'HeadForWPA.bias', 'HeadForWPA.dense.weight', 'HeadForWPA.dense.bias', 'HeadForWPA.LayerNorm.weight', 'HeadForWPA.LayerNorm.bias', 'HeadForWPA.decoder.weight', 'HeadForWPA.decoder.bias']
Unexpected keys:  []
